0.0,10594
0.005006074905395508,10611
0.005006074905395508,11408
0.006602764129638672,12024
0.021123647689819336,12807
0.021123647689819336,13055
0.021123647689819336,13894
0.042557716369628906,14448
0.060146331787109375,14539
0.060146331787109375,14855
0.060146331787109375,15755
0.060146331787109375,16686
0.0712742805480957,16746
0.0712742805480957,17595
0.13184809684753418,17835
0.13184809684753418,18359
0.13184809684753418,18844
0.13184809684753418,19321
0.13184809684753418,20091
0.19551634788513184,20674
0.21114134788513184,20728
0.21114134788513184,21516
0.21114134788513184,22463
0.22676634788513184,22980
0.22844362258911133,23276
0.22844362258911133,23956
0.22844362258911133,24707
0.2424612045288086,25565
0.2606520652770996,25585
0.2606520652770996,25721
0.27834320068359375,26580
0.27834320068359375,27125
0.29254627227783203,27391
0.29254627227783203,28322
0.29254627227783203,28533
0.29254627227783203,28540
0.3060634136199951,29136
0.3060634136199951,29184
0.3232443332672119,29191
0.3239908218383789,29840
0.3408796787261963,29980
0.3408796787261963,30038
0.3408796787261963,30886
0.3533966541290283,31808
0.35941505432128906,31896
0.35941505432128906,32524
0.3710613250732422,32745
0.3710613250732422,33299
0.3896477222442627,33525
0.3896477222442627,33662
0.4032111167907715,34484
0.4032111167907715,34913
0.41722798347473145,35261
0.41722798347473145,35552
0.4484987258911133,35785
0.4484987258911133,36258
0.4484987258911133,36271
0.4484987258911133,36677
0.4484987258911133,37222
0.4595160484313965,38035
0.4595160484313965,38054
0.4645345211029053,38246
0.4645345211029053,38541
0.4645345211029053,39243
0.4645345211029053,39696
0.5462691783905029,39949
0.5462691783905029,40173
0.5462691783905029,40405
0.5462691783905029,41294
0.5462691783905029,42042
0.5757312774658203,42453
0.597804069519043,42679
0.597804069519043,42810
0.597804069519043,42892
0.6068215370178223,43110
0.6068215370178223,43401
0.6224672794342041,43503
0.6224672794342041,43629
0.6701481342315674,43779
0.6712794303894043,44208
0.6712794303894043,44269
0.6712794303894043,44872
0.6712794303894043,45186
0.6712794303894043,45780
0.6712794303894043,46691
0.6857986450195312,47645
0.7014446258544922,48385
0.717766284942627,49171
0.717766284942627,49316
0.7331032752990723,49350
0.7331032752990723,49812
0.7331032752990723,49869
0.7488057613372803,50149
0.7598235607147217,50390
0.7648420333862305,51089
0.7826588153839111,51480
0.7826588153839111,51693
0.7826588153839111,51907
0.7961757183074951,52176
0.7991800308227539,52900
0.7991800308227539,53714
0.8121969699859619,53728
0.8121969699859619,53976
0.8298904895782471,54540
0.8439075946807861,54670
0.8439075946807861,55654
0.8439075946807861,56342
0.8756706714630127,56742
1.4935860633850098,57131
1.5248558521270752,57317
1.540480613708496,57358
1.540480613708496,58149
1.540480613708496,59071
1.56209397315979,59796
1.56209397315979,59991
1.5740957260131836,60046
1.5740957260131836,60308
1.5901682376861572,60590
1.5901682376861572,61426
1.5901682376861572,61830
1.5901682376861572,62537
1.5901682376861572,62617
1.5901682376861572,63521
2.392540693283081,63703
2.409663677215576,63722
2.409663677215576,64653
2.4241812229156494,64892
2.4398252964019775,65377
2.4554502964019775,65910
2.487130880355835,65955
2.487130880355835,66213
2.504833459854126,66614
2.507626533508301,66838
2.5208792686462402,67155
2.5208792686462402,67273
2.5208792686462402,67936
2.6290931701660156,68286
2.6447184085845947,68431
2.6763548851013184,68954
2.6763548851013184,69883
2.6763548851013184,69920
2.723727226257324,70642
2.723727226257324,70733
2.723727226257324,70991
2.7866263389587402,71544
4.1707258224487305,71846
4.1707258224487305,72066
4.1707258224487305,72621
4.186368703842163,72788
4.217816114425659,72970
4.217816114425659,73107
4.217816114425659,74091
4.28152060508728,74670
4.28152060508728,74956
6.6141252517700195,75238
6.6141252517700195,75274
6.626022577285767,75411
7.098224401473999,75736
7.10476541519165,75868
7.1186041831970215,76070
7.1186041831970215,76302
7.1186041831970215,76394
7.18107795715332,76892
7.18107795715332,77461
7.21059775352478,77718
7.21059775352478,78334
7.227157831192017,78711
7.227157831192017,79123
7.351942300796509,79295
7.446404933929443,79657
7.493206262588501,79908
7.509219408035278,79925
7.509219408035278,80167
7.542449712753296,80251
7.542449712753296,80567
7.556163311004639,81163
7.557725667953491,81175
7.572085380554199,81212
7.572085380554199,81216
7.572085380554199,81773
7.660285711288452,81868
7.660285711288452,81995
7.667800426483154,82132
7.667800426483154,82426
7.716582775115967,82454
7.716582775115967,82696
7.733094215393066,82888
9.518503189086914,83084
9.534597396850586,83213
9.53616976737976,83838
9.646733522415161,84011
9.674672842025757,84197
10.169361114501953,84642
10.618727445602417,85125
10.618727445602417,85427
10.646413087844849,85432
10.669346332550049,85799
10.687627792358398,85802
10.687627792358398,86526
10.687627792358398,86817
10.703261852264404,87386
10.767848253250122,87721
10.814118385314941,87794
10.829744338989258,87922
10.973210334777832,88501
11.889453649520874,89163
11.92015027999878,89738
11.92015027999878,89850
11.92015027999878,90294
11.949787616729736,90489
11.966560363769531,90791
11.981339931488037,91046
11.981339931488037,91058
11.99697232246399,91149
11.99697232246399,91176
12.160335302352905,91293
12.18862795829773,91377
12.257664442062378,91992
12.314400672912598,92090
12.328906297683716,92416
12.346931219100952,92489
12.346931219100952,93046
12.376542568206787,93081
12.376542568206787,93811
12.376542568206787,94035
12.376542568206787,94119
12.39217472076416,94437
12.444990158081055,94592
12.444990158081055,94812
12.455496072769165,94839
12.473462581634521,95100
14.015315055847168,95321
14.188499927520752,95583
14.188499927520752,95610
14.223155975341797,95772
14.223675966262817,96413
14.25133752822876,96785
14.25133752822876,97302
14.298943996429443,97392
14.31915807723999,97682
14.475979089736938,98480
14.488996505737305,98657
14.55178713798523,98699
14.567431688308716,98894
14.913951396942139,98949
14.946220397949219,99600
14.977039098739624,99820
15.701508522033691,100203
15.701508522033691,100427
15.7323317527771,100645
16.988628387451172,100670
17.02036714553833,101099
17.366318225860596,101316
17.382335901260376,101935
17.61786127090454,102107
17.633486032485962,102116
18.607807636260986,102210
19.000343322753906,102274
19.687036752700806,102278
19.753073692321777,102478
19.768718242645264,102545
19.989153146743774,102657
20.366411209106445,102683
20.60270118713379,102995
20.618346452713013,103213
22.400781393051147,103243
