0.0,5832
0.0,5961
0.0,6068
0.0,6178
0.015017509460449219,6179
0.015017509460449219,6284
0.030663251876831055,6382
0.030663251876831055,6426
0.030663251876831055,6672
0.05030655860900879,6698
0.05030655860900879,6822
0.05030655860900879,6985
0.06269454956054688,6986
0.07998275756835938,7083
0.07998275756835938,7144
0.07998275756835938,7335
0.07998275756835938,7514
0.07998275756835938,7647
0.07998275756835938,7766
0.09399986267089844,7877
0.10964441299438477,7988
0.10964441299438477,8062
0.12525653839111328,8179
0.12525653839111328,8286
0.14088106155395508,8377
0.14088106155395508,8480
0.15038752555847168,8487
0.1568915843963623,8581
0.1568915843963623,8627
0.1568915843963623,8736
0.17252206802368164,8867
0.17252206802368164,8880
0.2666745185852051,8924
0.2666745185852051,8955
0.2666745185852051,9036
0.2666745185852051,9054
0.28229784965515137,9177
0.2984275817871094,9185
0.2984275817871094,9267
0.2984275817871094,9384
0.3140604496002197,9386
0.37900686264038086,9389
0.37900686264038086,9393
0.37900686264038086,9538
0.37900686264038086,9688
0.39301156997680664,9712
0.39301156997680664,9860
0.39301156997680664,9969
0.39301156997680664,10076
0.4559035301208496,10168
0.47153568267822266,10190
0.47153568267822266,10221
0.48716020584106445,10243
0.48716020584106445,10307
0.48716020584106445,10366
0.5027852058410645,10387
0.7401101589202881,10409
0.7401101589202881,10631
0.7401101589202881,10669
0.880582332611084,10678
0.8962147235870361,10741
0.8962147235870361,10779
0.9447054862976074,10780
0.9447054862976074,10784
1.3226854801177979,10786
1.3226854801177979,10879
1.7311861515045166,10884
1.7311861515045166,10890
1.8579599857330322,10988
2.030430555343628,11075
2.030430555343628,11178
2.030430555343628,11290
3.0510056018829346,11380
3.0510056018829346,11385
3.0570085048675537,11461
3.0570085048675537,11575
3.067011833190918,11640
3.067011833190918,11749
3.067011833190918,11818
7.8527772426605225,11888
9.66841983795166,11990
9.806527853012085,12072
9.812692642211914,12075
9.81370997428894,12087
9.814733266830444,12252
9.818740844726562,12257
9.822617769241333,12378
9.824126958847046,12481
9.829105377197266,12575
9.918777465820312,12578
10.213305234909058,12587
11.37013578414917,12589
17.279412031173706,12690
