0.0,1778
0.0015039443969726562,2004
0.0015039443969726562,2887
0.0015039443969726562,3185
0.0015039443969726562,3767
0.0015039443969726562,3855
0.0070056915283203125,4854
0.0070056915283203125,5339
0.0070056915283203125,5791
0.0070056915283203125,6197
0.0070056915283203125,6476
0.0070056915283203125,7060
0.0070056915283203125,7331
0.0070056915283203125,7684
0.0070056915283203125,7898
0.0070056915283203125,7905
0.0070056915283203125,8767
0.0070056915283203125,8984
0.0070056915283203125,9219
0.0070056915283203125,10218
0.0070056915283203125,10807
0.0070056915283203125,11787
0.022637367248535156,11987
0.022637367248535156,12909
0.022637367248535156,13553
0.022637367248535156,14433
0.022637367248535156,15215
0.022637367248535156,15868
0.022637367248535156,16559
0.022637367248535156,17190
0.022637367248535156,17718
0.022637367248535156,17972
0.022637367248535156,18609
0.022637367248535156,19185
0.022637367248535156,19833
0.022637367248535156,20147
0.022637367248535156,20588
0.03826093673706055,21045
0.03826093673706055,21122
0.03826093673706055,21454
0.03826093673706055,21930
0.03826093673706055,22743
0.03826093673706055,23312
0.03826093673706055,24247
0.03826093673706055,24294
0.03826093673706055,24605
0.03826093673706055,24958
0.053885459899902344,25005
0.059021949768066406,25191
0.07737064361572266,25192
0.08298110961914062,25276
0.13845038414001465,25298
0.1746211051940918,25341
0.26215481758117676,25367
0.26315975189208984,25368
0.26715970039367676,25369
0.2849555015563965,25370
0.3776395320892334,25394
0.6325953006744385,25426
0.6415562629699707,25467
0.6752538681030273,25468
0.6771385669708252,25555
0.7284493446350098,25600
0.809157133102417,25647
2.2543623447418213,25669
2.270010471343994,25728
2.2840280532836914,25798
2.304056406021118,25814
2.304056406021118,25904
2.304056406021118,25905
2.315575122833252,26006
3.436452627182007,26063
3.436452627182007,26064
3.436452627182007,26152
3.6584627628326416,26173
3.674408435821533,26174
3.6884260177612305,26210
3.7061233520507812,26271
3.7061233520507812,26357
3.7217772006988525,26358
3.736198663711548,26395
3.7518436908721924,26403
3.7691800594329834,26483
3.8153131008148193,26511
3.8176560401916504,26623
3.847309112548828,26628
3.8802685737609863,26706
3.8947856426239014,26720
3.905303955078125,26730
3.914792537689209,26775
3.928722381591797,26894
3.9746041297912598,26963
3.9746041297912598,27004
3.9918606281280518,27005
4.026182651519775,27171
4.032948732376099,27283
4.053936719894409,27352
4.053936719894409,27497
12.733365297317505,27520
12.831986665725708,27530
12.858121156692505,27648
13.027005195617676,27725
14.923866987228394,27770
14.955641031265259,27828
15.060766696929932,27857
15.062289714813232,27858
15.122414588928223,27893
15.128724575042725,28009
15.424623966217041,28091
15.459639310836792,28197
15.483572006225586,28248
15.511360883712769,28259
15.524726629257202,28282
15.532159090042114,28395
15.603536128997803,28409
15.620123147964478,28515
16.19315791130066,28594
16.225131511688232,28650
16.225131511688232,28747
16.225131511688232,28748
16.256001710891724,28787
18.053713083267212,28854
18.067419290542603,28869
18.090890884399414,28915
19.144367218017578,28917
19.206429958343506,29031
19.295626878738403,29035
19.311781644821167,29059
19.414829969406128,29072
34.38994646072388,29080
34.71135354042053,29142
34.72180771827698,29190
34.743942737579346,29211
45.96041202545166,29289
45.98181939125061,29342
45.993464946746826,29380
46.06026744842529,29428
46.11844778060913,29482
46.13246989250183,29555
46.13347768783569,29675
46.16554617881775,29736
47.09412217140198,29820
47.10858178138733,29837
47.11676049232483,29852
47.124892234802246,29952
47.124892234802246,29953
47.155211210250854,30032
47.17529845237732,30163
47.612433195114136,30186
47.61793851852417,30202
52.17215847969055,30219
52.56907415390015,30294
52.763747215270996,30340
52.82443332672119,30445
52.92191243171692,30460
52.936208963394165,30491
52.96718978881836,30615
52.98155689239502,30663
52.98468637466431,30857
53.06280875205994,30870
53.291419506073,30889
53.29193925857544,30908
53.30637073516846,30958
53.322428703308105,30964
55.111961364746094,30996
60.23473620414734,31041
60.24205255508423,31132
60.39619278907776,31249
60.40454387664795,31274
60.41270709037781,31275
60.4206383228302,31276
60.4206383228302,31351
60.449362993240356,31451
60.449362993240356,31459
60.51259398460388,31501
63.35896706581116,31526
63.536330223083496,31628
63.55195689201355,31629
63.57245635986328,31630
63.57245635986328,31691
64.21409797668457,31752
64.28863096237183,31767
64.52114272117615,31787
64.55344557762146,31854
64.5892915725708,31855
66.83476543426514,31868
66.88455867767334,31887
66.89478325843811,31960
76.61497116088867,32013
76.69628643989563,32063
76.77728033065796,32078
76.81306004524231,32152
77.06730628013611,32171
77.06930446624756,32172
77.07130455970764,32199
77.15390157699585,32352
77.18923020362854,32427
77.23255729675293,32435
78.58532285690308,32436
78.95611000061035,32451
79.09408807754517,32485
79.10201072692871,32585
79.10943293571472,32611
79.43579602241516,32628
79.45689606666565,32639
79.61861872673035,32645
79.63853192329407,32704
79.68522906303406,32769
79.69930362701416,32802
79.9215042591095,32843
80.26264810562134,32851
80.40833187103271,32852
80.54016423225403,32870
80.5646321773529,32871
80.77599787712097,32955
81.00436854362488,32977
81.68113136291504,32989
81.92626452445984,33008
81.93417453765869,33032
82.01099228858948,33033
82.04647278785706,33111
82.05592489242554,33112
82.06025767326355,33113
82.1398196220398,33204
82.45165634155273,33307
82.60436058044434,33382
82.60851120948792,33383
83.23368287086487,33394
83.24931263923645,33420
83.46932554244995,33421
83.5821704864502,33422
83.71403384208679,33472
83.80487108230591,33484
83.82333827018738,33513
83.8526885509491,33665
84.10587000846863,33667
84.10587000846863,33779
84.22111487388611,33815
84.25571513175964,33818
84.34608101844788,33820
84.38106274604797,33878
84.38106274604797,33879
84.45866084098816,33889
84.527902841568,33890
84.53070425987244,33891
96.78202295303345,33910
96.88045597076416,33911
96.8908965587616,33924
96.96375393867493,33931
96.98641419410706,33932
97.01240849494934,33982
97.13573288917542,34057
97.47927689552307,34141
97.48607325553894,34142
97.7885434627533,34192
97.93913578987122,34258
99.18112444877625,34264
99.44865727424622,34266
99.51123547554016,34292
99.66397953033447,34356
99.66895031929016,34382
100.04063129425049,34434
100.19905233383179,34487
100.22080564498901,34495
100.41406655311584,34565
100.56267189979553,34608
104.22395586967468,34634
104.24456453323364,34635
104.63981866836548,34663
104.68469190597534,34715
104.68629431724548,34761
104.70733690261841,34807
105.26346731185913,34842
105.28042268753052,34923
105.28966403007507,34924
105.29523873329163,34925
105.85112285614014,34944
105.8863844871521,34984
105.90216898918152,34985
106.1186785697937,34987
106.24575757980347,35003
106.29757952690125,35119
106.42154574394226,35120
106.48992657661438,35121
114.11232209205627,35179
114.52880883216858,35262
114.53081917762756,35263
114.70404434204102,35269
114.75050354003906,35270
114.96246266365051,35271
115.01257181167603,35332
115.1744167804718,35333
115.53325033187866,35345
115.91529035568237,35426
115.96941113471985,35427
115.97825384140015,35428
115.98064112663269,35434
116.06913781166077,35435
116.4926266670227,35470
116.50664448738098,35488
116.5541980266571,35489
116.6327440738678,35546
116.85773277282715,35548
117.0056083202362,35559
122.6353325843811,35593
122.66697454452515,35594
123.69867491722107,35596
123.73003673553467,35597
123.76009225845337,35605
123.87019777297974,35616
124.52132558822632,35629
124.58741736412048,35630
124.74709963798523,35631
124.88398909568787,35666
129.77336025238037,35758
129.82230138778687,35772
129.8351752758026,35773
130.83730101585388,35790
131.06093049049377,35791
132.16483569145203,35827
132.1965732574463,35887
134.78245043754578,35930
135.28588557243347,35946
135.55997133255005,35954
136.23330211639404,35995
136.90960311889648,35998
137.26244807243347,36010
137.43907189369202,36046
137.4587152004242,36083
137.75356674194336,36099
157.92253875732422,36134
159.16535353660583,36141
159.21862316131592,36164
159.5172474384308,36190
159.71577835083008,36201
163.48742604255676,36274
163.55541968345642,36282
