0.0,3892
0.0,4077
0.0,4155
0.0,4430
0.010006904602050781,4629
0.010006904602050781,5504
0.010006904602050781,5780
0.010006904602050781,6385
0.010006904602050781,7201
0.010006904602050781,7756
0.010006904602050781,8041
0.010006904602050781,8603
0.025643110275268555,8733
0.025643110275268555,9339
0.025643110275268555,9955
0.025643110275268555,10702
0.025643110275268555,11409
0.025643110275268555,12182
0.025643110275268555,12245
0.041268348693847656,12287
0.041268348693847656,12593
0.041268348693847656,13582
0.041268348693847656,14123
0.041268348693847656,14329
0.041268348693847656,14871
0.041268348693847656,14920
0.041268348693847656,15318
0.05689239501953125,15478
0.05939984321594238,15676
0.05939984321594238,16362
0.06429290771484375,17168
0.06429290771484375,17869
0.06429290771484375,18574
0.06429290771484375,19510
0.07370758056640625,20335
0.07421183586120605,21140
0.07421183586120605,21589
0.07973313331604004,22400
0.07973313331604004,23275
0.07973313331604004,24153
0.07973313331604004,25029
0.07973313331604004,25783
0.08983397483825684,25856
0.08983397483825684,25969
0.08983397483825684,26073
0.09592461585998535,26919
0.09592461585998535,27577
0.09592461585998535,28088
0.09592461585998535,28949
0.10443544387817383,29307
0.10443544387817383,29494
0.10443544387817383,29632
0.10443544387817383,30413
0.10443544387817383,31281
0.10443544387817383,32007
0.10443544387817383,32019
0.11993885040283203,32549
0.11993885040283203,33440
0.11993885040283203,33514
0.11993885040283203,33543
0.11993885040283203,33989
0.11993885040283203,34680
0.11993885040283203,34789
0.13556885719299316,35173
0.13556885719299316,36166
0.13556885719299316,36626
0.13556885719299316,37285
0.13556885719299316,37421
0.13556885719299316,38225
0.13556885719299316,38486
0.15119481086730957,38878
0.15119481086730957,39722
0.15119481086730957,40581
0.15119481086730957,40670
0.15970063209533691,41351
0.15970063209533691,41808
0.15970063209533691,42308
0.15970063209533691,42388
0.1672043800354004,42535
0.1672043800354004,42629
0.1672043800354004,43005
0.1672043800354004,43810
0.18283510208129883,44176
0.18283510208129883,45117
0.18283510208129883,45371
0.18283510208129883,46111
0.18283510208129883,46591
0.19846010208129883,47275
0.21408510208129883,48049
0.24533462524414062,48761
0.287860631942749,49504
0.29286813735961914,49887
0.29286813735961914,50792
0.3520183563232422,51691
0.38765811920166016,52079
0.40328383445739746,52636
0.4194049835205078,53285
0.43503689765930176,54006
0.43503689765930176,54549
0.43503689765930176,55317
0.4823000431060791,55853
0.4979243278503418,56356
0.5448000431060791,57137
0.5603070259094238,57808
0.5919556617736816,58551
0.6604719161987305,58889
1.0801591873168945,58907
1.0801591873168945,58958
1.1270310878753662,59332
1.1742956638336182,59848
1.1742956638336182,60818
1.1742956638336182,61087
1.189929723739624,61201
1.2211780548095703,61763
1.4407212734222412,62160
1.5977699756622314,62183
1.5977699756622314,62911
1.6133949756622314,63865
1.6133949756622314,64723
1.6133949756622314,65086
1.6446449756622314,65312
1.7238173484802246,65675
1.7394490242004395,66328
1.755068302154541,67217
1.7867138385772705,67268
1.8492136001586914,67438
1.9121084213256836,67607
1.9433624744415283,67651
1.9433624744415283,68255
1.9589853286743164,68992
1.962493896484375,69111
1.9750022888183594,69373
1.9750022888183594,70351
1.9750022888183594,70377
1.990638017654419,71236
1.990638017654419,71968
2.0159783363342285,72155
2.0692813396453857,72350
2.0849125385284424,73201
2.0849125385284424,73531
2.3351845741271973,73601
2.3351845741271973,74346
2.350809335708618,74408
2.3668172359466553,74747
2.413832426071167,75227
2.429464817047119,75802
2.4632298946380615,76692
2.4632298946380615,77497
2.4632298946380615,77662
2.4767377376556396,78025
2.492373466491699,78059
2.5079987049102783,78265
2.586517810821533,78550
2.6021435260772705,78942
2.6021435260772705,79686
2.6021435260772705,79904
2.6177737712860107,80888
2.6177737712860107,81554
2.6490209102630615,82232
2.7921695709228516,82637
2.7921695709228516,83408
2.8093180656433105,83865
2.870368003845215,84128
2.9018361568450928,84311
2.9018361568450928,84971
2.9018361568450928,85168
2.933090925216675,85470
2.995979070663452,85618
3.137662410736084,85939
3.137662410736084,86660
3.15378475189209,87531
3.2164065837860107,87951
3.2164065837860107,88716
3.232036590576172,88789
3.263793468475342,89373
3.3465027809143066,89697
3.358248710632324,90399
3.384106159210205,91247
3.3912782669067383,92186
3.402128219604492,92793
3.4863648414611816,92964
3.8775105476379395,93324
3.8931429386138916,93992
3.8931429386138916,94207
3.8931429386138916,94243
3.908769369125366,94487
3.940019369125366,95215
3.940019369125366,96144
3.964657783508301,96830
4.006782531738281,97680
4.006782531738281,98345
4.006782531738281,98843
4.018792152404785,98957
4.050050497055054,99083
4.0660645961761475,99279
4.1288652420043945,99938
4.1288652420043945,100826
4.164628982543945,101567
4.164628982543945,102337
4.191836595535278,102712
4.191836595535278,103650
4.207469940185547,104233
4.223092079162598,105062
4.442619562149048,105243
4.442619562149048,105890
4.458245515823364,106629
4.465252637863159,107146
4.474259376525879,107706
4.50551700592041,107924
4.536767482757568,108233
4.584150314331055,108967
4.615407705307007,109218
4.631044387817383,109355
4.631044387817383,110125
4.646657228469849,110727
4.646657228469849,111150
4.709543466567993,111260
4.765422344207764,111337
4.772428512573242,111356
4.850561857223511,111589
4.887539863586426,112125
4.926337480545044,112674
4.960705518722534,113437
4.970257043838501,113521
5.330846309661865,114321
5.346472263336182,115168
5.409365892410278,115436
5.47390604019165,115606
5.47390604019165,116261
5.48791241645813,116695
5.48791241645813,117598
5.5504209995269775,118100
5.5504209995269775,118642
5.5504209995269775,119458
5.5504209995269775,120400
5.566551923751831,120889
5.597788095474243,120898
5.629043340682983,121529
5.666799068450928,122059
5.740518808364868,122349
6.086522102355957,122881
6.180655241012573,123515
6.3377625942230225,123730
6.3377625942230225,124452
6.369396448135376,124676
6.369396448135376,125663
6.385025262832642,125945
6.385025262832642,126244
6.385025262832642,126248
6.4006500244140625,126651
6.423630714416504,126801
6.431617736816406,127516
6.431617736816406,128254
6.447314500808716,128868
6.527194499969482,128900
6.5428266525268555,129125
6.652588129043579,129146
6.67279052734375,129989
6.684100151062012,130981
6.699734210968018,131683
6.707337141036987,132466
6.89180326461792,132490
6.921762704849243,133478
7.006939888000488,133585
7.022578716278076,134347
7.16459059715271,134371
7.196232557296753,134710
7.211857557296753,135197
7.211857557296753,135347
7.399905681610107,135583
7.462402820587158,136573
7.494044542312622,137012
7.525294303894043,137044
7.526463270187378,137279
7.540971994400024,137657
7.588245630264282,137895
7.682380676269531,138282
7.713638067245483,138316
7.729264736175537,139187
7.776522636413574,139482
7.854652166366577,139789
7.869657754898071,139963
7.8862903118133545,140768
7.933166027069092,141180
7.948791027069092,141400
7.948791027069092,141612
7.964415550231934,141680
7.980424642562866,141755
8.074564695358276,141973
8.153077125549316,142473
8.247216939926147,142983
8.27034854888916,143103
8.27034854888916,143504
8.27034854888916,143692
8.325735807418823,143877
8.325735807418823,143969
8.342452049255371,144156
8.375351667404175,144351
8.406756162643433,145264
8.611661434173584,145913
8.6407949924469,146019
8.6407949924469,146434
8.750578880310059,147130
8.771224021911621,147358
8.892011642456055,147558
8.986149549484253,147689
9.033030986785889,147723
9.080291271209717,147985
9.252566576004028,148233
9.252566576004028,148371
9.372223377227783,148428
9.378727674484253,148818
9.378727674484253,149574
9.409983396530151,150437
9.44137454032898,151004
9.629467964172363,151282
9.676465511322021,151757
9.69210147857666,152547
9.77274203300476,152868
9.818007230758667,152933
9.927664518356323,153276
9.990658521652222,153544
10.634559392929077,154396
10.634559392929077,155377
10.634559392929077,155775
10.650171995162964,156114
10.665809154510498,156931
10.713117837905884,157058
10.74461054801941,157104
10.791910648345947,157727
10.791910648345947,157920
10.823379755020142,158145
10.888166904449463,159096
10.904490232467651,159686
10.918507099151611,159736
10.92140245437622,159894
10.92140245437622,160077
10.92140245437622,160636
10.934420108795166,161274
10.973936796188354,161792
10.981455326080322,162301
10.981455326080322,162363
11.012725591659546,162474
11.028350353240967,162599
11.043975353240967,162604
11.091426372528076,163433
11.138308048248291,163477
11.232460021972656,163781
11.594234228134155,164039
11.625484466552734,164701
11.657240390777588,165122
11.68875789642334,165942
11.720013856887817,166049
11.735639095306396,166385
11.735639095306396,166406
11.95535659790039,166447
11.95535659790039,167088
11.976915836334229,167229
12.117984056472778,167588
12.133610963821411,167981
12.149237155914307,168006
12.164860725402832,168190
12.182536840438843,168307
12.375553846359253,168655
12.417478322982788,168836
12.41799807548523,169318
12.55746865272522,169548
12.577126026153564,170084
12.63628339767456,170393
12.699171543121338,171307
12.779804229736328,171733
12.809439420700073,172197
12.825064897537231,173083
13.123585939407349,173591
13.176981210708618,174128
13.188225269317627,174324
13.202242851257324,174451
13.34373664855957,175043
13.611489057540894,175726
13.752861022949219,176401
13.893770217895508,176457
13.911627769470215,176989
13.911627769470215,177976
13.925071239471436,178742
14.278903722763062,178914
14.381548881530762,179126
14.428429365158081,180032
14.45967960357666,180296
14.479310512542725,181039
14.49131464958191,181620
14.522570371627808,182228
14.553820848464966,182456
14.601089239120483,182963
14.647964715957642,183594
14.804996967315674,184039
14.820622205734253,184168
14.961642742156982,184582
15.024533748626709,184812
15.244459629058838,184999
15.244459629058838,185772
15.291722059249878,186303
15.291722059249878,187245
15.309821367263794,187670
15.43316650390625,187783
15.511687517166138,188063
15.511687517166138,188342
15.527312278747559,188892
15.55856204032898,188984
15.5741868019104,189432
15.590200901031494,189723
15.590200901031494,190387
15.762475967407227,190810
15.781610012054443,191418
16.128854274749756,191581
16.130921602249146,192149
16.209575176239014,192199
16.230597019195557,192433
16.272664070129395,192619
16.423232078552246,192975
16.71223473548889,193133
16.728395462036133,193734
16.731398820877075,194532
16.73538827896118,195361
16.82692575454712,195558
16.858909130096436,195579
16.92524814605713,195883
16.92524814605713,196636
16.938509941101074,197257
17.041390657424927,197292
17.214624881744385,197349
17.230250120162964,197384
17.689061164855957,197671
17.838802576065063,197861
18.15694522857666,197947
18.219840049743652,198465
18.251090049743652,198759
18.251090049743652,199150
18.32910180091858,199455
18.48674249649048,200111
18.533926963806152,200466
18.56518292427063,201302
18.690955638885498,201401
18.690955638885498,202042
18.690955638885498,202393
18.832422018051147,202846
18.8480544090271,203756
19.18332266807556,204466
19.18332266807556,205146
19.359894514083862,205670
19.677478075027466,206264
19.693490028381348,206974
19.921327829360962,207095
19.936952352523804,207552
20.203633546829224,207856
20.284765481948853,208539
20.37641930580139,209287
20.409716606140137,209782
20.42423439025879,210075
20.441490650177002,210202
20.534903287887573,210764
20.802945852279663,210776
21.305235862731934,210926
21.305235862731934,211336
21.305235862731934,211389
21.32085943222046,212067
21.32085943222046,212419
21.352110147476196,212465
21.386364221572876,212854
21.414997100830078,213135
21.556009769439697,213166
21.729798078536987,213607
21.745421648025513,214312
21.745421648025513,214802
22.04365062713623,215409
22.406020164489746,215940
22.86066770553589,215970
22.86066770553589,216185
22.970823287963867,216457
23.143478631973267,216948
23.17660117149353,217034
23.207419633865356,217334
23.268860340118408,217598
23.284886360168457,217654
23.289392471313477,218215
23.30089807510376,218899
24.150304794311523,219151
24.245513439178467,219271
24.245513439178467,219306
24.2928204536438,219346
24.324090480804443,219832
24.339715480804443,220706
24.37339758872986,221227
24.66927146911621,221700
24.732166290283203,221820
25.015169858932495,222031
25.10933017730713,222076
25.10933017730713,222179
25.12495470046997,222667
25.36052680015564,223284
25.630058526992798,223548
26.258255004882812,223786
26.28791832923889,224262
26.594456911087036,224306
26.62022590637207,224465
26.659416437149048,224684
26.783724069595337,225068
26.808886766433716,225658
27.0757417678833,225850
27.295779943466187,226193
27.800236225128174,226291
27.84712028503418,226317
27.84712028503418,227115
27.862749814987183,227374
27.862749814987183,228136
27.862749814987183,229111
27.897005319595337,229259
27.92239022254944,229659
28.051499843597412,229865
28.13020968437195,230285
28.210871696472168,231055
29.277984380722046,231149
29.325276136398315,231280
29.361947774887085,231946
29.468072414398193,232845
29.512561082839966,233117
29.51557469367981,233964
29.557113647460938,234243
29.563618421554565,234884
29.57701826095581,235667
29.643712043762207,235890
29.665514945983887,236418
29.665514945983887,236561
29.675018310546875,237099
29.6887149810791,237570
29.872278690338135,237581
29.892955541610718,238161
30.029999256134033,238847
30.040844917297363,239301
30.08352541923523,239402
30.10856056213379,240307
30.255595207214355,240796
30.288280725479126,241403
30.302839994430542,241614
30.328579902648926,242388
30.345444679260254,242408
30.392226934432983,242843
30.45895767211914,243822
30.696656703948975,244628
30.85521936416626,244869
30.877384901046753,245334
30.877384901046753,245592
30.893011808395386,245714
30.95594620704651,245923
30.96572780609131,246093
30.985013723373413,246624
31.014829635620117,247192
31.081944227218628,247433
31.23404836654663,247715
31.34807586669922,247785
31.381280183792114,248282
31.61495852470398,248480
31.63058352470398,249245
32.147103786468506,249599
32.15010452270508,249658
32.65098834037781,249957
32.68485903739929,250886
32.91916608810425,251182
32.93479108810425,251799
33.060410499572754,251902
33.10766863822937,252642
33.12329840660095,252826
35.104411602020264,253210
35.13504409790039,253474
35.22918224334717,253521
35.26043128967285,253624
35.405158281326294,254082
35.41767692565918,254246
35.41767692565918,254288
35.41767692565918,254971
35.464571714401245,255640
35.50534129142761,256554
35.57436728477478,256776
35.58999276161194,257010
36.752750396728516,257341
36.768375396728516,257470
36.832881927490234,257703
36.851306200027466,257898
37.08748412132263,258637
37.13448786735535,258806
38.06119346618652,258853
38.06119346618652,258982
38.21862244606018,259200
38.37574553489685,259669
38.39137053489685,260200
38.517366886138916,260546
38.70937490463257,260812
38.70937490463257,260946
38.73914837837219,261587
38.81578469276428,262135
38.878297328948975,262138
38.878297328948975,262267
38.90944766998291,262695
38.90944766998291,262720
39.01921081542969,262853
39.05048155784607,263489
39.255030393600464,263549
39.396509647369385,264374
39.67947554588318,264544
39.7106077671051,265080
39.773112297058105,265748
39.810871839523315,266037
39.86765480041504,266433
39.89890480041504,267096
40.07160472869873,267163
40.652889251708984,267310
40.652889251708984,268295
40.98300504684448,268359
41.12552618980408,268425
41.29766535758972,268495
41.455567836761475,268736
41.486817598342896,268862
41.5028350353241,269496
41.53103590011597,270129
42.0733642578125,270842
42.20093607902527,271437
42.25449585914612,271704
43.992592334747314,271793
44.146957874298096,271850
44.146957874298096,272393
44.321420669555664,272853
44.447386264801025,273196
44.4569308757782,273691
44.63453674316406,273943
44.74430274963379,274454
44.79117727279663,274673
45.057971715927124,275124
45.089221477508545,275523
45.952370405197144,275694
45.99924612045288,275766
46.03087878227234,276449
46.04650855064392,276991
46.07775855064392,277444
46.12540531158447,277591
46.297723054885864,277660
46.407488107681274,277870
46.52126169204712,278271
46.53326606750488,279213
46.64351224899292,279622
47.49856877326965,279880
47.73399233818054,280467
48.42477512359619,280494
48.691301107406616,281125
48.73871374130249,281398
48.83255386352539,281656
48.86398983001709,281788
48.91309332847595,281934
49.17816615104675,282326
49.19379115104675,283245
49.22492527961731,283631
49.27180457115173,284295
49.31868052482605,284912
49.32518768310547,285520
49.525569915771484,285851
49.57082724571228,286223
49.60314989089966,287063
49.66541790962219,287114
49.82217454910278,288069
49.96360921859741,288756
49.96360921859741,289028
50.104891538619995,289514
50.26231408119202,290192
50.764511585235596,290245
50.85853171348572,290289
50.88978362083435,290319
51.046974658966064,290328
51.062599420547485,290911
51.219284772872925,290912
51.40851092338562,291585
51.83431077003479,291977
51.929466009140015,292386
52.053131103515625,292523
52.100006341934204,293446
52.100006341934204,294251
52.304314374923706,294393
52.31993913650513,294463
52.43082547187805,294682
52.530086517333984,295526
52.886335372924805,295750
52.917722940444946,296675
53.05905723571777,296943
53.07468271255493,297139
53.24765229225159,297185
53.294575214385986,297298
53.357518911361694,297404
53.37315344810486,297446
53.62455916404724,297830
57.22563910484314,297907
58.48352909088135,298232
58.5144145488739,298369
58.87546372413635,298567
58.87546372413635,299177
59.06502866744995,299668
59.14441275596619,300383
59.301698207855225,301085
59.520418882369995,301256
59.61456656455994,301480
59.61456656455994,301559
59.74042057991028,302101
59.78783845901489,302686
59.851237297058105,303114
59.93939971923828,303206
60.08749556541443,303424
60.213080644607544,303907
60.30914092063904,303948
60.323158502578735,304597
60.323158502578735,305569
60.33982443809509,306539
60.52730107307434,307047
60.62217426300049,307538
60.92048668861389,308006
61.0464973449707,308035
61.0464973449707,308940
61.06214237213135,309320
61.95678472518921,309341
61.95678472518921,309814
62.02351427078247,310116
62.056859493255615,310392
62.086522579193115,310454
62.13339710235596,310973
62.14944005012512,311557
62.24369955062866,312305
62.44792985916138,312814
62.544227838516235,312958
62.63637900352478,313233
63.453524112701416,313675
64.41231203079224,313729
64.44694304466248,313817
64.45944905281067,314036
65.14931082725525,314665
65.36948013305664,314934
65.36948013305664,315603
65.38512516021729,315716
65.88901782035828,316197
65.93589425086975,316812
66.12667298316956,317124
66.26741242408752,317764
66.26741242408752,317768
66.75394916534424,317896
66.92669367790222,318087
67.1049120426178,318559
67.18539810180664,319307
67.24534010887146,319879
67.34899950027466,320359
67.37307786941528,320500
67.46612024307251,320954
67.48175191879272,320990
67.52864050865173,321221
67.6554594039917,321866
67.71797943115234,321920
68.15903162956238,322438
68.28448343276978,322477
68.3313581943512,322925
68.3504889011383,323511
68.5356810092926,324058
68.5356810092926,324476
68.56732082366943,325437
68.58294558525085,325671
68.86538934707642,326389
69.17971324920654,326528
69.21096348762512,326866
69.25832152366638,326874
69.28964829444885,326988
69.3832859992981,327674
69.43016076087952,327992
69.45229315757751,328011
69.603342294693,328108
69.634592294693,329005
70.12144780158997,329684
70.18383312225342,330332
70.21508312225342,331306
73.01482796669006,331612
73.54765939712524,332224
73.56366610527039,332355
73.59491991996765,332587
73.67319893836975,333104
73.73570418357849,333201
73.9576907157898,333625
74.04984164237976,334322
74.08149766921997,335051
74.3167495727539,335135
74.41236329078674,335694
74.44545578956604,335727
74.44545578956604,336078
74.45797324180603,336575
74.56983232498169,337492
74.63092255592346,337497
74.67817831039429,337966
74.88291215896606,338460
74.99463605880737,338656
75.38745069503784,338702
75.93756484985352,339308
76.43961644172668,339779
76.47125339508057,340142
82.10613989830017,340697
82.21710348129272,340698
82.59254741668701,340902
82.63942074775696,341403
82.79653334617615,341630
83.19237899780273,341791
83.34746026992798,341796
83.36710476875305,342279
83.4597098827362,342518
83.48893570899963,342655
83.72517943382263,343438
83.92988681793213,343599
89.1163558959961,343642
89.1516535282135,343703
89.1793384552002,344051
89.21059393882751,344609
89.21059393882751,344645
89.22621941566467,345444
89.27460026741028,345602
89.30473589897156,345771
90.2166395187378,345778
92.2775092124939,346435
92.2775092124939,347250
92.34034609794617,347833
92.65493583679199,347894
93.0501184463501,348250
94.71817922592163,348253
94.74784636497498,348488
94.90775680541992,349232
94.9547336101532,349411
95.36166143417358,350082
95.59704613685608,350252
95.78595900535583,350360
95.8341474533081,350446
95.84865474700928,350963
95.84865474700928,351597
96.11606669425964,352076
96.49311423301697,352278
96.57083082199097,352439
96.74417304992676,352772
96.86956572532654,353356
97.07716631889343,353408
97.0781991481781,353738
97.08220767974854,354725
97.0897126197815,354985
97.18409633636475,355436
97.23137068748474,355704
97.30990839004517,355771
97.450923204422,355888
97.49980092048645,356189
97.57794237136841,356597
97.60997581481934,357032
97.65929341316223,357299
97.73058271408081,357308
98.14241790771484,357635
98.1660521030426,358298
98.2311224937439,358551
98.49661898612976,358690
98.74810338020325,358861
98.85982060432434,358889
99.3303804397583,359207
99.47139477729797,359635
102.8076024055481,359679
102.90649604797363,360010
102.92548537254333,360881
103.21567702293396,361150
103.98089742660522,361240
104.23730301856995,361273
104.61477780342102,362014
104.61662769317627,362049
104.69148540496826,362510
104.7377598285675,362809
104.7377598285675,363522
104.7377598285675,363975
104.75854635238647,364305
105.40804147720337,364888
110.7352979183197,365047
110.782310962677,365639
110.87352967262268,365901
110.95746064186096,365935
111.06906604766846,366566
111.66428518295288,366806
112.30564451217651,366917
113.01712083816528,366947
113.2396125793457,367616
113.35329222679138,368571
113.44286775588989,368906
113.64563250541687,369134
114.5342869758606,369236
114.58244776725769,369910
114.59726929664612,370893
114.62952303886414,371017
114.91893887519836,371204
114.97675681114197,372111
115.11694121360779,372606
115.89237427711487,372906
115.91494989395142,373420
118.06162905693054,373577
118.66403698921204,374024
120.32987356185913,374205
120.32987356185913,375043
120.32987356185913,375302
120.37674760818481,375305
120.71324396133423,375736
120.79665994644165,376451
121.22175812721252,376485
121.57647919654846,376781
121.59403252601624,377201
121.94828629493713,377317
122.05126357078552,377841
122.05238437652588,377870
122.06801080703735,378222
122.10427069664001,379165
122.22646856307983,379409
122.52371168136597,379930
122.97851490974426,380476
124.91383790969849,381223
125.04365491867065,381351
126.68019556999207,381511
127.25773501396179,381562
128.1229100227356,381819
128.1385416984558,382590
128.1697916984558,382809
128.23382139205933,383062
128.3278980255127,383113
128.5790867805481,383400
129.5374195575714,383575
130.42356896400452,383887
130.63687872886658,383948
130.94496655464172,384021
131.420090675354,384123
131.4212131500244,385088
131.44963097572327,385241
131.48652243614197,385971
131.56935286521912,386022
131.64139127731323,386182
132.1147336959839,386606
132.3032946586609,386812
132.56775546073914,386919
132.59912991523743,387446
132.97746109962463,387449
133.0034475326538,387533
133.38191056251526,387789
133.88345789909363,388031
134.07235312461853,388039
134.26035332679749,388385
134.36991024017334,388574
136.37373661994934,389112
136.49947357177734,389196
137.18042063713074,389387
137.33745002746582,389661
137.72950172424316,390248
137.8414900302887,390292
137.91857528686523,390414
138.02921795845032,390449
138.1548080444336,390859
138.17044067382812,391056
138.18606519699097,391165
138.23336672782898,391257
138.87718653678894,391442
144.16114449501038,391662
145.93313360214233,392053
145.9406373500824,392487
146.99334335327148,393372
147.10420155525208,393634
147.31128215789795,394349
147.32766008377075,394640
148.20675826072693,394715
148.81376791000366,394844
149.629536151886,395061
149.8313226699829,395302
149.8363275527954,395956
150.0341386795044,396377
150.1470808982849,396763
150.25622463226318,396960
150.6115493774414,396969
151.83905506134033,397009
153.10349583625793,397167
153.10349583625793,397395
153.15078353881836,397521
153.45501565933228,397891
153.64007663726807,398109
155.0863835811615,398123
155.13325834274292,398880
155.22800302505493,398955
157.4190776348114,398968
157.6553099155426,399163
160.61195993423462,399297
160.83197379112244,399381
162.6644103527069,399468
163.75272846221924,399742
163.90104794502258,399777
164.7175052165985,399950
164.8432765007019,400415
166.08686780929565,401160
166.15492010116577,401681
172.76276445388794,401838
172.9339096546173,402621
175.41556191444397,402751
175.81271743774414,402835
178.84704613685608,402889
179.33454608917236,403818
179.35017108917236,403880
180.00978207588196,404147
183.02439999580383,404451
183.47211003303528,404675
188.08218050003052,404850
189.03814053535461,405175
197.53516149520874,405302
