0.001150369644165039,2040.0
0.001150369644165039,3037.0
0.0021512508392333984,3341.0
0.0021512508392333984,3358.0
0.0021512508392333984,4155.0
0.0032007694244384766,4463.0
0.0032007694244384766,5042.0
0.0032007694244384766,5135.0
0.00426793098449707,5856.0
0.00426793098449707,6821.0
0.005276918411254883,7755.0
0.005276918411254883,8587.0
0.005780458450317383,9010.0
0.005780458450317383,9080.0
0.006785392761230469,9696.0
0.006785392761230469,10322.0
0.006785392761230469,10439.0
0.00824737548828125,10809.0
0.00875091552734375,11512.0
0.022591352462768555,11625.0
0.024741411209106445,12074.0
0.031835317611694336,12281.0
0.032834529876708984,12831.0
0.0338749885559082,13670.0
0.041498661041259766,14581.0
0.0425417423248291,14815.0
0.04762530326843262,15369.0
0.04762530326843262,16117.0
0.0659177303314209,16316.0
0.0659177303314209,16632.0
0.06692171096801758,17563.0
0.06792664527893066,17774.0
0.07092666625976562,17992.0
0.1071326732635498,18433.0
0.12125205993652344,19122.0
0.14414429664611816,19755.0
0.15024447441101074,20525.0
0.2063615322113037,20739.0
0.2155933380126953,21069.0
0.22775626182556152,21952.0
0.22775626182556152,22891.0
0.23530197143554688,22945.0
0.2363417148590088,23733.0
0.2368452548980713,24680.0
0.23784995079040527,25197.0
0.23889851570129395,25674.0
0.24401116371154785,25815.0
0.24401116371154785,26447.0
0.24551939964294434,26817.0
0.29018521308898926,27676.0
0.30344533920288086,28031.0
0.3140449523925781,28212.0
0.3264338970184326,28621.0
0.33202028274536133,29472.0
0.33342719078063965,30037.0
0.3394649028778076,30686.0
0.35154294967651367,31653.0
0.3550872802734375,32575.0
0.37296032905578613,33366.0
0.3784949779510498,33876.0
0.38410520553588867,34124.0
0.47185468673706055,34145.0
0.4728541374206543,34958.0
0.4738960266113281,34977.0
0.4851396083831787,35255.0
0.49069905281066895,36104.0
0.4917483329772949,37001.0
0.4968984127044678,37612.0
0.497896671295166,38182.0
0.49889636039733887,38403.0
0.5468809604644775,38888.0
0.5556621551513672,39338.0
0.5582656860351562,40226.0
0.5582656860351562,40508.0
0.5602705478668213,40782.0
0.5623602867126465,41343.0
0.5639219284057617,42201.0
0.56791090965271,42425.0
0.5689108371734619,42657.0
0.590947151184082,42673.0
0.590947151184082,43443.0
0.5961344242095947,44275.0
0.5971331596374512,44493.0
0.6037988662719727,45423.0
0.6277632713317871,46012.0
0.646655797958374,46213.0
0.647660493850708,46576.0
0.6690506935119629,46672.0
0.6884787082672119,47182.0
0.7108902931213379,47416.0
0.7108902931213379,47629.0
0.7149357795715332,47864.0
0.7312607765197754,48250.0
0.7348272800445557,49209.0
0.7363889217376709,50148.0
0.773566722869873,50612.0
0.787391185760498,51166.0
0.7888941764831543,51478.0
0.8036913871765137,52023.0
0.833674430847168,52178.0
0.8374543190002441,52789.0
0.8456859588623047,52920.0
0.8609070777893066,53262.0
0.891493558883667,53575.0
0.894148588180542,54216.0
0.9013946056365967,54690.0
0.914907693862915,55308.0
0.9236164093017578,55511.0
0.9345052242279053,55636.0
0.9370229244232178,56567.0
1.0136632919311523,57159.0
1.0342273712158203,57792.0
1.0829505920410156,57923.0
1.5246891975402832,58463.0
1.5256867408752441,59352.0
1.5276851654052734,59595.0
1.531256914138794,60137.0
1.531256914138794,61059.0
1.546133041381836,61310.0
1.5963058471679688,61364.0
1.6037743091583252,61368.0
1.6058659553527832,62207.0
1.6058659553527832,62460.0
1.7844452857971191,62644.0
1.7900135517120361,62889.0
1.8250067234039307,63757.0
1.835294485092163,64616.0
1.852170467376709,64932.0
1.8601727485656738,65143.0
1.8601727485656738,65745.0
1.8735907077789307,66215.0
1.8781630992889404,66295.0
1.8822884559631348,66397.0
1.8903467655181885,66503.0
1.8939740657806396,66594.0
1.9051711559295654,66721.0
1.9051711559295654,66748.0
1.9809553623199463,67193.0
1.982013463973999,67266.0
1.9845330715179443,67548.0
1.9967775344848633,67797.0
2.094308376312256,67864.0
2.1034796237945557,67946.0
2.1044790744781494,68259.0
2.1806437969207764,68740.0
2.1831610202789307,69045.0
2.293081045150757,69398.0
2.2940900325775146,70398.0
2.306311845779419,70509.0
2.310316562652588,71459.0
2.33677077293396,72013.0
2.3429012298583984,72029.0
2.3994340896606445,72413.0
2.400514841079712,72440.0
2.4116761684417725,73266.0
2.4654033184051514,73715.0
2.6779162883758545,74213.0
2.6851656436920166,74495.0
2.69769287109375,75049.0
2.7129125595092773,75402.0
2.741892099380493,75487.0
2.7580347061157227,75708.0
2.998497486114502,76205.0
3.1427972316741943,76508.0
3.1438405513763428,76517.0
3.1550934314727783,76837.0
3.1928484439849854,77161.0
3.658782482147217,77425.0
3.66184139251709,78322.0
3.6700284481048584,78703.0
3.722926616668701,78849.0
4.1662609577178955,79215.0
4.195874214172363,79331.0
4.196879148483276,79549.0
4.234802007675171,80279.0
4.310713529586792,80564.0
4.31690239906311,81085.0
4.317907333374023,81649.0
4.387757062911987,82260.0
4.484366178512573,82263.0
4.548173904418945,82327.0
4.642484903335571,83097.0
4.644559621810913,83281.0
4.7519872188568115,83583.0
4.7706193923950195,83591.0
4.941774845123291,83816.0
4.947052001953125,83953.0
4.954029560089111,84744.0
4.970515727996826,84870.0
4.979978084564209,85488.0
5.102161407470703,85592.0
5.3316028118133545,86141.0
5.410433292388916,86362.0
5.463030576705933,86801.0
5.466029405593872,86810.0
5.54053258895874,87126.0
5.975460052490234,87474.0
6.064178466796875,87576.0
6.208556652069092,87695.0
6.473181247711182,87919.0
7.46650505065918,88048.0
7.608037710189819,88132.0
