0.0,25859
0.0,26257
0.09430193901062012,26757
0.23535966873168945,27239
0.2525978088378906,27597
0.2525978088378906,28482
0.26711559295654297,28803
0.3461415767669678,28854
0.3461415767669678,28888
0.36339688301086426,29009
0.39355945587158203,29230
0.4248621463775635,29441
0.4248621463775635,29789
0.4404869079589844,30442
0.4404869079589844,30985
0.47803282737731934,31302
0.47803282737731934,31749
0.4880411624908447,32244
0.5195176601409912,32834
0.5195176601409912,33132
0.5368006229400635,33495
0.5824680328369141,33711
0.5824680328369141,33869
0.5824680328369141,34393
0.5824680328369141,35232
0.5980994701385498,35685
0.5980994701385498,35967
0.6137242317199707,36756
0.6449756622314453,37208
0.6449756622314453,37213
0.6449756622314453,37455
0.6449756622314453,37950
0.6449756622314453,38638
0.6449756622314453,39228
0.6449756622314453,39483
0.6606001853942871,40152
0.6606001853942871,41002
0.6606001853942871,41053
0.6606001853942871,41716
0.6606001853942871,42508
0.6606001853942871,43198
0.7078628540039062,43795
0.7234878540039062,43904
0.8017992973327637,44704
0.8174233436584473,44960
0.8330492973327637,45317
0.8330492973327637,45935
0.8330492973327637,46418
0.8959393501281738,46955
0.8959393501281738,47173
0.911567211151123,47741
0.911567211151123,48066
0.9428138732910156,49025
0.9900741577148438,49133
1.0082604885101318,49559
1.0851190090179443,50014
1.1007640361785889,50855
1.1007640361785889,51296
1.1007640361785889,51998
1.1163890361785889,52028
1.259169340133667,52077
1.259169340133667,52334
1.259169340133667,52928
1.259169340133667,53187
1.3064966201782227,53432
1.3081185817718506,53867
1.3081185817718506,54846
1.3243169784545898,55240
1.338334560394287,55823
1.3696045875549316,56043
1.3696045875549316,56045
1.3696045875549316,56470
1.3696045875549316,57412
1.3791229724884033,57670
1.3791229724884033,58520
1.3791229724884033,59506
1.3856422901153564,60242
1.3856422901153564,60502
1.4187757968902588,61406
1.4679925441741943,61460
1.4679925441741943,62259
1.4965863227844238,62391
1.5434699058532715,62563
1.621985673904419,62908
1.6532361507415771,63188
1.6532361507415771,64188
1.6532361507415771,64244
1.6848716735839844,64306
1.6848716735839844,64368
1.700502634048462,65282
1.7796940803527832,65685
1.7796940803527832,66683
1.7946991920471191,66812
1.8261427879333496,67569
1.8261427879333496,67836
1.8433482646942139,67954
1.862663984298706,68510
1.8796746730804443,68595
1.889692783355713,68911
1.889692783355713,69256
1.9053373336791992,69347
1.9209518432617188,70088
1.9209518432617188,70386
1.9209518432617188,71176
1.9365756511688232,71368
1.9522125720977783,71858
1.9522125720977783,71942
1.9838757514953613,72560
1.9995207786560059,73426
1.9995207786560059,74381
2.0151455402374268,74513
2.0151455402374268,75165
2.0151455402374268,75887
2.0307705402374268,76536
2.0640716552734375,76834
2.0640716552734375,77052
2.080108404159546,77333
2.080108404159546,77672
2.112541913986206,77691
2.1260504722595215,78351
2.2058513164520264,78382
2.2127764225006104,78899
2.2242064476013184,79565
2.234269857406616,80130
2.2626900672912598,80346
2.2639594078063965,80766
2.2654953002929688,80919
2.2684998512268066,81213
2.270906686782837,81410
2.284749984741211,82309
2.3149099349975586,82949
2.5031065940856934,83134
2.5187394618988037,83901
2.5481350421905518,84156
2.550218343734741,84642
2.5623528957366943,85179
2.5623528957366943,85468
2.6246285438537598,85988
2.6246285438537598,86093
2.6402525901794434,86779
2.6402525901794434,87427
2.7614049911499023,87916
2.7614049911499023,88205
2.781038284301758,88372
2.8247928619384766,88465
2.8404266834259033,88515
2.8404266834259033,88797
2.874620199203491,89220
2.8757355213165283,89729
2.8812434673309326,90380
2.891751289367676,90456
2.891751289367676,91158
2.891751289367676,91191
2.891751289367676,92067
2.9386348724365234,92230
2.9939937591552734,92968
2.9985032081604004,93492
3.0064291954040527,93749
3.039224863052368,94091
3.041224956512451,94929
3.045382022857666,95087
3.052732467651367,95152
3.057687520980835,95652
3.072594165802002,96206
3.112624168395996,96676
3.112624168395996,97179
3.126140832901001,97187
3.1501076221466064,97623
3.183161973953247,98328
3.1852192878723145,98706
3.1922194957733154,98988
3.198219060897827,99061
3.2189149856567383,99459
3.226013422012329,99634
3.2400107383728027,99986
3.2420122623443604,100468
3.248227596282959,101025
3.2487337589263916,101884
3.2522480487823486,102212
3.2610678672790527,102790
3.2620699405670166,103687
3.277857780456543,104283
3.278857707977295,104426
3.289372205734253,105092
3.3653676509857178,105431
3.375851631164551,105725
3.391094207763672,105993
3.4089913368225098,106432
3.452272891998291,106691
3.4722423553466797,106970
3.556523084640503,107544
3.559283494949341,108256
3.563448429107666,108333
3.5709452629089355,108338
3.6750407218933105,108379
3.757899522781372,108751
3.769775152206421,109041
3.778184413909912,109275
3.7803919315338135,110235
3.8618767261505127,110706
3.8775265216827393,111219
3.9259097576141357,111886
3.933077812194824,112549
4.0484747886657715,112776
4.181531667709351,113196
4.197162866592407,113819
4.212787389755249,114308
4.234601736068726,114436
4.242941379547119,115045
4.242941379547119,115591
4.303735017776489,115649
4.340214967727661,115914
4.346827268600464,116754
4.347115993499756,117249
4.352490186691284,117538
4.405968904495239,117573
4.442398309707642,117974
4.451402187347412,118862
4.473854064941406,118918
4.4768640995025635,118939
4.479263067245483,119586
4.484412431716919,120377
4.505641222000122,120983
4.509505033493042,121530
4.518198013305664,121796
4.5459723472595215,122229
4.54697322845459,123053
4.549972772598267,123835
5.189092397689819,123938
5.9607627391815186,124188
6.08610200881958,124427
6.148144483566284,124557
6.171783447265625,124585
6.208282470703125,125524
6.216960906982422,125683
6.237860918045044,126000
6.245795965194702,126477
6.25797438621521,126698
6.277811527252197,127129
6.280332326889038,127137
6.281337261199951,128028
6.286018133163452,128948
6.30554723739624,129241
6.322119951248169,129810
6.32311749458313,130164
6.3315465450286865,130718
6.3325464725494385,131576
6.39041543006897,131589
6.423570871353149,132328
6.423570871353149,132576
6.439207553863525,132612
6.519649028778076,133009
6.535473823547363,133414
6.618939638137817,133417
6.627207279205322,133505
7.04154896736145,133677
7.062199354171753,134123
7.086761474609375,134786
7.091759920120239,134879
7.0998311042785645,134883
7.112829208374023,135426
7.1342689990997314,135756
7.137268304824829,136595
9.034779071807861,137314
9.079967498779297,137582
9.098175048828125,138580
9.159880638122559,138917
9.257973194122314,138921
9.263964414596558,139486
9.278800249099731,140152
9.281797885894775,140168
9.340227365493774,140280
9.356785535812378,140364
9.365767002105713,140837
9.391940832138062,141007
9.4030601978302,141160
9.432708024978638,141348
9.433955907821655,141880
9.438805341720581,142776
9.801703214645386,142922
9.840478420257568,143108
10.19641637802124,143169
10.307517051696777,143364
10.339237689971924,143727
10.36441683769226,143806
10.36441683769226,144351
10.44806432723999,144500
10.48712968826294,144915
10.687716007232666,145151
10.751132488250732,145203
10.780794858932495,145396
10.780794858932495,145451
10.788217067718506,146159
10.796735525131226,146564
11.069373607635498,146945
11.333737134933472,147048
11.356145858764648,147462
11.370063543319702,147795
11.388375043869019,148229
11.390810251235962,148895
11.40574860572815,149126
11.409648418426514,149201
11.424665927886963,149765
11.479089260101318,149786
11.662956237792969,150321
11.694669246673584,150985
11.745695352554321,151871
11.937044858932495,151889
11.984026670455933,152010
12.000195026397705,152391
12.04747986793518,153029
12.062704801559448,153081
12.255066871643066,153720
12.286316633224487,154298
12.302353620529175,154615
12.36487364768982,154884
12.38049840927124,155027
12.793004512786865,155542
12.808933734893799,155992
13.56184983253479,156039
13.56184983253479,156074
13.61028790473938,156427
13.61796522140503,156687
13.621007680892944,157140
13.655637264251709,157641
13.671262264251709,158526
13.686887264251709,158826
14.630990982055664,159286
14.64898943901062,159402
14.711498022079468,159594
14.813008069992065,159809
14.90652322769165,159866
14.922131061553955,159913
14.927131175994873,160276
14.928131103515625,160460
15.037123441696167,160535
15.085033416748047,160729
15.123055458068848,161283
15.153210639953613,162246
15.159209728240967,162897
15.374741315841675,163743
15.422941446304321,163952
15.73890733718872,164340
15.78584623336792,164799
16.66011691093445,164917
16.72418236732483,165788
16.89963436126709,166245
16.933331966400146,166709
17.152634382247925,166997
17.23166584968567,167474
17.615780115127563,167617
17.647698640823364,168529
18.049959421157837,168822
18.250751495361328,169049
18.282415866851807,169945
18.408705472946167,170169
18.613023042678833,170180
18.628652572631836,170870
18.69115400314331,171514
18.69115400314331,171812
18.81695556640625,171895
18.848212480545044,172098
18.911617517471313,172181
19.39243507385254,172736
19.4089093208313,173221
19.441065073013306,173649
19.45710039138794,174012
19.814003944396973,174098
19.826542139053345,174256
19.87137460708618,174263
19.87137460708618,175175
19.88741374015808,175189
19.90788984298706,175792
20.87643837928772,176085
20.8894464969635,176341
21.209770679473877,176727
21.213964223861694,177312
21.271758556365967,177961
21.479464054107666,178209
21.515870332717896,178466
21.558618307113647,178670
21.61449694633484,178828
21.919718027114868,179238
21.919718027114868,179556
21.937055587768555,180548
22.014626026153564,180807
22.515674352645874,180833
22.539923906326294,181074
22.539923906326294,181574
22.539923906326294,182152
22.57119393348694,182182
22.855169773101807,182241
22.870794534683228,182273
22.870794534683228,182472
22.870794534683228,183224
22.92221236228943,183475
22.937857389450073,183502
22.953482151031494,184150
22.97083568572998,184358
24.247328996658325,184570
24.280357599258423,185220
24.294960975646973,185459
24.3191237449646,185638
24.4758141040802,185779
24.628800630569458,186224
25.908233404159546,186749
25.908233404159546,187101
25.940364837646484,187548
25.97163438796997,187891
25.98725938796997,188682
26.28888773918152,188832
26.524738073349,189204
26.587244033813477,189336
26.602869510650635,189571
26.653659105300903,189994
26.682042360305786,190463
26.698128700256348,190978
26.729761123657227,191323
26.729761123657227,191493
26.793334245681763,192199
26.793334245681763,192321
27.48409390449524,192807
27.493070125579834,192826
27.539772987365723,193347
27.555408716201782,193565
27.727823495864868,193646
28.048340797424316,194105
28.128119468688965,194137
28.618412256240845,194732
29.011614084243774,194800
29.011614084243774,195401
29.105751991271973,195431
29.215514183044434,195740
29.309149026870728,196140
29.309149026870728,196986
29.933857440948486,197113
29.945374965667725,197211
29.97664523124695,197243
30.0549213886261,197311
30.070546865463257,198100
30.1333327293396,198643
30.1333327293396,199317
30.195852994918823,200193
30.290807008743286,200837
30.306025981903076,201726
30.57436466217041,201909
31.313764333724976,202151
31.853621244430542,202421
32.122612714767456,202548
32.1402325630188,202923
32.1402325630188,203278
35.46768093109131,204017
35.54591631889343,204072
35.57799053192139,204150
35.594013929367065,204771
35.61043667793274,205160
35.624964475631714,205712
35.70510387420654,206008
35.72126293182373,206092
36.71460294723511,206120
36.7668399810791,206204
36.77834725379944,206870
36.810375690460205,207706
36.840866565704346,207727
36.90419030189514,207730
37.38380527496338,207904
37.39201593399048,208609
37.442670822143555,208653
37.82007455825806,208953
37.883437156677246,209022
37.98091673851013,209257
38.07884883880615,209320
38.13695049285889,209462
40.73378777503967,209679
41.86714959144592,210163
41.88279461860657,210344
41.93119192123413,210701
41.962119817733765,211589
41.99535775184631,212167
42.02549910545349,212351
42.07306122779846,212356
42.215306520462036,212423
42.62316846847534,212661
42.63879418373108,213215
42.65441846847534,213469
42.6860613822937,213919
42.858375549316406,213954
42.89001655578613,214123
42.89001655578613,214234
43.03240489959717,214586
43.142940282821655,214851
43.158565044403076,214974
43.19023561477661,215673
43.20586061477661,216063
43.30053687095642,216072
43.34741187095642,216134
43.47486615180969,216377
43.5995991230011,216713
43.64854073524475,216985
43.682053327560425,217329
43.760446071624756,217796
43.79373383522034,217872
43.8551459312439,218067
44.07668924331665,218268
44.10878348350525,218583
44.12545657157898,218914
46.83353114128113,219082
51.86920619010925,219737
51.98680520057678,220450
52.15344738960266,220609
52.20292401313782,220690
52.2482123374939,220859
52.805431842803955,221302
52.94609212875366,221412
53.04052758216858,221694
53.15657377243042,222398
53.18272399902344,223124
53.89888525009155,223372
54.19943141937256,223750
55.3360869884491,223843
55.777116775512695,224101
56.283544063568115,224239
56.70899152755737,224243
56.92911744117737,224461
56.94474244117737,224545
57.02405905723572,224698
58.204989194869995,224821
58.30545496940613,224826
58.47382473945618,225021
59.50037431716919,225039
59.83485555648804,225150
59.86301779747009,225278
60.14715051651001,225546
60.16317367553711,225616
60.56082487106323,225619
60.63965106010437,225659
60.67083549499512,226322
60.70208549499512,226451
61.0490984916687,226759
61.09597945213318,227333
64.70592784881592,227340
67.06541872024536,227679
67.08102083206177,227770
67.31952118873596,227832
67.82472324371338,228334
68.31532406806946,228508
68.64742016792297,228561
69.69570207595825,228661
70.09071588516235,229023
70.35837388038635,229244
70.54301166534424,229945
71.30934071540833,230029
71.72031664848328,230032
71.95764255523682,230591
72.3558566570282,230682
72.63890290260315,230714
72.76721215248108,230735
73.11371850967407,230740
77.4345874786377,230743
83.16863059997559,230815
83.70444846153259,230860
84.26030611991882,231013
84.43286299705505,231413
85.2404396533966,231434
85.85962343215942,232154
