0.0,24305
0.0,25186
0.0,25584
0.015645503997802734,26289
0.015645503997802734,26418
0.11045336723327637,26850
0.11045336723327637,27350
0.11045336723327637,28139
0.1260981559753418,28285
0.129319429397583,28287
0.14344525337219238,29285
0.15795254707336426,30038
0.17792582511901855,30247
0.17792582511901855,30430
0.18942928314208984,30916
0.19182777404785156,31873
0.22127246856689453,31935
0.2543151378631592,31938
0.36297178268432617,31989
0.3786013126373291,32153
0.3942265510559082,32981
0.3942265510559082,33352
0.3942265510559082,33573
0.4117422103881836,34120
0.4140286445617676,34877
0.4547913074493408,35347
0.4572939872741699,35890
0.5197975635528564,36418
0.5831966400146484,36912
0.5987002849578857,37620
0.6143312454223633,37902
0.6143312454223633,38243
0.6143312454223633,38359
0.6143312454223633,38618
0.6299560070037842,38797
0.6299560070037842,38949
0.6299560070037842,39871
0.6299560070037842,40248
0.6615920066833496,40838
0.6615920066833496,41622
0.6615920066833496,42472
0.6615920066833496,42523
0.6772229671478271,42931
0.6928465366363525,43633
0.6928465366363525,44540
0.7084720134735107,44811
0.7240970134735107,45452
0.7240970134735107,46114
0.8667707443237305,46211
0.9002368450164795,46694
0.9002368450164795,46871
0.9002368450164795,46970
0.9143686294555664,47020
0.9143686294555664,47238
0.9288856983184814,47532
0.9631078243255615,48491
0.9782707691192627,48765
1.011390209197998,49336
1.011390209197998,50283
1.0255260467529297,51030
1.0418727397918701,51720
1.2125422954559326,52588
1.2125422954559326,53358
1.2281670570373535,53514
1.2281670570373535,54419
1.2281670570373535,54424
1.3535549640655518,54766
1.3555593490600586,55093
1.3555593490600586,55998
1.7476317882537842,56328
1.7561702728271484,56354
1.857149362564087,56548
1.888404130935669,56929
1.9212367534637451,57507
1.935739517211914,58486
2.139646053314209,58518
2.1869094371795654,58876
2.2966699600219727,59117
2.3435451984405518,59289
2.3595528602600098,59716
2.3595528602600098,60570
2.3595528602600098,60621
2.3751823902130127,61480
2.3751823902130127,61997
2.39080810546875,62117
2.484945774078369,62293
2.51619553565979,62924
2.51619553565979,63812
2.5634536743164062,64010
2.5634536743164062,64181
2.5790834426879883,64612
2.5790834426879883,65523
2.5947086811065674,65628
2.5947086811065674,66192
2.5947086811065674,66840
2.64158296585083,66951
2.64158296585083,67707
2.65720796585083,68425
2.657712936401367,69139
2.657712936401367,69349
2.7578516006469727,69540
2.7986104488372803,69772
2.845627784729004,70520
2.8581337928771973,71171
2.8616385459899902,71977
2.88195538520813,72106
2.8929615020751953,72365
2.8929615020751953,72893
2.8929615020751953,73575
2.8929615020751953,74292
2.9085936546325684,74319
2.939842939376831,74783
2.957974672317505,75375
2.957974672317505,75658
2.957974672317505,76043
2.987109899520874,76432
3.0183777809143066,77009
3.0183777809143066,77167
3.0340075492858887,77461
3.0340075492858887,77961
3.0340075492858887,78820
3.0514304637908936,79818
3.057990550994873,80325
3.067061185836792,80776
3.067061185836792,80785
3.1092469692230225,81033
3.1132476329803467,81074
3.1152355670928955,81332
3.116745948791504,81970
3.1289703845977783,82194
3.171412467956543,82282
3.1878371238708496,82776
3.209404468536377,83174
3.2138099670410156,83192
3.221932888031006,83885
3.221932888031006,84475
3.224867343902588,84626
3.228374481201172,84917
3.2463841438293457,85277
3.6132407188415527,86046
3.6167044639587402,86051
3.6306135654449463,86173
3.741905689239502,86426
3.741905689239502,87172
3.789188861846924,87930
3.8048102855682373,88583
3.8204333782196045,89526
3.901024580001831,89687
3.9311861991882324,89860
3.9311861991882324,90463
3.978971004486084,90681
3.978971004486084,91055
4.073306083679199,91333
4.073306083679199,92305
4.0889506340026855,92631
4.1045756340026855,93137
4.136077404022217,93626
4.156716346740723,93810
4.15875506401062,94581
4.15875506401062,94902
4.1711061000823975,94911
4.195868968963623,95152
4.2162370681762695,95167
4.262388467788696,95253
4.3092687129974365,95603
4.3248937129974365,95731
4.3248937129974365,96261
4.340520620346069,96510
4.340520620346069,97311
4.340520620346069,97552
4.381490707397461,97680
4.386042833328247,97824
4.403132438659668,97882
4.4207940101623535,98312
4.436438798904419,98581
4.436438798904419,99421
4.473723888397217,99916
4.544562339782715,100804
4.576334238052368,100825
4.625166177749634,101232
4.639841079711914,102014
4.655715465545654,102029
4.65922474861145,102247
4.671732187271118,102392
4.687366008758545,102766
4.687366008758545,103035
4.754335641860962,103136
4.7593395709991455,103312
4.7838523387908936,103569
4.797855615615845,104277
4.816802501678467,104835
4.8309876918792725,105508
4.861006259918213,106301
4.876637935638428,107268
4.9235124588012695,107280
4.9235124588012695,107613
4.94539213180542,107776
5.0022969245910645,108090
5.081319570541382,108547
5.081319570541382,109406
5.177420139312744,109509
5.191427946090698,109860
5.191427946090698,109944
5.489872694015503,110138
5.760394334793091,110402
5.774642467498779,111364
5.948533296585083,111681
5.979180812835693,112043
5.994804620742798,112238
5.994804620742798,113106
6.1693079471588135,113329
6.1693079471588135,113460
6.184940576553345,114031
6.201040744781494,114610
6.21667218208313,115160
6.2677998542785645,115668
6.2968950271606445,116153
6.344846248626709,116267
6.359853267669678,116951
6.360858678817749,117146
6.470963716506958,117353
6.6295671463012695,117616
6.6295671463012695,118106
6.6295671463012695,118338
6.644575119018555,118885
6.644575119018555,119357
6.660206317901611,119763
6.740667819976807,120015
6.740667819976807,120912
6.755681037902832,121634
6.7747087478637695,121784
6.7888123989105225,122571
6.866820573806763,122757
6.882452726364136,123092
6.898076295852661,123373
6.914804935455322,123410
6.914804935455322,124310
6.914804935455322,125144
6.965882301330566,125147
6.977386951446533,125536
7.06148624420166,126017
7.06148624420166,126867
7.625389099121094,127005
7.625389099121094,127296
7.625389099121094,128132
7.798927068710327,128532
8.003737449645996,128899
8.01936149597168,129370
8.113503217697144,129593
8.113503217697144,129630
8.144754886627197,129880
8.144754886627197,130495
8.286876440048218,130592
8.30250072479248,130878
8.31860899925232,131501
8.508643627166748,131960
8.525888204574585,132175
8.525888204574585,132191
8.540405750274658,132649
8.562951564788818,133633
8.604131698608398,133872
9.46831464767456,134050
9.484323501586914,134318
9.515578746795654,134608
9.531203985214233,135138
9.578465223312378,135140
9.578465223312378,135712
9.59409499168396,135883
9.609720468521118,136413
9.625345945358276,136554
9.693196296691895,137136
9.767799854278564,137232
9.783429622650146,137271
9.783429622650146,137744
9.783429622650146,137774
9.783429622650146,138343
9.799054145812988,138373
9.799054145812988,138672
9.830304384231567,138742
9.866557598114014,139110
9.866557598114014,139488
9.866557598114014,140177
9.90881609916687,140781
10.368635177612305,140843
10.558522939682007,140995
10.590161085128784,141209
10.605786800384521,141962
10.652661085128784,142610
10.810561418533325,142939
10.810561418533325,143573
10.905135154724121,143609
11.671102046966553,143898
11.749279022216797,144414
11.875187158584595,144688
11.954255104064941,145047
11.985889911651611,145168
11.985889911651611,145621
12.017144203186035,145790
12.551416635513306,145945
12.551416635513306,146453
12.551416635513306,146821
12.58721399307251,147133
12.598723888397217,147948
13.962291240692139,148764
13.962291240692139,149604
14.780270338058472,149652
14.794274806976318,149724
14.809905290603638,149740
14.857170820236206,150305
15.029827356338501,150717
15.108346939086914,151069
15.108346939086914,151390
15.108346939086914,151848
15.123970746994019,152226
15.224934339523315,152516
15.224934339523315,152829
15.224934339523315,152907
15.25618577003479,153060
15.30344820022583,153384
15.35032320022583,153948
15.35032320022583,154566
15.365947961807251,155525
15.397083520889282,155719
15.68248987197876,155985
15.727292537689209,156051
15.790182828903198,156062
15.80581259727478,156703
15.946826219558716,157121
15.994082927703857,157386
16.108649492263794,157549
16.929277658462524,158048
16.944902658462524,158701
16.944902658462524,159643
16.960526943206787,160256
18.888240575790405,160336
18.89174509048462,161224
18.907375812530518,161286
19.63028883934021,161500
19.63028883934021,161541
19.645206928253174,162357
19.85089135169983,163050
19.85351276397705,163327
19.85351276397705,163361
19.93327045440674,163467
19.950146675109863,163769
19.983640670776367,163775
19.992568492889404,164180
19.99893832206726,164363
20.25836443901062,164553
20.30562138557434,164752
20.33855390548706,165080
20.368187189102173,165551
20.41565990447998,166200
20.446914196014404,166767
20.557889938354492,167004
21.107245445251465,167011
21.201387882232666,167505
21.342817544937134,167775
21.358449459075928,167989
21.358449459075928,168129
21.358449459075928,168822
21.374075412750244,168906
21.39570689201355,169085
21.39570689201355,169632
21.696743965148926,169723
21.707249402999878,170012
21.802183389663696,170335
23.178009748458862,170931
23.200546979904175,171058
23.231863260269165,171309
23.234260320663452,171558
23.234260320663452,172247
23.2494957447052,172533
23.299899101257324,172923
23.343437671661377,173489
23.35906982421875,173692
23.390321254730225,174121
23.406336069107056,174331
23.407930612564087,174979
23.422435760498047,175545
23.422435760498047,175889
23.504354238510132,176054
23.596598148345947,176403
24.367309093475342,176513
24.445825576782227,176780
24.445825576782227,176826
24.461451530456543,177380
24.605472803115845,177740
24.712589979171753,177831
24.776056051254272,178417
24.94988703727722,178897
25.046841621398926,179219
25.106992959976196,179321
25.228878021240234,179421
25.35697865486145,179901
25.35697865486145,180229
25.38714051246643,180588
25.38714051246643,180896
25.402786016464233,181373
25.547401428222656,181475
25.65802788734436,182176
25.72147011756897,182504
25.72147011756897,183094
25.914212226867676,183125
26.24383234977722,183482
26.510114669799805,183921
26.610374927520752,183947
26.619877815246582,184510
26.63659167289734,185185
26.69859766960144,185631
26.69859766960144,186422
27.625761032104492,187323
27.657017707824707,187405
27.688266277313232,187763
27.876776695251465,187931
27.892906427383423,188113
27.92442011833191,188326
27.971301555633545,188598
28.004091501235962,188615
28.065491437911987,188717
28.082281827926636,189407
28.096792459487915,189593
28.128390312194824,189874
28.185353755950928,190023
28.192927360534668,190814
28.192927360534668,191072
28.400730848312378,191120
28.569847583770752,191568
28.58548069000244,191733
28.72688603401184,191881
28.805485486984253,191960
29.44889760017395,192754
29.46452260017395,193428
29.48014807701111,193625
29.49577307701111,194564
29.52090620994568,195116
29.558665990829468,195990
29.952264547348022,196019
29.983516216278076,196249
30.511113166809082,196528
30.542759895324707,197085
30.574008226394653,197221
30.574008226394653,197400
30.904494285583496,197549
30.904494285583496,197995
30.924253702163696,198046
30.999293088912964,198127
31.030935049057007,198413
31.030935049057007,198570
31.125206470489502,198860
31.156341552734375,199459
31.2504825592041,199947
31.36024785041809,200118
31.470019340515137,200567
32.11410427093506,200745
32.150201082229614,200772
32.17759323120117,201666
32.57172441482544,201684
32.5885329246521,201978
32.74951696395874,202114
32.81302881240845,202311
32.89183020591736,202366
32.93909740447998,203007
33.09575414657593,203174
33.111379623413086,203549
33.632500410079956,204138
33.69189119338989,204501
33.73915767669678,205009
33.928375244140625,205208
33.93278503417969,206107
34.2590856552124,206311
34.886791706085205,206749
34.918041706085205,206960
34.935171127319336,207640
35.04381442070007,207716
35.04381442070007,208248
35.0594437122345,209037
35.075068950653076,209319
41.545313596725464,209611
41.686217069625854,209616
41.78035855293274,209878
41.79598331451416,209905
42.18832969665527,210138
42.18832969665527,210321
42.859108209609985,210814
43.02025389671326,210820
43.06001043319702,211510
43.161651372909546,212005
43.224156856536865,212269
47.64333415031433,212312
47.976784229278564,212401
47.98828959465027,212463
48.02169370651245,212889
48.35153079032898,213041
48.47789168357849,213110
48.697312355041504,213279
48.82270860671997,213789
48.83833408355713,213984
49.65909218788147,214079
49.75585699081421,214663
50.12335443496704,214717
50.18286728858948,214837
50.18691802024841,215789
50.220447063446045,215824
51.74698615074158,216330
51.762610912323,216718
51.85674738883972,216780
51.99830436706543,217476
52.170443534851074,217771
52.70658230781555,218066
52.72221255302429,218527
52.72221255302429,218909
52.73783779144287,219191
54.672035694122314,219264
54.90936827659607,219642
55.113295793533325,219779
55.82104730606079,219825
56.92074227333069,219852
56.95199227333069,219907
57.18753933906555,219941
57.31439661979675,220396
57.549938917160034,220808
57.59720277786255,221026
57.784980058670044,221095
58.58711314201355,221221
58.71289038658142,221248
58.77994227409363,221262
58.87204933166504,221706
59.518580198287964,221722
59.94229054450989,222209
60.00527620315552,222244
60.0212824344635,222439
60.24143147468567,222488
60.77847075462341,222698
60.77847075462341,222768
62.41507601737976,222845
62.7119414806366,222929
62.79045248031616,223058
64.73372483253479,223237
65.66907405853271,223290
65.79446196556091,223416
68.29052710533142,223508
71.11595034599304,223556
71.2257125377655,223609
71.30460405349731,223746
72.71525526046753,223809
76.47939825057983,224009
78.78887271881104,224093
79.02403140068054,224125
79.81002283096313,224153
82.14348220825195,224218
82.8864917755127,224269
