0.00014209747314453125,44295
0.0014820098876953125,44441
0.002512216567993164,44932
0.0035200119018554688,45155
0.004485130310058594,45365
0.00544428825378418,45931
0.00640416145324707,46258
0.007365226745605469,46969
0.008327007293701172,47550
0.00928807258605957,47903
0.010252237319946289,48376
0.012127161026000977,48611
0.013997077941894531,48646
0.014959096908569336,48859
0.015985965728759766,48900
0.045507192611694336,48982
0.1096642017364502,48983
0.26497316360473633,48984
0.4870290756225586,49038
0.8980810642242432,49067
