0.0009992122650146484,546
0.0009992122650146484,768
0.0009992122650146484,1190
0.0009992122650146484,1384
0.0009992122650146484,1491
0.00215911865234375,1493
0.003162384033203125,1553
0.003162384033203125,1682
0.004159688949584961,1697
0.005160093307495117,1734
0.006159305572509766,1758
0.006159305572509766,1867
0.022208213806152344,1933
0.022208213806152344,1943
0.023208141326904297,1990
0.04402303695678711,2050
0.04402303695678711,2094
0.08753728866577148,2096
0.10232830047607422,2183
0.2964491844177246,2194
0.7347185611724854,2196
0.7357184886932373,2390
