0.0,5323
0.0,5935
0.0,6433
0.0,6447
0.010003328323364258,6710
0.010003328323364258,7572
0.010003328323364258,7734
0.010003328323364258,7932
0.010003328323364258,8149
0.010003328323364258,8159
0.010003328323364258,8906
0.010003328323364258,9437
0.02563333511352539,9860
0.02563333511352539,10160
0.02563333511352539,10582
0.02563333511352539,10640
0.02563333511352539,10784
0.02563333511352539,11393
0.02563333511352539,12210
0.0412595272064209,12672
0.0412595272064209,13079
0.0412595272064209,13879
0.0412595272064209,14619
0.0412595272064209,15321
0.0412595272064209,16114
0.0412595272064209,17052
0.0412595272064209,17745
0.05676555633544922,18184
0.05676555633544922,18955
0.05676555633544922,18996
0.05676555633544922,19881
0.05676555633544922,20315
0.05676555633544922,20525
0.05676555633544922,20685
0.07239532470703125,21169
0.07347297668457031,21927
0.07347297668457031,22262
0.07347297668457031,22677
0.07347297668457031,23236
0.07347297668457031,23850
0.07347297668457031,23860
0.07347297668457031,24593
0.08847904205322266,25001
0.08954620361328125,25982
0.08954620361328125,26471
0.08954620361328125,27355
0.08954620361328125,27508
0.08954620361328125,27977
0.08954620361328125,28885
0.08954620361328125,29313
0.10455203056335449,30250
0.10455203056335449,30279
0.10455203056335449,30703
0.10455203056335449,30714
0.10455203056335449,31113
0.10455203056335449,31686
0.12018227577209473,32542
0.12018227577209473,32814
0.12018227577209473,32915
0.12018227577209473,33080
0.12018227577209473,33427
0.12018227577209473,33810
0.12018227577209473,33985
0.12018227577209473,34664
0.13580703735351562,34966
0.13580703735351562,35551
0.13580703735351562,36330
0.13580703735351562,36546
0.13580703735351562,37314
0.13580703735351562,37706
0.13580703735351562,38226
0.15143227577209473,38521
0.15143227577209473,39504
0.15143227577209473,40327
0.1569361686706543,41130
0.1569361686706543,41578
0.1569361686706543,41966
0.1569361686706543,42823
0.1569361686706543,43153
0.16743946075439453,43928
0.16743946075439453,44366
0.16743946075439453,45224
0.16743946075439453,45898
0.16743946075439453,46771
0.16743946075439453,46940
0.16743946075439453,47136
0.18307018280029297,48002
0.18307018280029297,48270
0.18307018280029297,49105
0.18307018280029297,49378
0.2002861499786377,49453
0.21638822555541992,49454
0.25865745544433594,49537
0.48544883728027344,49558
0.5010740756988525,49686
0.57200026512146,49707
0.6277749538421631,49773
0.7068397998809814,49846
0.8346664905548096,49874
0.8652069568634033,49969
0.8687317371368408,49996
0.8972890377044678,50081
0.8990135192871094,50082
0.8990135192871094,50083
0.9130308628082275,50150
1.0093293190002441,50174
1.1023695468902588,50175
1.27839994430542,50197
1.4584672451019287,50198
1.4801013469696045,50199
1.5898621082305908,50215
1.9690272808074951,50237
2.0957207679748535,50423
2.1102237701416016,50499
2.1258535385131836,50500
2.4737067222595215,50559
2.5590660572052,50560
2.5703601837158203,50561
2.633971929550171,50606
6.468881845474243,50623
6.515760898590088,50624
6.547010898590088,50710
6.799715757369995,50721
6.972424030303955,50830
7.004273414611816,50918
7.021671533584595,50940
7.021671533584595,50941
7.130688428878784,50942
7.681372880935669,50977
7.866117238998413,51099
7.870120286941528,51126
7.8862526416778564,51146
7.91738486289978,51227
7.91738486289978,51291
7.93300986289978,51358
7.93300986289978,51460
8.011521816253662,51501
8.042771339416504,51553
8.06653642654419,51640
8.091125726699829,51674
8.125654458999634,51675
8.366753339767456,51706
8.439522743225098,51719
8.485501050949097,51735
8.579826593399048,51836
8.61112928390503,51869
8.658070802688599,51870
8.769103765487671,51941
8.784748315811157,51968
8.784748315811157,52045
9.082767009735107,52059
12.198999881744385,52135
12.198999881744385,52248
12.245874881744385,52312
12.481410026550293,52319
12.500099897384644,52329
12.514123678207397,52373
12.62262773513794,52382
12.872297286987305,52460
12.985198497772217,52498
13.072823524475098,52510
13.15845537185669,52556
15.727399349212646,52605
15.727399349212646,52606
15.758649110794067,52686
15.790283203125,52732
15.805912733078003,52802
15.978557586669922,52806
16.009811639785767,52906
16.04245352745056,52977
16.057456731796265,53013
16.120346784591675,53047
16.152201175689697,53048
16.232073545455933,53160
16.232073545455933,53246
16.29563021659851,53263
20.91957998275757,53265
21.029454708099365,53277
21.188910484313965,53284
21.98090624809265,53321
28.77499508857727,53329
28.888262033462524,53426
36.732463121414185,53464
41.302517890930176,53560
42.5270893573761,53649
42.5270893573761,53725
42.54377484321594,53766
42.57147765159607,53806
42.63446521759033,53877
42.82274007797241,53956
44.872979164123535,54051
44.935864210128784,54052
45.17147946357727,54101
45.266745805740356,54115
45.266745805740356,54139
45.596333503723145,54169
45.65875482559204,54180
45.676015853881836,54184
45.69003367424011,54185
47.26349496841431,54215
47.30774927139282,54321
47.35786199569702,54437
47.48332166671753,54480
47.51495671272278,54491
47.59308695793152,54581
48.16740155220032,54596
48.208523750305176,54760
48.208523750305176,54787
48.240941524505615,54788
48.292511224746704,54807
48.35483980178833,54820
48.35483980178833,54821
48.50847578048706,54867
55.172218799591064,54988
55.18784427642822,55067
55.44134283065796,55078
55.56580471992493,55091
55.62925338745117,55136
55.64489793777466,55143
55.68135690689087,55226
55.80164337158203,55276
55.94304347038269,55295
55.95866870880127,55311
56.021941900253296,55391
56.19421434402466,55407
56.817418336868286,55419
56.82492518424988,55541
56.8756742477417,55590
56.8756742477417,55680
57.15716338157654,55799
57.17278838157654,55855
57.18841361999512,55910
57.21978449821472,55954
57.26667881011963,55980
57.29960489273071,55998
57.31714105606079,55999
57.47196125984192,56049
57.55471420288086,56175
57.57017207145691,56235
59.51996612548828,56253
59.54435133934021,56254
60.00205731391907,56308
60.285489082336426,56387
60.321672677993774,56445
69.99183654785156,56478
92.66051506996155,56486
92.66551804542542,56570
92.7607843875885,56599
92.77801656723022,56667
92.88522720336914,56763
92.9008719921112,56826
92.96035981178284,56945
93.33039808273315,57085
93.52157330513,57128
93.53559160232544,57134
93.56710362434387,57195
96.0802595615387,57293
96.14324903488159,57331
96.14324903488159,57344
96.20582413673401,57400
96.36520171165466,57405
99.04531955718994,57479
99.1378378868103,57517
99.64047765731812,57566
99.76836037635803,57607
99.78236699104309,57614
99.89306020736694,57623
101.7871024608612,57646
101.88118815422058,57713
101.9420759677887,57769
102.05183815956116,57778
102.14597749710083,57929
102.19324088096619,58013
102.19324088096619,58014
102.30338621139526,58034
102.41366910934448,58113
102.88928079605103,58147
102.90491008758545,58148
103.19271755218506,58151
103.32025122642517,58158
103.3508632183075,58217
103.41532492637634,58236
103.43111824989319,58237
103.49284887313843,58314
103.51030683517456,58455
103.77548551559448,58467
103.88737964630127,58533
104.01252818107605,58542
104.20096445083618,58586
104.34200263023376,58695
105.05225539207458,58705
105.05225539207458,58707
105.08422231674194,58724
105.11557936668396,58741
105.14524149894714,58747
105.258216381073,58761
105.35136866569519,58865
105.38462924957275,58866
105.39914631843567,58918
105.44613432884216,58928
108.29740047454834,58961
116.87691187858582,59031
116.92264914512634,59039
116.93988823890686,59134
117.11226534843445,59217
117.14614629745483,59352
117.15965247154236,59353
117.23817133903503,59419
117.37994265556335,59513
117.39597964286804,59542
117.57082533836365,59665
117.60208988189697,59789
117.63346815109253,59826
117.64748549461365,59950
117.66578221321106,59956
117.72795987129211,59981
128.89846324920654,59996
128.94573044776917,60010
129.1350543498993,60015
129.1813449859619,60188
129.24423742294312,60224
129.32670187950134,60228
129.44885325431824,60262
129.6683874130249,60277
129.73128080368042,60387
129.8885202407837,60452
129.9045283794403,60548
130.60562133789062,60660
133.06028199195862,60691
133.09153199195862,60692
133.1611053943634,60748
133.19239234924316,60843
133.71432304382324,60904
133.76158332824707,60905
133.7772126197815,60988
133.82447242736816,61047
133.91861176490784,61098
134.10953664779663,61124
134.12403964996338,61203
134.28068113327026,61282
134.75780630111694,61296
134.77200627326965,61316
135.03941130638123,61367
136.01548981666565,61425
136.1083505153656,61465
136.17126870155334,61476
136.18689346313477,61477
136.23421049118042,61538
137.13257932662964,61544
139.03055095672607,61553
139.04618120193481,61554
139.2991588115692,61673
139.40972447395325,61709
143.19185042381287,61769
143.58568382263184,61812
143.6348102092743,61865
143.90443086624146,61876
143.92142915725708,61877
145.88428401947021,61879
145.92359256744385,61890
147.1654851436615,61917
147.1654851436615,61989
148.32870388031006,62043
148.39905095100403,62077
148.42712926864624,62173
148.5409495830536,62180
148.55820441246033,62224
148.57272171974182,62225
148.6041510105133,62226
148.6041510105133,62227
148.62755966186523,62228
149.89492964744568,62320
149.94075989723206,62321
150.60503673553467,62405
150.80833387374878,62447
150.82937026023865,62542
150.83838868141174,62562
151.18535161018372,62590
152.11373376846313,62642
152.2558569908142,62767
162.90611100196838,62855
162.95337104797363,62953
163.47289633750916,62995
164.41753602027893,63017
164.44642734527588,63091
173.1054139137268,63097
173.96352458000183,63102
173.9791693687439,63230
174.0593671798706,63273
174.59311819076538,63324
178.9491503238678,63332
179.0609233379364,63357
179.12262749671936,63358
179.98878598213196,63447
181.82902932167053,63466
181.89190697669983,63481
182.11177515983582,63547
182.12907123565674,63606
182.19170761108398,63607
182.43153405189514,63659
182.6455500125885,63832
183.00924730300903,63925
183.02820682525635,64025
183.06550240516663,64061
183.1204080581665,64099
183.16818022727966,64116
183.19950485229492,64158
183.24664568901062,64165
183.56148409843445,64206
183.5791528224945,64275
184.67856645584106,64368
184.78875708580017,64380
184.83566784858704,64465
184.8674511909485,64466
184.8846354484558,64467
184.93170809745789,64468
185.0217227935791,64492
201.82163262367249,64522
201.93139386177063,64523
202.12018728256226,64657
202.22994661331177,64658
202.24557089805603,64659
202.4817452430725,64663
202.48875546455383,64664
202.62202954292297,64697
202.7800509929657,64739
202.95280075073242,64816
203.0156888961792,64832
203.04693937301636,64833
203.23559284210205,64837
203.3142945766449,64838
203.3611695766449,64839
203.471364736557,64891
203.51962304115295,64958
203.5502610206604,64959
203.59752345085144,64994
203.64440250396729,65006
203.66196823120117,65014
203.85042071342468,65034
203.96065664291382,65042
203.97628140449524,65109
204.09054970741272,65200
204.18044233322144,65280
204.19044733047485,65338
204.48155093193054,65339
204.59222793579102,65387
204.70429682731628,65388
204.89676451683044,65389
205.7451376914978,65482
206.07490611076355,65501
206.73567080497742,65503
206.82981300354004,65539
206.84543776512146,65540
207.23855137825012,65585
207.25417637825012,65586
207.3014361858368,65587
207.97919917106628,65595
208.02595853805542,65696
208.1513476371765,65697
208.1986072063446,65718
208.24548625946045,65746
208.2611119747162,65747
208.99570035934448,65802
210.18288803100586,65858
210.18288803100586,65859
210.26510429382324,65961
210.29689955711365,66053
210.3235626220703,66054
210.55953812599182,66063
210.63815689086914,66093
210.63815689086914,66117
215.34333157539368,66144
215.863783121109,66178
215.94249749183655,66179
216.5265383720398,66216
216.54216313362122,66217
216.60562443733215,66339
217.73971390724182,66363
217.8339900970459,66364
219.1321315765381,66457
219.15326857566833,66490
220.45528984069824,66560
221.67466020584106,66597
221.86216616630554,66609
222.4596951007843,66610
222.48932909965515,66611
222.80985045433044,66633
222.83759355545044,66774
222.85159945487976,66814
222.88306784629822,66815
222.94597172737122,66816
227.5381543636322,66818
227.61582922935486,66884
227.6644902229309,66885
231.3621871471405,66917
231.37630438804626,66984
231.51753640174866,66985
231.56519150733948,67060
231.5808346271515,67061
231.6456482410431,67062
231.83350276947021,67063
231.92795419692993,67091
232.7603132724762,67093
232.8071882724762,67094
233.58575534820557,67120
234.5931534767151,67183
234.60992050170898,67227
239.05030918121338,67287
239.56917929649353,67288
239.6260631084442,67289
239.91525316238403,67292
239.9312584400177,67293
240.12647938728333,67319
240.17093086242676,67320
244.87551069259644,67386
245.0169975757599,67409
245.04867935180664,67420
245.20795822143555,67431
245.25531935691833,67450
245.52097177505493,67451
245.58602356910706,67452
246.1313135623932,67484
246.13833260536194,67492
246.1856770515442,67516
246.26419377326965,67555
246.7087197303772,67611
246.73978114128113,67612
246.86406707763672,67664
246.8796968460083,67665
246.92657136917114,67699
247.83877158164978,67755
247.93505764007568,67819
247.99672031402588,67831
247.99672031402588,67832
248.29642176628113,67889
252.43958473205566,67896
252.56825280189514,67917
252.6124930381775,67936
252.66008472442627,67991
252.72308683395386,68055
252.74073576927185,68056
252.94317889213562,68066
253.1632444858551,68159
253.30685710906982,68160
253.79399394989014,68179
254.07693314552307,68180
255.27405905723572,68201
255.5564751625061,68219
256.53124499320984,68221
256.56417298316956,68222
256.70498514175415,68223
256.7545657157898,68224
256.8943979740143,68245
256.91002225875854,68304
257.3823609352112,68325
257.50774693489075,68326
258.45397901535034,68393
259.74500346183777,68410
259.7923049926758,68411
263.47335386276245,68484
265.0104887485504,68532
265.0577611923218,68533
265.9185519218445,68660
265.98940896987915,68661
266.098934173584,68662
266.3694257736206,68663
267.33094906806946,68667
267.3781940937042,68685
269.46655106544495,68707
269.50810170173645,68714
270.0112679004669,68785
270.0425052642822,68787
270.1702597141266,68788
270.6727936267853,68804
273.4185857772827,68899
273.4185857772827,68900
273.7954013347626,68960
274.12560987472534,69024
276.0298709869385,69048
276.24712800979614,69069
276.62253761291504,69107
276.7110481262207,69145
276.772558927536,69146
276.8005590438843,69188
277.0435802936554,69194
277.95279693603516,69204
280.30140376091003,69220
282.27301239967346,69279
282.61758971214294,69303
282.63321447372437,69330
282.6964416503906,69331
288.143315076828,69436
288.93137288093567,69437
289.1821391582489,69483
289.3771393299103,69484
291.9234335422516,69529
291.9864113330841,69530
292.1422655582428,69531
292.1753799915314,69532
292.23640036582947,69533
293.4345943927765,69540
293.51299142837524,69541
293.9993097782135,69552
294.09382247924805,69553
294.4564530849457,69574
294.502094745636,69575
295.62101221084595,69576
295.64006757736206,69606
300.4553017616272,69630
300.6539251804352,69631
300.7930631637573,69632
314.2273705005646,69633
319.5321786403656,69636
319.73712706565857,69637
321.0744652748108,69655
334.35620307922363,69668
334.5930814743042,69676
339.93776631355286,69699
339.95227313041687,69700
342.67569971084595,69701
343.4760625362396,69713
344.0924735069275,69771
344.1427798271179,69772
344.45960235595703,69780
344.6630952358246,69790
346.20463848114014,69804
347.14473938941956,69830
347.4806957244873,69831
349.94628500938416,69935
349.9543888568878,69936
350.54708981513977,69937
353.695672750473,69939
354.4641864299774,69940
357.1748194694519,69941
358.2932872772217,70011
365.8031122684479,70024
367.6668555736542,70025
369.4331223964691,70026
369.5004873275757,70027
369.87606382369995,70100
369.9595205783844,70101
374.4736273288727,70105
