0.00005,46414
0.00134,46814
0.00233,47120
0.00350,48184
0.00448,49090
0.00545,50151
0.00650,50644
0.01159,51132
0.01259,51262
0.01359,51752
0.01461,52118
0.01559,52495
0.01659,53119
0.01762,54008
0.01947,54848
0.02048,55948
0.02149,56207
0.02255,56371
0.02359,56831
0.02477,57132
0.02577,57263
0.02675,57944
0.02770,58899
0.02865,59043
0.02975,59303
0.03073,59684
0.03170,60329
0.03267,60505
0.03371,60806
0.03647,60967
0.04123,61277
0.06640,61401
0.10166,61506
0.11374,61615
0.35526,61717
0.98059,61818
1.12159,61919
