0.0,144
0.0,772
0.0,836
0.0015058517456054688,839
0.0030167102813720703,939
0.0030167102813720703,1038
0.010611772537231445,1080
0.01611924171447754,1108
0.01611924171447754,1172
0.01611924171447754,1173
0.01611924171447754,1230
0.03176164627075195,1242
0.04738783836364746,1276
0.17311954498291016,1308
0.34636640548706055,1314
0.4248840808868408,1345
0.4405078887939453,1407
0.616668701171875,1424
2.2500741481781006,1435
2.2500741481781006,1459
3.1915440559387207,1470
3.2231812477111816,1517
3.3803441524505615,1532
3.3803441524505615,1533
3.45886492729187,1540
3.45886492729187,1556
3.45886492729187,1557
5.8323094844818115,1620
