0.0,2519
0.0,2644
0.0,2943
0.0,3215
0.0,3317
0.016215085983276367,3397
0.016215085983276367,3506
0.016215085983276367,3565
0.016215085983276367,3670
0.016215085983276367,3745
0.016215085983276367,3917
0.030231475830078125,3957
0.030231475830078125,3997
0.030231475830078125,4010
0.030231475830078125,4113
0.045876264572143555,4273
0.045876264572143555,4383
0.045876264572143555,4517
0.045876264572143555,4606
0.045876264572143555,4655
0.045876264572143555,4709
0.061913251876831055,4772
0.061913251876831055,4915
0.061913251876831055,4917
0.061913251876831055,4942
0.07755684852600098,5112
0.07755684852600098,5114
0.07755684852600098,5191
0.07755684852600098,5235
0.09318208694458008,5369
0.09485268592834473,5407
0.21865200996398926,5491
0.23427772521972656,5581
0.23427772521972656,5608
0.24990224838256836,5617
0.2971665859222412,5714
0.9725964069366455,5716
0.9725964069366455,5796
0.9893574714660645,5817
1.0038671493530273,5906
1.0194981098175049,5915
1.035123348236084,5916
1.035123348236084,6017
1.933377981185913,6098
1.933377981185913,6196
4.324089527130127,6310
