0.0,144.0
0.0,772.0
0.0,836.0
0.0,839.0
0.0,939.0
0.015645742416381836,1038.0
0.019629240036010742,1080.0
0.031647682189941406,1108.0
0.031647682189941406,1172.0
0.031647682189941406,1173.0
0.031647682189941406,1230.0
0.047292470932006836,1242.0
0.0790095329284668,1251.0
0.0790095329284668,1268.0
0.09615683555603027,1293.0
0.09615683555603027,1305.0
0.19645452499389648,1336.0
0.41297101974487305,1371.0
0.5877928733825684,1440.0
0.6827840805053711,1441.0
0.6827840805053711,1543.0
1.2226431369781494,1580.0
