0.0,159
0.0,1038
0.011958122253417969,1441
0.011958122253417969,1617
0.011958122253417969,2211
0.011958122253417969,3133
0.011958122253417969,3777
0.013257503509521484,4492
0.013257503509521484,5133
0.013257503509521484,5332
0.013257503509521484,5337
0.013257503509521484,5338
0.013257503509521484,5418
0.013257503509521484,5513
0.013257503509521484,5567
0.013257503509521484,5657
0.013257503509521484,5658
0.02218031883239746,5715
0.02268528938293457,5716
0.027703046798706055,5747
0.13799333572387695,5776
0.13799333572387695,5866
0.8639743328094482,5928
0.8639743328094482,5946
0.8796052932739258,6157
0.8815867900848389,6226
1.8780014514923096,6275
1.8780014514923096,6298
1.8920059204101562,6307
1.9703330993652344,6380
1.9703330993652344,6416
1.9703330993652344,6580
1.9880459308624268,6588
4.001757860183716,6593
4.001757860183716,6602
4.098983526229858,6638
4.098983526229858,6647
4.098983526229858,6653
4.206333637237549,6786
4.206333637237549,6868
4.206333637237549,6935
4.2240211963653564,6994
10.517900228500366,7061
11.061977624893188,7107
11.068995475769043,7115
11.068995475769043,7153
11.095651626586914,7177
11.095651626586914,7218
11.125661373138428,7300
11.125661373138428,7416
11.143412828445435,7457
11.143412828445435,7497
11.394217729568481,7554
11.409831047058105,7656
11.442857503890991,7679
11.444425344467163,7736
11.459167718887329,7775
11.459167718887329,7851
11.459167718887329,7920
11.469184875488281,7921
