0.0,52640.0
0.0,52915.0
0.009506940841674805,53114.0
0.009506940841674805,53390.0
0.036661386489868164,54266.0
0.12083125114440918,54978.0
0.13646173477172852,55071.0
0.16771316528320312,55976.0
0.23060297966003418,56647.0
0.3091111183166504,56840.0
0.3091111183166504,57608.0
0.3247406482696533,58255.0
0.3247406482696533,58369.0
0.3403654098510742,58390.0
0.3559908866882324,59206.0
0.3716151714324951,59709.0
0.3952445983886719,60490.0
0.41887640953063965,60893.0
0.43450212478637695,61048.0
0.45012688636779785,61723.0
0.46575093269348145,62582.0
0.46575093269348145,62701.0
0.48137664794921875,63224.0
0.49738311767578125,63264.0
0.49738311767578125,64136.0
0.5141317844390869,64474.0
0.5184855461120605,64478.0
0.5184855461120605,65374.0
0.5275027751922607,66152.0
0.5310394763946533,67005.0
0.5310394763946533,67667.0
0.6242837905883789,67822.0
0.6271038055419922,68170.0
0.6572461128234863,69038.0
0.7349643707275391,69614.0
0.7505879402160645,69706.0
0.7662134170532227,69912.0
0.7978496551513672,70131.0
0.7978496551513672,71050.0
0.8303754329681396,71317.0
1.2613985538482666,71576.0
1.2613985538482666,72133.0
1.2930092811584473,72530.0
1.296018362045288,73250.0
1.322570562362671,73491.0
1.3382019996643066,74151.0
1.3382019996643066,74940.0
1.3382019996643066,75894.0
1.4321808815002441,76063.0
1.4961860179901123,76289.0
1.5575692653656006,76324.0
1.6048271656036377,76375.0
1.6686134338378906,77070.0
1.6686134338378906,77956.0
1.6913642883300781,78642.0
1.7002530097961426,78812.0
1.7469656467437744,78883.0
1.80013108253479,78947.0
1.8101396560668945,79620.0
1.8451571464538574,80590.0
1.8593459129333496,81568.0
1.9965405464172363,81649.0
2.1722958087921143,82332.0
2.210230827331543,82936.0
2.2682838439941406,83445.0
2.3296146392822266,83808.0
2.3452401161193848,84600.0
2.4602291584014893,84686.0
2.5034022331237793,85315.0
2.560868740081787,86061.0
2.5663793087005615,86198.0
2.5663793087005615,86211.0
2.5976428985595703,86539.0
2.5976428985595703,87186.0
2.6551525592803955,87719.0
2.6774134635925293,88490.0
2.800631284713745,88687.0
2.835376739501953,89190.0
2.835376739501953,89734.0
2.8684141635894775,90184.0
2.877096652984619,90789.0
2.960435152053833,91107.0
3.038959503173828,91413.0
3.149111270904541,91797.0
3.2456142902374268,91954.0
3.2456142902374268,92739.0
3.2797210216522217,93192.0
3.307443141937256,93445.0
3.4812777042388916,94415.0
3.4812777042388916,94444.0
3.5157763957977295,94531.0
3.5157763957977295,95178.0
3.5296261310577393,95974.0
3.587148666381836,96935.0
3.5971531867980957,97209.0
3.6540393829345703,97655.0
3.8120954036712646,97668.0
3.813890218734741,98401.0
3.813890218734741,99228.0
3.813890218734741,99472.0
3.8558084964752197,99993.0
3.861238718032837,100658.0
3.8631210327148438,100873.0
3.8631210327148438,101352.0
3.884439468383789,101871.0
3.9257638454437256,102557.0
3.987227439880371,102891.0
4.0354132652282715,103087.0
4.098848342895508,103223.0
4.098848342895508,103481.0
4.113851547241211,104258.0
4.113851547241211,104363.0
4.113851547241211,105181.0
4.1311376094818115,106119.0
4.1311376094818115,106529.0
4.1311376094818115,107201.0
4.145140647888184,107784.0
4.287060737609863,107917.0
4.300106763839722,108291.0
4.320148468017578,108916.0
4.342179775238037,109369.0
4.342179775238037,109526.0
4.3519346714019775,109631.0
4.363223314285278,109792.0
4.3699305057525635,110189.0
4.384040594100952,110606.0
4.399061679840088,111123.0
4.399061679840088,111883.0
4.399061679840088,112443.0
4.432450532913208,113147.0
4.447554349899292,113365.0
4.463903427124023,113567.0
4.481089353561401,114338.0
4.50961971282959,115072.0
4.556951999664307,115323.0
4.720175504684448,115665.0
4.735821962356567,115889.0
4.737499952316284,116520.0
4.76125693321228,117147.0
4.801021575927734,117683.0
4.868506193161011,117767.0
4.891806125640869,117803.0
4.899815082550049,117816.0
5.029174089431763,118138.0
5.070111513137817,118892.0
5.070111513137817,119062.0
5.148627281188965,119096.0
5.148627281188965,119147.0
5.148627281188965,119796.0
5.213598251342773,120548.0
5.221011638641357,120696.0
5.229626417160034,121087.0
5.346140384674072,121853.0
5.357474327087402,122147.0
5.413456678390503,122762.0
5.413456678390503,123504.0
5.4206624031066895,124325.0
5.425680637359619,124959.0
5.428444862365723,125589.0
5.46077823638916,125970.0
5.468448162078857,125990.0
5.4740283489227295,126479.0
5.621634244918823,126821.0
5.636693000793457,127369.0
5.636693000793457,128356.0
5.71140456199646,128888.0
5.71140456199646,129037.0
5.71140456199646,129980.0
5.732993841171265,130579.0
5.7586095333099365,130695.0
5.7586095333099365,130961.0
5.923069953918457,131051.0
6.100831747055054,131328.0
6.730846643447876,132003.0
6.966787338256836,132298.0
7.002039432525635,133172.0
7.117227077484131,133424.0
7.1423375606536865,133745.0
7.23619270324707,133769.0
7.2451770305633545,133829.0
7.261176109313965,134067.0
7.317766427993774,134253.0
7.413242816925049,134298.0
7.477170467376709,134605.0
7.493185043334961,134779.0
7.49490761756897,135062.0
7.5092082023620605,135948.0
7.668257474899292,136148.0
7.686328411102295,136648.0
7.749812126159668,136687.0
7.749812126159668,137571.0
7.760588645935059,138514.0
7.767103433609009,139429.0
7.825538873672485,139589.0
7.825538873672485,140130.0
7.860170125961304,140498.0
7.860170125961304,140590.0
7.873110055923462,140629.0
7.889019727706909,140816.0
7.904933214187622,141631.0
7.920563220977783,141979.0
7.936189651489258,141984.0
7.984042406082153,142810.0
7.999685764312744,143762.0
8.017331600189209,144092.0
8.017331600189209,144120.0
8.127263069152832,144725.0
8.825043439865112,145238.0
9.218459606170654,145774.0
9.218459606170654,146396.0
9.267021894454956,147065.0
9.267021894454956,147652.0
9.267021894454956,148636.0
9.297851085662842,149036.0
9.304633617401123,149509.0
9.304633617401123,150045.0
9.312652349472046,150836.0
9.471297979354858,151204.0
9.486930847167969,151510.0
9.502554893493652,151601.0
9.504573822021484,151842.0
9.534237623214722,152404.0
9.549849510192871,152954.0
9.597243547439575,153783.0
9.604762077331543,154553.0
9.646156787872314,154600.0
9.676313400268555,155057.0
9.755464315414429,155764.0
9.771089792251587,156281.0
9.772810697555542,157264.0
9.78682804107666,157520.0
9.881474256515503,157905.0
9.884068489074707,158658.0
9.905105590820312,159493.0
9.913625001907349,160250.0
9.930968999862671,161231.0
9.992027044296265,162137.0
10.092209815979004,162508.0
10.12076711654663,162529.0
10.12076711654663,163334.0
10.150961875915527,164306.0
10.197973251342773,164853.0
10.355371475219727,165207.0
10.370996236801147,166019.0
10.405251741409302,166147.0
10.480759859085083,166752.0
10.505391120910645,167110.0
10.581687688827515,167819.0
10.653662919998169,168460.0
10.779449939727783,169019.0
10.79658555984497,169963.0
10.85797667503357,170384.0
11.139261722564697,170844.0
11.357933759689331,171089.0
11.377026796340942,171116.0
11.377026796340942,171853.0
11.45269250869751,171890.0
11.483975410461426,172264.0
11.531540155410767,172746.0
11.531540155410767,172955.0
11.580182313919067,173342.0
11.612552404403687,173691.0
11.628183841705322,174603.0
11.661706447601318,175136.0
11.661706447601318,175483.0
11.675837516784668,176019.0
11.692021131515503,176040.0
11.801061391830444,176457.0
11.832701206207275,176646.0
11.864050149917603,176906.0
11.865702390670776,177394.0
11.911402940750122,178048.0
11.911402940750122,178234.0
11.927048206329346,179120.0
11.927048206329346,179829.0
12.0215322971344,179907.0
12.038897275924683,180505.0
12.16387414932251,180987.0
12.240620613098145,181594.0
12.433465480804443,181860.0
12.433465480804443,182291.0
12.433465480804443,183083.0
12.449607372283936,183675.0
12.50901198387146,184228.0
12.809208154678345,184696.0
12.826496601104736,185380.0
12.877296447753906,185783.0
12.970571756362915,186730.0
13.087302684783936,186759.0
13.194878816604614,187448.0
13.21088695526123,187803.0
13.226516723632812,188351.0
13.27339243888855,188634.0
13.335923194885254,189208.0
13.414093255996704,189444.0
13.431952714920044,189782.0
13.558307886123657,190144.0
13.572685480117798,191123.0
13.809399604797363,191473.0
13.87262225151062,192104.0
13.921231031417847,192170.0
14.092437744140625,192478.0
14.155507802963257,193099.0
14.53564167022705,193656.0
14.598661422729492,193770.0
15.01146674156189,194138.0
15.058346033096313,194372.0
15.668863296508789,194376.0
15.77640676498413,194882.0
15.82338547706604,195304.0
15.823902130126953,195799.0
15.853551626205444,196692.0
15.916434526443481,197423.0
15.932064294815063,197630.0
16.038198947906494,198582.0
16.064403772354126,198792.0
16.085236310958862,199443.0
16.100422143936157,199478.0
16.19794535636902,199593.0
16.225518465042114,200363.0
16.74945330619812,200861.0
16.76508378982544,201182.0
16.78072190284729,201897.0
16.78072190284729,202098.0
16.797930240631104,202235.0
17.751964569091797,202418.0
18.05081868171692,202983.0
18.071160554885864,203437.0
18.21243643760681,203785.0
18.21243643760681,204462.0
18.239397764205933,204746.0
18.4186372756958,205339.0
18.464277982711792,206052.0
18.812692165374756,206592.0
18.94082283973694,206864.0
18.94082283973694,207380.0
18.974204301834106,207608.0
19.112879514694214,208291.0
19.21971368789673,209039.0
19.24537205696106,209534.0
19.35773277282715,210104.0
19.359761953353882,210194.0
19.40003752708435,210806.0
19.432496309280396,211589.0
19.508909702301025,212275.0
19.523531675338745,212799.0
19.529199600219727,213687.0
19.879700183868408,214436.0
19.898054599761963,215085.0
19.914062023162842,215255.0
20.023937940597534,215974.0
20.25905156135559,216317.0
21.254186391830444,216749.0
21.269829988479614,216785.0
21.337982416152954,216933.0
21.387643814086914,217333.0
21.46544575691223,218012.0
21.590739727020264,218801.0
21.79432487487793,219687.0
21.974133014678955,220210.0
21.988059282302856,220240.0
22.018814086914062,221049.0
22.022754192352295,221214.0
22.06744885444641,221913.0
22.135419845581055,221993.0
23.024062395095825,222223.0
23.168193817138672,222258.0
23.28044867515564,222744.0
23.341724634170532,223237.0
23.341724634170532,223754.0
23.420136213302612,223974.0
23.43687415122986,224220.0
23.451655626296997,224514.0
23.451655626296997,225431.0
23.608554124832153,225614.0
23.640238523483276,226304.0
23.76642894744873,226703.0
23.81477165222168,227226.0
24.12505006790161,227315.0
24.265467405319214,227387.0
24.283674716949463,227510.0
24.297192096710205,228234.0
24.580064296722412,228515.0
24.599156379699707,228809.0
24.606053590774536,229796.0
24.612650632858276,230273.0
24.85517120361328,230449.0
25.182124853134155,230810.0
25.378978729248047,231583.0
25.387089729309082,232482.0
25.413271188735962,232958.0
26.11913776397705,233020.0
26.17415189743042,233054.0
26.20193362236023,233426.0
26.243595600128174,233921.0
26.407001495361328,234746.0
26.536767959594727,235480.0
26.68209457397461,235705.0
26.77482509613037,235809.0
26.792454481124878,235850.0
26.877574920654297,236322.0
26.927088975906372,237024.0
26.94271945953369,237349.0
26.958344221115112,237962.0
27.03289818763733,238283.0
27.066752433776855,238752.0
27.22146773338318,239194.0
27.34822726249695,239682.0
27.37680745124817,240331.0
27.43350076675415,240334.0
27.75282621383667,241062.0
28.297427892684937,241327.0
28.415147066116333,241665.0
28.64227271080017,242173.0
28.70269775390625,242719.0
28.84094738960266,243350.0
29.061074018478394,243565.0
29.148808240890503,244184.0
29.21826481819153,244567.0
29.234939336776733,245287.0
29.755858421325684,245376.0
29.76017165184021,246124.0
29.89215588569641,246381.0
30.056089162826538,246639.0
30.12755012512207,246809.0
30.237645626068115,246901.0
30.7580988407135,247434.0
30.76643419265747,247552.0
31.126532554626465,247997.0
31.200061321258545,248638.0
31.321632146835327,248930.0
31.57786202430725,249578.0
31.72528648376465,250152.0
31.74892783164978,250656.0
32.37600898742676,251185.0
32.56449484825134,251719.0
32.57849860191345,252661.0
33.2128701210022,253206.0
33.27504587173462,253335.0
33.648855686187744,253643.0
35.07153820991516,253803.0
35.08720660209656,253898.0
35.09081721305847,253915.0
35.09430527687073,254186.0
35.10186743736267,254604.0
35.13556909561157,255290.0
35.15188121795654,255965.0
35.175219774246216,256218.0
35.64008378982544,256280.0
35.752185106277466,256466.0
36.76602602005005,256468.0
37.43422079086304,256502.0
37.63097810745239,257181.0
37.711106300354004,257860.0
37.80444288253784,258329.0
37.958104848861694,258546.0
38.030773401260376,259092.0
38.17581868171692,259602.0
39.01203179359436,259623.0
39.093514919281006,259918.0
39.47788763046265,260745.0
39.502182483673096,260904.0
39.51068186759949,261190.0
40.74155855178833,261486.0
40.90210247039795,262253.0
40.91888475418091,262686.0
40.925843238830566,263256.0
41.021745443344116,263384.0
41.029751777648926,263583.0
41.070613384246826,263667.0
42.18963122367859,263877.0
42.43690848350525,264208.0
42.53146958351135,264426.0
42.62690329551697,264621.0
43.77166938781738,264802.0
43.779664516448975,265699.0
43.863855600357056,266419.0
45.295366525650024,266659.0
47.378594636917114,267273.0
47.932605504989624,267607.0
48.093369483947754,268386.0
49.27965235710144,268950.0
49.417442321777344,269499.0
50.16028571128845,269556.0
50.17036557197571,270073.0
51.29334878921509,270079.0
51.653555154800415,270848.0
52.06480646133423,271224.0
52.102336406707764,271755.0
52.11630892753601,272300.0
52.45756006240845,272429.0
52.53839635848999,273144.0
52.995206356048584,273714.0
53.00621032714844,274574.0
53.65037441253662,274623.0
54.14286494255066,274644.0
56.675902128219604,275013.0
60.886494398117065,275251.0
61.75217008590698,275468.0
61.971949338912964,276241.0
62.8562536239624,276322.0
63.97257089614868,276446.0
65.62424921989441,276801.0
65.89880442619324,277054.0
66.29849672317505,277743.0
66.38754320144653,278333.0
66.84443426132202,279124.0
71.82862401008606,279208.0
72.90496182441711,279259.0
