0.0,626.0
0.0,1684.0
0.0,1906.0
0.0,2131.0
0.0,2288.0
0.0,2352.0
0.0,2353.0
0.0,2476.0
0.0,2487.0
0.0,2488.0
0.0,2563.0
0.01564502716064453,2576.0
0.01564502716064453,2717.0
0.01564502716064453,2888.0
0.01564502716064453,2964.0
0.01564502716064453,2988.0
0.01564502716064453,3118.0
0.01564502716064453,3185.0
0.04689478874206543,3202.0
0.04689478874206543,3256.0
0.04689478874206543,3299.0
0.04689478874206543,3311.0
0.04689478874206543,3312.0
0.3635904788970947,3341.0
0.6148035526275635,3344.0
0.7882099151611328,3360.0
0.8354640007019043,3414.0
0.8354640007019043,3455.0
0.8354640007019043,3456.0
1.1843161582946777,3483.0
1.1843161582946777,3558.0
1.1998348236083984,3598.0
2.0741376876831055,3645.0
2.5695748329162598,3661.0
2.648395299911499,3662.0
2.6728219985961914,3663.0
2.6802597045898438,3700.0
2.7122387886047363,3705.0
2.9161629676818848,3712.0
3.4076507091522217,3741.0
