0.0,23125
0.0,23351
0.0,24234
0.0,24532
0.0,25114
0.021069765090942383,25235
0.035449981689453125,25248
0.24628496170043945,25256
0.2508821487426758,25257
0.2589423656463623,25341
0.27344584465026855,25342
0.2784101963043213,25433
0.8083951473236084,25483
0.8256373405456543,25564
1.1854968070983887,25568
1.1854968070983887,25573
1.2484996318817139,25686
1.264003038406372,25687
1.2952570915222168,25843
2.3499622344970703,25903
2.3688833713531494,25904
2.519543409347534,25911
2.519543409347534,25912
2.55120587348938,25986
2.55120587348938,26002
2.6137759685516357,26055
2.6500532627105713,26123
2.6610686779022217,26211
2.6610686779022217,26212
2.6610686779022217,26220
5.86296820640564,26249
5.909862518310547,26253
5.941112756729126,26354
5.957150936126709,26421
5.988583564758301,26460
6.019853830337524,26533
6.2712929248809814,26632
6.286916971206665,26678
6.302542209625244,26731
6.318167448043823,26823
6.318167448043823,26858
6.333792448043823,26929
6.648270845413208,26964
6.664308071136475,26967
6.664308071136475,27039
6.664308071136475,27066
6.679953098297119,27099
6.7554709911346436,27111
6.758491039276123,27175
6.7741358280181885,27221
10.233442783355713,27243
10.485065937042236,27315
10.500704526901245,27453
10.500704526901245,27454
12.332032442092896,27509
12.52301812171936,27548
12.681533575057983,27605
12.681533575057983,27613
12.697178602218628,27751
12.744053602218628,27792
12.744053602218628,28012
12.772196531295776,28030
13.059213876724243,28097
13.122329473495483,28163
13.137954473495483,28186
13.137954473495483,28292
31.360245943069458,28298
32.24212121963501,28388
32.25703239440918,28552
32.258052349090576,28567
32.27369689941406,28575
33.73946833610535,28588
33.73946833610535,28589
33.75509738922119,28608
43.69616389274597,28641
43.71178865432739,28694
43.71178865432739,28795
43.71178865432739,28833
43.75907611846924,28960
43.95300269126892,28961
43.96250677108765,28962
43.978137493133545,28963
44.025012254714966,28970
44.43348670005798,28993
44.48079323768616,29059
44.48079323768616,29143
44.574974060058594,29153
44.574974060058594,29312
44.606224060058594,29362
44.606224060058594,29377
44.62658143043518,29378
44.67094540596008,29419
44.73185729980469,29457
44.74748206138611,29513
44.779163122177124,29535
44.9202184677124,29559
44.9202184677124,29616
44.9358434677124,29663
44.967506647109985,29740
45.03013253211975,29837
45.05577516555786,29846
45.21921229362488,29857
45.21921229362488,29860
45.677507162094116,29907
45.72452473640442,29958
45.740578413009644,30045
45.740578413009644,30056
45.740578413009644,30063
45.77256107330322,30168
45.77256107330322,30169
45.851418018341064,30366
46.50087809562683,30382
46.51650309562683,30473
46.595895290374756,30513
46.62714123725891,30555
68.34031462669373,30570
68.34031462669373,30588
68.38720893859863,30589
68.38720893859863,30590
68.42747712135315,30710
68.42747712135315,30757
68.45013999938965,30817
68.48138999938965,30818
68.49701499938965,30858
68.5302996635437,30878
68.55651473999023,30879
68.66681742668152,30889
68.68196439743042,30895
68.69802927970886,30896
68.71386766433716,30946
68.74598407745361,30975
68.79308342933655,31019
69.27946019172668,31066
69.29508519172668,31122
69.29508519172668,31123
69.4048924446106,31149
69.45219945907593,31168
69.45219945907593,31195
69.59324622154236,31213
69.64053344726562,31214
69.71874928474426,31298
69.81293392181396,31299
70.54047322273254,31332
70.55610799789429,31443
70.68111824989319,31586
70.69714903831482,31611
70.69714903831482,31619
70.74473857879639,31641
70.96601033210754,31692
73.14297294616699,31740
73.14297294616699,31877
73.15901947021484,31878
73.1742422580719,31928
73.24320530891418,31936
73.24320530891418,31937
73.30097103118896,31944
73.77767252922058,31977
73.82524561882019,32002
74.42843890190125,32026
74.44365167617798,32118
74.44917035102844,32154
74.44917035102844,32155
74.45968842506409,32156
74.50762248039246,32239
74.85823130607605,32316
75.11049461364746,32336
75.15134310722351,32381
76.35548043251038,32458
76.37091660499573,32527
77.65221500396729,32542
77.73077249526978,32614
77.73077249526978,32615
77.74639701843262,32616
77.76241898536682,32735
77.98240900039673,32895
77.99804592132568,32900
78.33046174049377,32925
78.4256010055542,32984
78.44172477722168,33101
78.46289205551147,33102
78.51980566978455,33113
78.51980566978455,33114
78.53543066978455,33144
78.58875298500061,33187
78.60437774658203,33188
78.77805829048157,33240
78.7943754196167,33270
79.03218722343445,33308
79.14315271377563,33323
79.1655764579773,33436
79.60213041305542,33438
79.63338017463684,33461
79.64938807487488,33506
79.6967134475708,33514
80.77126264572144,33557
80.78328037261963,33558
86.73537349700928,33615
86.78587889671326,33652
86.81354188919067,33721
86.86041688919067,33723
86.89172577857971,33747
87.00153374671936,33750
87.01717925071716,33778
90.9700243473053,33801
91.06552720069885,33847
91.16014838218689,33848
91.23918986320496,33857
91.53811740875244,33945
91.53811740875244,33946
91.66408014297485,33958
91.7426393032074,33961
91.77459645271301,34050
91.7899158000946,34051
91.80595326423645,34059
91.82199764251709,34060
92.41937446594238,34118
92.48229122161865,34165
92.53009009361267,34222
92.59223413467407,34223
92.61012935638428,34298
92.81581687927246,34332
93.02209234237671,34333
93.18120098114014,34358
93.30713105201721,34361
93.32277584075928,34387
93.32277584075928,34388
93.62439608573914,34484
93.94137787818909,34546
94.03608655929565,34550
94.10011458396912,34669
94.24246501922607,34725
94.25846910476685,34730
94.7177665233612,34751
94.8442554473877,34837
94.95406198501587,34870
94.96968674659729,34962
95.42459678649902,34974
95.75526237487793,34983
95.90969061851501,35012
95.94436955451965,35013
96.0253586769104,35037
96.13566732406616,35052
96.23146033287048,35053
96.24752020835876,35120
96.8662223815918,35134
97.57590675354004,35186
97.71582627296448,35187
98.5388970375061,35206
98.57060289382935,35222
98.602303981781,35224
98.82034397125244,35235
100.28009867668152,35244
100.31136846542358,35284
100.32740497589111,35285
100.60933017730713,35301
100.78181385993958,35318
100.98620533943176,35369
100.98620533943176,35396
106.04944777488708,35403
117.01096558570862,35404
117.05784058570862,35405
117.56235361099243,35406
117.60961866378784,35407
117.67612648010254,35416
117.82953524589539,35417
118.7471776008606,35448
118.81011056900024,35449
119.03342485427856,35465
119.50704073905945,35466
120.3839361667633,35492
120.39245462417603,35509
120.42372345924377,35538
123.87309002876282,35629
124.01428842544556,35630
129.45395731925964,35635
129.46958231925964,35694
129.71419429779053,35695
130.4163954257965,35715
131.20059394836426,35729
131.23222827911377,35740
132.8280394077301,35742
132.85830903053284,35768
132.87429404258728,35769
133.04903388023376,35770
133.17458605766296,35771
133.25763297080994,35772
133.33263754844666,35782
133.3970730304718,35783
139.81712770462036,35790
139.927428483963,35791
140.68587946891785,35801
140.71712946891785,35802
141.70674395561218,35809
143.51100945472717,35835
143.823810338974,35844
144.2518756389618,35845
144.36510920524597,35846
144.50719738006592,35862
146.6589651107788,35874
147.60510063171387,35880
147.76210141181946,35881
147.87270951271057,35882
147.93563103675842,35883
148.2824125289917,35884
148.52177739143372,35886
153.82031989097595,35902
156.08739829063416,35924
156.2630114555359,35925
156.5323097705841,35927
157.02420663833618,35954
157.07154631614685,35955
157.32721376419067,35963
157.46826934814453,35964
158.89412379264832,35972
158.9061267375946,35973
