0.0,9724
0.0,10055
0.0,10236
0.016135454177856445,10254
0.034873247146606445,10294
0.1579575538635254,10299
0.2521030902862549,10334
0.2833530902862549,10393
0.2833530902862549,10394
0.2833530902862549,10395
0.2833530902862549,10515
0.2994844913482666,10537
0.2994844913482666,10561
0.2994844913482666,10645
0.2994844913482666,10646
0.2994844913482666,10765
0.34626078605651855,10839
0.34626078605651855,10850
0.361891508102417,10851
0.6136209964752197,10981
0.6292548179626465,11022
0.8352863788604736,11154
0.8492908477783203,11207
0.8492908477783203,11208
0.8492908477783203,11213
0.864922285079956,11336
0.8805465698242188,11420
1.0560414791107178,11423
1.449216604232788,11440
2.2660961151123047,11458
2.28338623046875,11461
2.297391653060913,11528
2.628079652786255,11552
2.643704414367676,11587
2.6593306064605713,11698
2.6593306064605713,11738
2.674954652786255,11923
6.968753099441528,11975
6.968753099441528,12005
7.1419055461883545,12027
7.208116054534912,12106
7.21012282371521,12185
7.222340822219849,12215
7.235844612121582,12234
7.235844612121582,12361
11.363795757293701,12449
11.379420757293701,12582
11.395049333572388,12643
16.15457797050476,12705
16.17020320892334,12775
16.188197135925293,12823
16.201714038848877,12838
16.203402519226074,12919
16.203402519226074,12920
16.21983551979065,12962
16.225353240966797,12982
17.229557275772095,13005
17.229557275772095,13006
17.241074085235596,13039
17.258784770965576,13179
17.258784770965576,13180
17.30665349960327,13185
17.30665349960327,13284
17.327306509017944,13388
17.335824489593506,13410
17.587422132492065,13423
17.627713680267334,13432
20.524548292160034,13468
20.5370671749115,13506
20.574102878570557,13515
20.574102878570557,13570
20.653133153915405,13665
20.68279266357422,13672
26.107130527496338,13689
26.628798961639404,13703
26.647833347320557,13727
26.882395267486572,13751
26.882395267486572,13752
26.898456573486328,13775
26.91419506072998,13811
26.930676221847534,13838
26.948342323303223,13909
26.959859609603882,14036
26.959859609603882,14060
28.1161789894104,14114
28.65689969062805,14177
28.65689969062805,14193
28.705668687820435,14268
31.293871879577637,14330
31.37133812904358,14357
31.37133812904358,14358
31.37133812904358,14359
31.40268635749817,14386
31.458069324493408,14403
33.80093741416931,14470
34.46172761917114,14487
34.49088716506958,14488
34.569422483444214,14501
34.616315841674805,14529
34.63194155693054,14540
34.665098428726196,14541
34.71134662628174,14589
34.76140737533569,14590
34.97327995300293,14619
35.219762563705444,14653
35.229995012283325,14714
36.52982831001282,14718
36.58623385429382,14735
36.65083122253418,14741
38.29302453994751,14766
38.34213995933533,14809
38.37919783592224,14815
38.443705558776855,14818
39.51806449890137,14820
40.45338249206543,14829
40.45338249206543,14846
40.47152614593506,14847
40.48675489425659,14848
40.58138418197632,14871
45.84473013877869,14878
45.86033391952515,14879
