0.0,1274
0.0,1293
0.0,2201
0.0,3060
0.015618324279785156,3256
0.015618324279785156,3486
0.018192529678344727,4075
0.02382659912109375,4436
0.02382659912109375,5200
0.02433609962463379,5576
0.02433609962463379,5760
0.02433609962463379,6369
0.02433609962463379,7339
0.02433609962463379,7745
0.02433609962463379,7977
0.02433609962463379,8172
0.03134584426879883,8298
0.03134584426879883,9023
0.03134584426879883,9814
0.03134584426879883,10745
0.03134584426879883,10977
0.03134584426879883,11423
0.03134584426879883,12089
0.03134584426879883,12944
0.03134584426879883,13046
0.03134584426879883,13174
0.03134584426879883,13369
0.03134584426879883,13503
0.03134584426879883,14391
0.04698443412780762,14630
0.04698443412780762,15402
0.04698443412780762,15429
0.06300830841064453,15443
0.06300830841064453,15718
0.06300830841064453,16629
0.08051013946533203,16771
0.08051013946533203,16850
0.08051013946533203,17045
0.11015582084655762,17100
0.11015582084655762,17217
0.11015582084655762,17815
0.11015582084655762,17905
0.11015582084655762,18428
0.11015582084655762,18530
0.11015582084655762,18849
0.11015582084655762,19059
0.1257801055908203,19416
0.1257801055908203,19676
0.1257801055908203,19871
0.1257801055908203,20356
0.14140582084655762,20657
0.14140582084655762,20734
0.14140582084655762,20914
0.14140582084655762,21705
0.8498961925506592,21944
0.8498961925506592,22071
1.0866751670837402,22205
1.0866751670837402,22570
1.3553171157836914,22902
1.3553171157836914,23014
1.3638269901275635,23040
1.3638269901275635,23293
1.3638269901275635,23488
1.5647485256195068,23687
1.9684200286865234,23803
1.9684200286865234,23931
2.1567416191101074,24132
2.1567416191101074,24463
2.25091290473938,24808
2.457826614379883,25076
2.6934001445770264,25124
2.772291421890259,25615
2.8035495281219482,25635
2.8035495281219482,26009
2.820981502532959,26017
2.8366525173187256,26119
2.8366525173187256,26370
2.851806163787842,26648
2.851806163787842,26715
3.5317420959472656,26796
3.545247793197632,27078
3.65673828125,27117
3.6716153621673584,27313
3.7031264305114746,27400
3.908050775527954,27426
4.0505125522613525,27551
4.086735010147095,27635
4.086735010147095,27917
