0.0,1046
0.0,1137
0.0,1280
0.0,1387
0.0063419342041015625,1486
0.0063419342041015625,1497
0.016930580139160156,1590
0.01743483543395996,1636
0.01743483543395996,1794
0.033611297607421875,1865
0.033611297607421875,1876
0.033611297607421875,1983
0.033611297607421875,1986
0.033611297607421875,1995
0.033611297607421875,2068
0.033611297607421875,2084
0.05093812942504883,2094
0.05093812942504883,2108
0.05093812942504883,2133
0.05093812942504883,2158
0.05093812942504883,2191
0.05093812942504883,2193
0.15766429901123047,2197
0.5193328857421875,2252
0.5193328857421875,2280
0.9472746849060059,2289
0.9769208431243896,2296
0.9769208431243896,2297
1.319326400756836,2381
