0.0,57758
0.0070111751556396484,58050
0.0070111751556396484,58719
0.0070111751556396484,59036
0.0070111751556396484,59621
0.022648334503173828,59795
0.05389881134033203,59911
0.05389881134033203,60017
0.11679935455322266,60101
0.11679935455322266,60212
0.13242173194885254,60314
0.1656794548034668,60418
0.33732080459594727,60524
0.33732080459594727,60801
0.43947505950927734,60908
0.5362691879272461,60947
0.5422756671905518,61106
0.5800526142120361,61214
0.5885717868804932,61317
0.6836585998535156,61366
0.6992852687835693,61563
0.7149074077606201,61702
0.8284952640533447,61769
0.8319997787475586,61870
0.8526511192321777,62007
0.8556351661682129,62108
0.9741616249084473,62211
0.9741616249084473,62319
1.0841434001922607,62403
1.092543125152588,62516
1.115708827972412,62617
1.1338634490966797,62674
1.1474361419677734,62795
1.1474361419677734,62898
1.2265536785125732,62983
1.2265536785125732,63112
1.2439699172973633,63213
1.5035834312438965,63315
1.5223684310913086,63419
1.567164421081543,63516
1.599916934967041,63618
1.599916934967041,63761
1.6144206523895264,63873
1.6334171295166016,64019
1.6822896003723145,64110
1.7669949531555176,64294
1.7735018730163574,64395
1.7735018730163574,64526
1.7735018730163574,64714
1.9610226154327393,64806
1.9675302505493164,64914
2.023923635482788,65004
2.167633056640625,65195
2.181135892868042,65319
2.341601848602295,65392
2.4196581840515137,65496
2.436354398727417,65605
2.5853705406188965,65704
2.689131259918213,65785
2.7052462100982666,65918
2.7516307830810547,66019
2.805699110031128,66099
2.85505747795105,66273
2.85505747795105,66402
2.987370014190674,66417
3.068925619125366,66512
3.0980732440948486,66568
3.1548256874084473,66595
3.2233495712280273,66704
3.333116292953491,66833
3.333116292953491,66957
3.3487415313720703,67118
3.411638021469116,67161
3.411638021469116,67271
3.411638021469116,67372
3.469517469406128,67492
3.490152597427368,67619
3.9181275367736816,67643
3.9317240715026855,67809
3.946732997894287,67914
4.025257587432861,67924
4.025257587432861,68039
4.04088282585144,68176
4.04088282585144,68385
4.04088282585144,68504
4.091197490692139,68614
4.182841777801514,68678
4.198476314544678,68784
4.198476314544678,68887
4.245349407196045,69016
4.483806133270264,69080
4.497323989868164,69196
4.530495882034302,69329
4.530495882034302,69458
4.545013904571533,69465
4.545013904571533,69582
4.594439506530762,69732
4.594439506530762,69899
4.751596927642822,70016
4.797759532928467,70118
4.797759532928467,70130
4.813384056091309,70266
4.81499457359314,70391
4.829514026641846,70579
4.848674058914185,70716
5.349267959594727,70811
5.505652904510498,70908
5.584160804748535,71018
5.738664627075195,71055
5.754290342330933,71187
5.7873759269714355,71256
5.7873759269714355,71405
6.173396587371826,71507
6.225781202316284,71615
6.3984458446502686,71712
6.41407036781311,71813
6.429695129394531,71915
6.634544372558594,71982
6.650169610977173,72114
6.9169769287109375,72116
7.094510078430176,72174
7.123116493225098,72300
7.1748716831207275,72305
7.353839635848999,72410
7.467628717422485,72481
7.488426208496094,72608
7.488426208496094,72718
7.585590839385986,72814
7.886775732040405,72918
8.301122188568115,72979
8.316747426986694,73117
8.34799838066101,73141
8.363621473312378,73285
8.457765579223633,73390
8.520657062530518,73493
8.551907062530518,73533
8.551907062530518,73809
8.584452867507935,73914
8.633418321609497,74002
8.725443124771118,74119
9.183765172958374,74218
9.286174058914185,74302
9.377313137054443,74412
10.589275598526001,74543
10.589275598526001,74676
10.589275598526001,74813
10.60490107536316,74815
10.739693403244019,74919
10.771023511886597,75008
10.779529094696045,75188
10.836012125015259,75311
10.979532718658447,75412
11.064729928970337,75517
11.159008026123047,75615
11.505200862884521,75714
11.840940237045288,75811
11.871402502059937,75913
12.044196367263794,76019
12.180724382400513,76027
12.180724382400513,76191
12.20138430595398,76305
12.258755207061768,76315
12.392271757125854,76318
12.689577102661133,76319
12.783718585968018,76359
12.830598592758179,76499
12.881978034973145,76600
12.961541414260864,76639
12.961541414260864,76740
12.974182844161987,76856
13.003866195678711,76992
13.022353887557983,77112
13.130367994308472,77207
13.27185869216919,77292
13.28787112236023,77470
13.35037612915039,77501
13.382633686065674,77603
13.571617841720581,77608
13.665757656097412,77612
13.697390794754028,77614
13.98392915725708,77671
14.042315483093262,77801
14.425109148025513,77886
14.440734386444092,77992
14.471985101699829,78101
14.629241704940796,78102
14.69212555885315,78218
14.707755327224731,78251
14.770741939544678,78370
14.802556276321411,78495
14.865061044692993,78612
14.89669394493103,78618
14.96027398109436,78767
15.0544912815094,78893
15.0544912815094,78997
15.11718487739563,79119
15.525894403457642,79219
15.604409456253052,79303
15.685543537139893,79407
15.761053800582886,79416
15.87082290649414,79503
15.964967012405396,79605
15.996603965759277,79719
16.059109926223755,79819
16.153289079666138,79916
16.153289079666138,80096
16.16891598701477,80204
16.514272212982178,80307
16.563387870788574,80415
16.68742537498474,80491
16.918230533599854,80588
16.9559907913208,80604
17.16139531135559,80717
17.238786935806274,80785
17.270037412643433,80788
17.288168907165527,80912
17.56858491897583,80996
18.4245285987854,81104
18.498522996902466,81116
18.587244510650635,81215
19.131054162979126,81300
19.209580421447754,81314
19.272080421447754,81358
19.3037166595459,81514
19.366222620010376,81547
19.366222620010376,81684
19.390332221984863,81788
19.39783763885498,81894
19.42909288406372,81895
19.509178638458252,81983
19.649300575256348,82004
19.74405789375305,82109
19.991090297698975,82164
20.001394748687744,82315
20.327893018722534,82378
20.343518495559692,82514
20.75161051750183,82599
20.940786123275757,82704
21.03493618965149,82789
21.05055832862854,82899
21.81677532196045,83012
22.113916158676147,83090
22.11937117576599,83281
22.11937117576599,83403
23.23283076286316,83509
23.752963542938232,83518
23.768588304519653,83660
23.768588304519653,83779
23.800225973129272,83903
23.8627450466156,84015
24.239456176757812,84103
24.35052180290222,84160
24.35052180290222,84296
24.39889693260193,84400
24.415366411209106,84514
24.446641206741333,84599
24.476776599884033,84700
24.52405309677124,84794
24.571404933929443,84915
24.714295387268066,84935
24.72880530357361,85081
24.760411262512207,85166
24.903270959854126,85281
25.374316453933716,85307
25.421618223190308,85396
25.599414348602295,85479
25.66142988204956,85616
27.138059377670288,85811
27.153684377670288,85916
27.169309854507446,85919
27.216569185256958,85990
27.216569185256958,86092
27.404850959777832,86207
27.45173168182373,86291
27.514618396759033,86395
27.57712411880493,86504
27.62439513206482,86563
27.671269416809082,86592
27.70302391052246,86699
28.017078399658203,86710
29.62230944633484,86819
30.31303334236145,86918
30.360018014907837,86995
30.441890478134155,87010
30.56464695930481,87088
30.56464695930481,87192
30.59589719772339,87293
30.628936529159546,87396
30.64358401298523,87504
30.800302267074585,87551
30.800302267074585,87712
31.14602017402649,87807
31.16164541244507,87911
31.508545398712158,88004
31.523064136505127,88111
31.59174656867981,88214
31.744147539138794,88219
31.885340690612793,88316
32.07363700866699,88318
32.093756675720215,88334
32.10769748687744,88403
32.18674111366272,88510
32.40829586982727,88592
32.43265247344971,88702
32.453922510147095,88807
32.62732410430908,88809
32.64295768737793,89001
32.816442251205444,89066
32.863322496414185,89077
32.91070032119751,89189
32.94183278083801,89210
33.05181527137756,89310
33.11470150947571,89319
33.74680161476135,89402
33.857418060302734,89511
34.0215425491333,89517
34.28713417053223,89611
34.54502201080322,89686
34.555569887161255,89702
34.698718309402466,89799
34.76720595359802,89896
34.845723390579224,90003
34.90825605392456,90090
34.95546770095825,90108
35.03398561477661,90117
35.08086037635803,90280
35.128119707107544,90411
35.15937519073486,90418
35.36300015449524,90460
35.39425230026245,90504
35.441521883010864,90508
35.51303172111511,90618
37.40609836578369,90715
37.50024628639221,90780
37.56315636634827,90799
37.64188241958618,90857
37.67313551902771,91009
37.720394134521484,91115
37.831777811050415,91190
37.915945053100586,91297
37.989479780197144,91301
38.14690566062927,91313
38.288320779800415,91402
38.366851806640625,91404
38.52391076087952,91511
39.89265537261963,91603
39.89265537261963,91705
40.002856731414795,91719
40.199023962020874,91802
40.25414776802063,91815
40.520270109176636,91878
40.54266428947449,91981
40.58743762969971,92082
40.60418725013733,92183
40.69831323623657,92317
47.25135612487793,92383
47.38347411155701,92410
47.68318271636963,92495
47.71490836143494,92504
48.0286283493042,92515
50.162548542022705,92528
50.210522174835205,92668
50.210522174835205,92673
50.244643211364746,92786
50.273298501968384,92901
50.336336851119995,93003
50.3519811630249,93118
50.51830768585205,93194
50.65048909187317,93312
50.778549671173096,93414
51.48249006271362,93508
52.13271450996399,93575
52.21967267990112,93583
52.41095495223999,93618
52.848809003829956,93707
52.896541595458984,93798
53.067315101623535,93818
53.41400074958801,93884
53.46925354003906,94112
53.59542226791382,94209
53.76871109008789,94216
54.022443532943726,94228
54.052082777023315,94359
54.067716121673584,94519
54.28823947906494,94603
54.52241659164429,94705
55.088552713394165,94711
56.00292468070984,94743
56.03720140457153,94907
56.22585391998291,94967
56.29327201843262,95080
56.32049798965454,95105
56.337228536605835,95219
59.81195664405823,95313
59.98722243309021,95317
60.12880492210388,95390
60.19019651412964,95397
60.20582032203674,95516
60.31558585166931,95615
60.43372201919556,95618
60.587143898010254,95719
71.21014761924744,95788
71.25690722465515,95796
71.2881646156311,95818
71.2881646156311,95919
73.25948596000671,95947
73.66382575035095,96005
73.76059007644653,96066
73.80488228797913,96088
73.89902400970459,96187
73.89902400970459,96306
73.94589877128601,96315
75.36371421813965,96417
75.57863903045654,96518
75.68841433525085,96611
76.38570308685303,96618
77.73633480072021,96663
77.75196599960327,96812
78.25364136695862,96813
78.30116677284241,96918
78.33516120910645,96919
79.044673204422,97011
79.07631063461304,97116
79.47011923789978,97119
79.78308439254761,97186
79.82996702194214,97303
80.12931609153748,97318
80.17659115791321,97380
80.28631687164307,97468
80.3175642490387,97483
80.33318877220154,97507
80.34881448745728,97614
84.97686743736267,97719
85.47469019889832,97812
85.5381760597229,97897
85.66513705253601,98011
85.91976404190063,98016
86.08112835884094,98116
86.18448972702026,98117
86.73374795913696,98175
86.796639919281,98311
86.92204642295837,98316
86.95329594612122,98380
87.00530219078064,98408
87.92936277389526,98514
88.21697783470154,98515
88.26293325424194,98617
93.11590242385864,98667
93.1269063949585,98773
93.18980002403259,98776
93.22105717658997,98901
93.36207461357117,98961
93.36207461357117,99115
93.42496967315674,99146
93.44059634208679,99276
93.4562201499939,99394
93.51911687850952,99478
93.79084181785583,99606
94.82537627220154,99607
94.96677589416504,99619
95.10818076133728,99715
97.30028986930847,99719
97.54401206970215,99786
97.57414984703064,99915
97.63749957084656,99983
97.71601271629333,100114
97.79714298248291,100184
97.82577657699585,100211
98.76765727996826,100219
100.21330904960632,100308
102.01015448570251,100389
102.04336762428284,100516
102.67087864875793,100597
102.73377752304077,100711
102.92206192016602,100806
102.96893692016602,100865
102.98456239700317,101001
105.17701983451843,101112
105.27000403404236,101168
105.28050708770752,101319
134.46028399467468,101413
135.29463529586792,101419
151.20091247558594,101436
151.2367627620697,101609
151.7870979309082,101614
151.89638304710388,101714
152.0539939403534,101806
152.14813327789307,101904
152.30516028404236,101906
154.96543264389038,101908
155.3219015598297,102009
155.53229689598083,102010
155.6743278503418,102067
155.70559811592102,102211
155.9586799144745,102218
156.4298071861267,102319
156.83856344223022,102466
156.88583302497864,102619
158.1583390235901,102694
158.18999767303467,102799
158.2212471961975,102802
158.3940713405609,102803
158.48821711540222,102910
158.5038447380066,103016
158.70990633964539,103119
160.50177359580994,103208
161.07862401008606,103211
161.56715869903564,103308
161.73979258537292,103414
162.01579093933105,103487
162.01579093933105,103603
162.15322518348694,103604
162.15322518348694,103719
166.62962913513184,103802
166.86478805541992,103812
167.0817358493805,103896
167.1862494945526,104013
167.74779343605042,104070
167.76665353775024,104219
167.8682496547699,104319
174.31125712394714,104388
174.3353865146637,104518
183.85630679130554,104619
197.2238712310791,104689
197.488707780838,104794
197.5179102420807,104905
197.7242660522461,105015
199.99868083000183,105117
200.50114631652832,105214
200.75231552124023,105318
201.0642533302307,105396
201.08000898361206,105519
202.1060688495636,105597
202.4036877155304,105607
203.45984029769897,105615
204.0221495628357,105713
204.9468080997467,105816
205.1927046775818,105917
207.25686240196228,105993
207.3165578842163,106108
209.2723708152771,106216
210.67450761795044,106313
211.0984025001526,106403
211.27260994911194,106519
214.54770946502686,106578
214.70435309410095,106718
218.24519753456116,106719
219.358243227005,106817
219.48363971710205,106914
220.97427225112915,107019
224.1519730091095,107111
224.27808833122253,107211
225.16898846626282,107319
237.60451436042786,107417
239.82849979400635,107419
240.87854194641113,107516
244.74800562858582,107617
252.94223618507385,107714
254.8132517337799,107815
257.21851992607117,107919
