0.0,1450.0
0.0,2012.0
0.0014181137084960938,2592.0
0.0014181137084960938,2923.0
0.0024900436401367188,3085.0
0.0024900436401367188,3967.0
0.0024900436401367188,4364.0
0.0024900436401367188,5174.0
0.0024900436401367188,6120.0
0.0024900436401367188,6669.0
0.0024900436401367188,7276.0
0.0024900436401367188,7457.0
0.0024900436401367188,8239.0
0.0024900436401367188,8482.0
0.0024900436401367188,8483.0
0.0024900436401367188,9089.0
0.0024900436401367188,9177.0
0.0024900436401367188,9596.0
0.0024900436401367188,9634.0
0.009554386138916016,9671.0
0.039571523666381836,9754.0
0.043761253356933594,9771.0
0.043761253356933594,9828.0
0.06419610977172852,9883.0
0.06419610977172852,9884.0
0.07063722610473633,9885.0
0.23778796195983887,9954.0
0.23778796195983887,10014.0
0.2534217834472656,10060.0
0.2534217834472656,10184.0
0.2690465450286865,10260.0
0.28467535972595215,10291.0
0.3007168769836426,10292.0
0.3175201416015625,10314.0
0.3175201416015625,10354.0
0.3175201416015625,10355.0
0.3175201416015625,10475.0
0.4588942527770996,10489.0
0.4588942527770996,10497.0
0.5094380378723145,10623.0
0.6018893718719482,10693.0
0.6489391326904297,10812.0
0.6807150840759277,10866.0
0.6830401420593262,10867.0
0.6830401420593262,10879.0
0.6830401420593262,10935.0
0.6830401420593262,11025.0
0.7283058166503906,11046.0
0.759192705154419,11098.0
1.4581129550933838,11122.0
1.7657787799835205,11155.0
1.7771391868591309,11165.0
1.7771391868591309,11234.0
1.7771391868591309,11274.0
1.8029327392578125,11342.0
1.824995756149292,11378.0
1.824995756149292,11383.0
1.824995756149292,11419.0
2.255270004272461,11474.0
2.255270004272461,11519.0
2.2702670097351074,11529.0
3.2693135738372803,11571.0
3.2849392890930176,11611.0
3.2849392890930176,11635.0
3.3005640506744385,11651.0
3.332212448120117,11795.0
3.347837448120117,11814.0
3.347837448120117,11815.0
3.347837448120117,11816.0
3.363462448120117,11822.0
3.5525693893432617,11890.0
3.5998568534851074,11924.0
3.601810932159424,12027.0
3.6068296432495117,12142.0
3.6163885593414307,12143.0
3.754657030105591,12186.0
3.801828145980835,12200.0
3.8380205631256104,12249.0
5.573777675628662,12270.0
6.2178473472595215,12277.0
6.2178473472595215,12344.0
6.233479261398315,12345.0
6.249104022979736,12434.0
6.249104022979736,12520.0
6.264728784561157,12551.0
6.752095699310303,12610.0
6.752095699310303,12677.0
6.846239328384399,12721.0
6.846239328384399,12733.0
6.877488374710083,12751.0
6.9403815269470215,12762.0
6.987255573272705,12807.0
7.018893003463745,12829.0
7.081817388534546,12856.0
7.113576650619507,12923.0
7.144832611083984,12975.0
7.16045880317688,13006.0
7.16045880317688,13023.0
7.16045880317688,13127.0
7.176083326339722,13128.0
7.191708087921143,13251.0
8.802572965621948,13253.0
9.497260332107544,13295.0
9.560250520706177,13301.0
9.591942548751831,13319.0
9.618604898452759,13388.0
9.686614036560059,13403.0
10.027889966964722,13417.0
10.84130048751831,13423.0
10.983723878860474,13497.0
10.999688625335693,13500.0
11.019840478897095,13510.0
11.426950931549072,13573.0
11.460301399230957,13616.0
11.747305154800415,13617.0
12.064916849136353,13618.0
12.281440258026123,13619.0
12.850439071655273,13620.0
12.897432088851929,13656.0
12.897432088851929,13657.0
13.23154878616333,13678.0
13.454480409622192,13729.0
14.654942750930786,13730.0
