0.0017533302307128906,39758
0.0017533302307128906,39943
0.0062713623046875,40021
0.007954597473144531,40296
0.010535955429077148,40495
0.010535955429077148,41370
0.010535955429077148,41646
0.017553329467773438,42201
0.02368927001953125,42887
0.03820633888244629,43763
0.13349390029907227,44475
0.2609138488769531,44661
0.2609138488769531,45600
0.2749319076538086,46157
0.2749319076538086,46248
0.306201696395874,46897
0.3410959243774414,47840
0.3541104793548584,47861
0.3541104793548584,48416
0.3608114719390869,49232
0.3608114719390869,49656
0.3698301315307617,49995
0.40311503410339355,50776
0.43709278106689453,51519
0.6702139377593994,51990
0.6719717979431152,52308
0.6719717979431152,52762
0.6859893798828125,52932
0.7183105945587158,53721
0.7333645820617676,53757
0.7333645820617676,54321
0.7490098476409912,54866
0.7490098476409912,55389
0.7490098476409912,56375
0.7646355628967285,57030
0.7662932872772217,57122
0.7959799766540527,57328
0.8287613391876221,57396
0.8292784690856934,58367
0.8292784690856934,59286
0.8292784690856934,60231
0.9857473373413086,60504
1.0029194355010986,60878
1.0029194355010986,61098
1.0184566974639893,61469
1.0329742431640625,61672
1.0486197471618652,61723
1.0642483234405518,62007
1.0642483234405518,62323
1.0954947471618652,62885
1.2531747817993164,63236
1.2564761638641357,63360
1.2689933776855469,63943
1.2689933776855469,64153
1.2846388816833496,65139
1.3022656440734863,65398
1.3022656440734863,65955
1.318802833557129,66443
1.318802833557129,66962
1.334089756011963,67359
1.3497686386108398,68079
1.3950562477111816,68347
1.5053825378417969,68516
1.6480646133422852,68884
1.711362361907959,68935
1.7451131343841553,69621
1.808211088180542,69769
1.8696351051330566,70478
1.8852803707122803,71456
1.9796578884124756,71690
1.9995522499084473,72057
2.0758535861968994,72315
2.0758535861968994,72847
2.0758535861968994,73513
2.1055235862731934,73872
2.3112175464630127,74345
2.3747222423553467,74379
2.4703209400177,74458
2.51973557472229,75136
2.801159381866455,75966
2.9588232040405273,76224
2.9588232040405273,76788
3.0060250759124756,77013
3.085017204284668,77567
3.13228178024292,78286
3.3066177368164062,78639
3.3066177368164062,78814
3.3222873210906982,79152
3.3222873210906982,79477
3.4304327964782715,79521
3.4304327964782715,80291
3.4304327964782715,80573
3.4304327964782715,81220
3.447723627090454,82016
3.5088729858398438,82290
3.5250086784362793,83189
3.556471586227417,83635
3.7612075805664062,84049
3.7768325805664062,84568
3.824090003967285,85254
3.855344295501709,85635
3.921348810195923,85831
3.9817099571228027,86541
3.9817099571228027,87311
3.9973418712615967,87569
4.0102479457855225,88346
4.031195402145386,88592
4.060887098312378,89155
4.078173875808716,89238
4.093364238739014,89993
4.0938684940338135,90192
4.139590263366699,91094
4.332851409912109,91312
4.392659902572632,92046
4.555175304412842,92229
4.584327697753906,92453
4.599960088729858,93084
4.74248194694519,93817
4.74248194694519,93901
4.74248194694519,94889
4.758126735687256,95563
4.775478363037109,95779
4.80996298789978,95799
4.82251238822937,96726
4.82251238822937,97381
4.82251238822937,97718
4.838687896728516,97765
4.870042562484741,97835
4.884059906005859,98377
4.9225499629974365,98413
4.993961334228516,98430
4.993961334228516,99079
5.061949968338013,99197
5.1040966510772705,99429
5.1040966510772705,100276
5.119742155075073,101169
5.182858228683472,101604
5.222799301147461,102021
5.231687307357788,102456
5.561927556991577,102472
5.561927556991577,102793
5.607367992401123,103030
5.625070810317993,103860
5.654732704162598,104128
5.783793210983276,104276
5.784296989440918,104458
5.828023433685303,104794
5.924140930175781,105150
5.938645124435425,105412
5.938645124435425,106125
5.954275131225586,106954
6.034209728240967,107194
6.095609903335571,108051
6.095609903335571,108794
6.111221790313721,109374
6.111221790313721,109401
6.124227046966553,109764
6.253331899642944,109861
6.253331899642944,109885
6.253331899642944,110121
6.268963813781738,110321
6.333139896392822,110703
6.367734432220459,110705
6.367734432220459,111010
6.381459712982178,111323
6.459652423858643,111383
6.459652423858643,111589
6.459652423858643,112521
6.47721266746521,113371
6.633153438568115,113786
6.633153438568115,113800
6.648787498474121,114752
6.80559515953064,115014
6.900446176528931,115387
6.932080030441284,115551
6.932080030441284,115863
6.947709560394287,116737
6.964896202087402,117075
7.012294054031372,117212
7.213731050491333,117234
7.213731050491333,117294
7.22624945640564,118255
7.231490612030029,118493
7.3399059772491455,119343
7.355551242828369,120106
7.3728415966033936,120401
7.388547897338867,120568
7.4041759967803955,120578
7.4041759967803955,121003
7.591603755950928,121203
7.607228517532349,121703
7.6720592975616455,122436
7.686076402664185,123379
7.701721668243408,124168
7.7333831787109375,124530
7.7333831787109375,125091
7.749028921127319,125745
7.764653444290161,125966
7.795903205871582,126058
7.811528205871582,126245
7.82892632484436,126440
7.844583034515381,127353
7.983723163604736,128137
7.999347925186157,128857
8.03720736503601,129020
8.046725511550903,129462
8.046725511550903,130273
8.094002723693848,130522
8.109647512435913,130750
8.219806432723999,131309
8.235843181610107,131556
8.235843181610107,132157
8.251474380493164,132575
8.268791913986206,132910
8.944673538208008,133299
8.989185571670532,133403
9.00784969329834,134011
9.229456186294556,134140
9.503563642501831,134355
9.503563642501831,135146
9.513588190078735,135905
9.561095714569092,136055
9.576740980148315,136204
9.576740980148315,137040
9.608105659484863,137318
10.112247467041016,138005
10.129549026489258,138158
10.488968133926392,138288
10.505712032318115,138494
10.506229162216187,139466
10.520246505737305,140155
10.583179235458374,140471
10.741080522537231,140772
10.758271932601929,141704
10.772619247436523,142328
10.803964853286743,142981
10.851764678955078,143163
10.867409467697144,143513
10.883034229278564,144297
10.898659944534302,144655
10.961353778839111,145454
11.275831937789917,145491
11.275831937789917,146176
11.291456937789917,146180
11.291456937789917,146460
11.307082176208496,146553
11.307082176208496,146763
11.307082176208496,147012
11.385749340057373,147078
11.403129816055298,147360
11.543642282485962,148099
11.59058403968811,148446
11.667860507965088,148582
11.732479810714722,149034
11.732479810714722,149771
11.74649715423584,150630
11.74649715423584,150660
11.793392181396484,150764
11.832320928573608,150922
11.832320928573608,151767
11.874630689620972,152141
11.88925552368164,152907
11.919418573379517,153088
12.220610857009888,153647
12.344454050064087,154112
12.46994423866272,154579
12.46994423866272,155039
13.222553253173828,155305
13.222553253173828,155752
13.301210880279541,156120
13.364394664764404,156270
13.41128945350647,156783
13.41128945350647,157529
13.460126161575317,157558
13.539045095443726,157779
13.633817434310913,158042
13.757337093353271,158431
13.884904384613037,158601
13.916239023208618,158860
13.930256605148315,159172
13.933776140213013,159364
13.933776140213013,160208
13.961939573287964,160244
13.977564573287964,160365
13.977564573287964,161349
13.993189334869385,161946
14.010494470596313,162424
14.118986368179321,162943
14.182448148727417,163433
14.198073387145996,163921
14.262933492660522,164552
14.372694253921509,165472
14.372694253921509,166070
14.372694253921509,166199
15.219583749771118,166775
15.235106706619263,166840
15.36084508895874,167000
15.392156600952148,167607
15.43494963645935,167875
15.723806858062744,168466
15.816500663757324,168551
15.832145929336548,168626
15.911131620407104,169531
15.926756143569946,170173
15.926756143569946,170369
15.958429336547852,170905
16.63392949104309,171506
16.886870622634888,171846
16.916547775268555,172294
16.916547775268555,172662
16.932173252105713,173155
16.932173252105713,173396
16.93719244003296,174221
16.963931798934937,175205
16.97957706451416,175646
16.97957706451416,176016
17.013915061950684,176412
17.026932954788208,176847
17.058603048324585,176971
17.12130117416382,177567
17.137466430664062,177833
17.15298342704773,178687
17.702648162841797,178950
17.702648162841797,179730
17.702648162841797,180725
17.718272924423218,180987
17.7984938621521,181780
17.91240096092224,182046
17.938570976257324,182097
18.00116991996765,182787
18.00116991996765,183428
18.2063045501709,184266
18.270230531692505,184494
18.300196647644043,185310
18.36315369606018,185507
18.394784450531006,185996
18.4420485496521,186012
18.58553671836853,186792
18.58553671836853,187472
18.58553671836853,187704
18.882972955703735,187852
18.91424322128296,188809
18.963361024856567,189401
18.977383375167847,189901
18.977383375167847,190554
19.024278163909912,191208
19.086692810058594,191655
19.10232710838318,191810
19.10232710838318,192435
19.117942571640015,192851
19.180874586105347,193107
19.196499824523926,193982
19.21707534790039,194692
19.24404788017273,195088
19.245631456375122,195421
19.245631456375122,196134
19.245631456375122,196946
19.374642610549927,196977
19.374642610549927,197290
19.387660264968872,197803
19.389259815216064,198089
19.419476747512817,198562
19.440556526184082,198780
19.45224690437317,199591
19.45276641845703,200042
19.45276641845703,200126
19.45276641845703,201057
19.46678400039673,202011
19.498054027557373,202644
19.498054027557373,202965
20.050138473510742,203294
20.127812385559082,203374
20.193997383117676,204060
20.206501007080078,204584
20.222131967544556,205472
20.222131967544556,206220
20.269487380981445,206543
20.28513193130493,207365
20.58376121520996,207487
20.78783345222473,208064
20.85087275505066,208461
21.101974725723267,208802
21.164906978607178,209382
21.212312698364258,210345
21.322765111923218,210438
21.322765111923218,211180
21.322765111923218,211447
21.35438632965088,211463
21.41757893562317,211605
21.443580627441406,212439
21.478691339492798,213191
21.506346225738525,213498
21.631739616394043,213858
21.679534196853638,214249
21.71080470085144,215246
21.716012001037598,215705
21.74204707145691,215943
21.773305416107178,216237
22.16832184791565,216651
22.27828860282898,217316
23.285193920135498,218114
23.425004243850708,218368
23.566405057907104,218494
23.628904581069946,218863
23.64503288269043,219076
23.660536289215088,219435
23.83331298828125,219628
23.849321842193604,220175
23.974714040756226,220583
24.021588802337646,221303
24.431646585464478,221805
24.968117713928223,221985
24.985717058181763,222270
25.076944589614868,222757
25.096325635910034,223067
25.12562322616577,223791
25.171322107315063,224218
25.187061309814453,225090
25.187061309814453,225604
25.187061309814453,226361
25.28302836418152,227190
26.32264518737793,227299
26.555351972579956,227301
26.555351972579956,227403
27.048420190811157,227970
27.05942392349243,228004
27.05942392349243,228334
27.0906925201416,229080
27.216288328170776,229446
27.296542167663574,229908
27.31056523323059,230696
27.31056523323059,230709
27.516194343566895,230763
27.593972206115723,231090
27.60959768295288,231826
27.625221490859985,231915
27.640846490859985,232240
27.70557737350464,232388
28.427594423294067,232504
28.523938417434692,232714
28.61702585220337,233121
28.649795055389404,233473
28.666080951690674,233548
28.72701406478882,233930
28.72873330116272,234581
28.749962091445923,234953
29.13464617729187,235125
29.181910753250122,235463
29.433815717697144,235666
29.433815717697144,236054
29.481481075286865,236600
29.654114246368408,236678
29.654114246368408,236821
29.654114246368408,237074
29.859448432922363,237177
29.875093698501587,237433
29.892406463623047,238000
29.970319271087646,238082
30.051759719848633,238358
30.17479920387268,238887
30.19042468070984,239550
30.20604944229126,239985
30.31816864013672,240307
30.367712020874023,240444
30.383380889892578,240713
30.45931315422058,240832
30.506282567977905,241195
30.58700132369995,241874
30.632288217544556,242023
30.681379795074463,242204
30.711042165756226,242290
30.758772134780884,242411
30.758772134780884,242680
30.758772134780884,242839
30.7744038105011,243273
30.805652856826782,243789
30.868862628936768,244051
30.868862628936768,244309
31.012996912002563,244616
31.27928900718689,244919
31.31239366531372,245181
31.374744176864624,245521
31.477901458740234,246011
31.812066078186035,246037
31.824573040008545,246652
31.840208530426025,247119
31.856215476989746,247267
31.871846437454224,247767
31.88746976852417,248457
32.035470485687256,248573
32.07610487937927,249185
32.861416816711426,249205
32.863120317459106,249942
32.863120317459106,250590
32.910163164138794,250772
33.17562985420227,251060
33.191267013549805,251257
33.33494019508362,251461
33.36499524116516,251963
34.18388867378235,252757
34.19951272010803,252821
34.639634132385254,252941
34.749428272247314,253192
34.78110980987549,253698
34.78110980987549,254072
34.82798480987549,254229
34.875470876693726,254676
34.90678930282593,255400
35.00103545188904,255682
35.016660928726196,256602
35.06393575668335,257055
35.06393575668335,257425
35.06393575668335,257750
35.27036499977112,258081
35.34742021560669,258374
35.394731760025024,258716
35.410356521606445,258950
35.48892951011658,258973
35.88850474357605,259447
36.02675127983093,260120
36.07334876060486,260305
36.07334876060486,260630
36.13607954978943,260668
36.13607954978943,261655
36.277597427368164,262072
36.29595446586609,262934
36.30897259712219,262976
36.32461929321289,263100
36.37457537651062,263573
36.41898775100708,263757
36.46647262573242,264391
36.7185218334198,265169
36.830143213272095,265439
36.830143213272095,265699
36.844160318374634,266090
37.33097243309021,266140
37.36263370513916,266487
37.395575761795044,267030
37.42570948600769,267195
37.46450638771057,267695
37.47397327423096,268539
37.56094789505005,269410
37.741902589797974,269494
37.76153206825256,269544
37.820430755615234,270415
38.37001848220825,270622
38.3856635093689,270787
38.55829906463623,271222
38.73165035247803,271460
38.749541997909546,271776
38.763055086135864,272776
38.79436135292053,272951
38.79436135292053,273549
38.888211250305176,273682
38.919461488723755,274318
39.13170862197876,274354
39.26235580444336,275031
39.34533905982971,275097
39.46278238296509,275231
39.503710985183716,275767
39.708893060684204,276473
39.763277769088745,277122
39.763277769088745,277785
39.88123559951782,278167
40.4492712020874,278417
40.63629770278931,278470
40.67004704475403,278972
40.97891354560852,279033
41.00077962875366,279159
41.02057075500488,279793
41.03267502784729,280269
41.15701675415039,280400
41.20592665672302,280467
41.330220222473145,280540
41.91366004943848,280629
41.94379544258118,281194
41.977017402648926,281461
42.056246757507324,281494
42.13330006599426,281532
42.15954256057739,281684
42.746962785720825,282060
42.76258707046509,282577
42.778594732284546,282986
42.794225215911865,283383
42.88885974884033,283610
42.935760498046875,283863
43.030067443847656,284738
43.09466743469238,285179
43.29906988143921,285572
44.29089713096619,285918
44.44587445259094,286035
44.49286866188049,286432
44.728384017944336,286445
45.25048351287842,286543
45.25048351287842,287097
45.43844938278198,287959
45.485475063323975,287989
45.516725301742554,288240
45.59703612327576,288309
45.611053705215454,288648
45.61615991592407,288762
45.61615991592407,289418
45.62717866897583,289700
45.642823696136475,290186
45.67413377761841,290507
45.81908202171326,290768
45.84775996208191,291098
45.87923455238342,291392
45.894877910614014,292075
46.07031226158142,292145
46.10004234313965,292936
46.57214093208313,293119
46.587806940078735,293600
47.373761892318726,294026
48.31561207771301,294424
48.331236362457275,295411
48.39412808418274,296374
48.677026987075806,297181
48.692657709121704,298156
48.77182722091675,298988
48.8187301158905,299410
49.67285132408142,299643
49.69798421859741,299737
49.85466432571411,299751
50.04526329040527,300050
50.1427366733551,300766
50.28451943397522,300954
50.893672466278076,301000
50.9441978931427,301634
50.95831847190857,301954
50.974355936050415,302336
52.624083518981934,302373
52.63858675956726,303233
52.669841289520264,303355
52.68585181236267,303361
52.68585181236267,303686
52.76406931877136,303790
52.95298981666565,304067
53.11007833480835,304444
53.12570142745972,304512
53.141326904296875,305285
53.15695142745972,305807
53.75525403022766,306209
53.91248798370361,306799
54.11807703971863,307282
54.151036739349365,307954
54.16505432128906,307989
54.16505432128906,308352
54.18109154701233,308448
54.3067889213562,308995
54.30844831466675,309556
54.37839961051941,310221
54.38701105117798,310703
54.4957320690155,311258
54.76400685310364,311670
54.76400685310364,312417
55.47078084945679,312570
55.5510950088501,312598
55.5510950088501,313478
55.5510950088501,313878
55.565112590789795,313906
56.38751745223999,314218
56.519646406173706,314820
56.64563608169556,315062
56.741549491882324,315097
56.77121305465698,315532
56.80288052558899,315849
56.81850481033325,316606
56.89708185195923,316944
56.89708185195923,317922
56.91272735595703,318117
56.96132159233093,318433
57.038798809051514,318438
57.18267202377319,319172
57.27502417564392,319561
57.338117361068726,319719
57.38508486747742,319963
57.51310682296753,320206
57.54442644119263,320761
57.590574502944946,321289
57.681806325912476,321693
57.68724489212036,322188
57.70362162590027,322905
59.211708784103394,322981
59.242958784103394,323696
59.651796102523804,323979
59.697622537612915,324884
59.77651786804199,325256
60.030049562454224,325481
60.04567909240723,325915
60.04567909240723,326194
60.04567909240723,326301
60.04567909240723,326573
60.56839418411255,326766
60.60096096992493,326859
60.60396099090576,326906
60.656747817993164,327311
60.65974760055542,327989
60.85205888748169,328917
61.68727350234985,329291
62.16563177108765,329434
62.16563177108765,330100
62.18545842170715,330769
62.33934211730957,331038
62.40120887756348,331066
62.44989490509033,331539
62.51134538650513,331891
62.57435750961304,332232
62.59192442893982,332534
62.606428146362305,332753
62.67116022109985,332814
63.9910933971405,332883
64.03811454772949,333429
64.29080319404602,333714
64.29784035682678,334141
64.32255268096924,334589
64.38782715797424,335158
64.51305222511292,335897
64.57393765449524,336289
64.7631573677063,336561
64.78036570549011,336829
64.79643106460571,337618
64.79643106460571,337836
64.87395071983337,338074
64.87395071983337,338101
64.92308783531189,338461
64.92308783531189,338582
64.93710565567017,338791
64.97010779380798,339562
65.75387191772461,340169
65.9271469116211,340331
66.09986853599548,340790
66.1155138015747,341285
66.16241836547852,341900
66.40008902549744,341998
66.40060877799988,342576
66.40060877799988,343393
66.53700637817383,343828
66.8817150592804,344181
66.8842191696167,344717
66.90238690376282,345193
67.2004280090332,345389
67.32427263259888,345457
67.42015671730042,346163
67.43417477607727,346659
67.45152068138123,346776
67.51267886161804,346781
67.60852766036987,347027
67.73453330993652,347442
67.89323496818542,347562
67.89323496818542,348334
67.93752360343933,348716
67.96877384185791,349487
68.06300401687622,349533
69.03797745704651,350165
69.07355523109436,350566
69.10157251358032,351210
69.26032018661499,351297
69.2743239402771,351484
69.3215970993042,352414
69.69542360305786,352415
69.70094323158264,352848
69.70094323158264,353566
69.71658849716187,354047
69.93701267242432,354065
69.99990248680115,354208
70.1101644039154,354661
70.39615535736084,354879
70.47452354431152,354923
70.47452354431152,355122
70.49029445648193,355579
70.61649131774902,356132
70.8354377746582,356330
71.00836706161499,356828
71.02566027641296,357010
74.32652401924133,357060
74.43629240989685,357569
75.03440475463867,357856
75.14453506469727,358130
75.28646993637085,358427
75.66363668441772,358575
75.68093514442444,359044
76.0565869808197,359047
76.24456024169922,359235
76.29177570343018,359769
76.37029552459717,359840
76.41787314414978,360092
84.0963249206543,360223
84.42601609230042,360706
84.45757365226746,361200
84.45757365226746,361885
84.47494292259216,362547
84.5045816898346,362668
84.5987617969513,362730
85.01294016838074,362891
85.04024410247803,363280
88.57053995132446,363370
88.95985221862793,363573
89.3564715385437,363641
89.92378878593445,363742
89.93780660629272,363922
90.2379822731018,364373
90.63017058372498,364612
91.16512823104858,365247
91.43282699584961,365253
91.52747440338135,365818
91.72638082504272,366587
91.75763773918152,367141
91.8061535358429,367816
92.12128043174744,368029
92.23004674911499,368034
92.30856537818909,368388
92.43543481826782,368426
92.6865963935852,368906
92.6865963935852,369178
92.95341777801514,369213
93.03178334236145,370127
93.11005234718323,370503
93.42303824424744,370513
93.44273233413696,370521
93.97733116149902,370582
94.46468210220337,370657
94.74782633781433,370781
94.8589084148407,370876
94.8589084148407,370968
94.93635940551758,371284
95.2285373210907,371596
95.77044892311096,371794
95.88080906867981,372188
96.00642323493958,372367
96.13206505775452,372741
96.38530778884888,373027
96.96438074111938,373386
97.1048972606659,373811
97.46680116653442,374076
97.482426404953,374351
97.5359377861023,374894
97.55156946182251,374906
97.69461822509766,375227
97.83538627624512,375745
97.96199369430542,375770
97.96199369430542,375821
98.42837238311768,376258
98.48588967323303,376358
98.52837753295898,376626
98.55968284606934,376740
98.63792729377747,376807
98.77928853034973,376924
99.41161775588989,377405
100.65450477600098,377641
100.73040676116943,377655
100.87692594528198,377990
100.94424247741699,378218
100.97199535369873,378252
101.12786960601807,378578
101.60487604141235,378580
101.77835583686829,379161
101.82479953765869,379578
102.863352060318,379589
102.89461517333984,379641
102.97311592102051,380247
103.06725549697876,380863
103.39806938171387,380924
103.77675890922546,381402
104.08979296684265,382094
104.79971385002136,382377
104.91023659706116,382673
104.9352457523346,383218
105.09700298309326,383547
105.44354009628296,383580
105.5077121257782,384053
105.52392530441284,384102
105.80638909339905,384115
106.48295283317566,384488
114.41505336761475,384971
114.43067789077759,384991
114.60377240180969,385176
115.48458528518677,385206
115.53314185142517,386080
116.52337193489075,386538
116.54994058609009,386820
117.247882604599,386864
117.56145215034485,387447
117.73445463180542,388094
118.08052086830139,388232
118.08052086830139,388512
118.11176919937134,389195
118.14563012123108,389620
118.30056691169739,390096
119.7919487953186,390165
120.25383257865906,390380
120.92516994476318,390845
120.98807311058044,391003
121.19271779060364,391107
121.23961281776428,391749
121.33405184745789,392256
121.68382358551025,392677
121.90548372268677,392740
121.93693733215332,392974
122.1867504119873,393380
122.31196188926697,393462
122.81916522979736,394101
123.93507719039917,394531
124.13959503173828,395051
124.15872716903687,395649
124.29662346839905,395915
125.57088017463684,396811
126.84598016738892,397267
127.2878475189209,397272
127.3192687034607,397442
127.91589188575745,397823
129.16442942619324,397862
129.20371747016907,398057
130.71524953842163,398210
130.9458212852478,398488
132.49325394630432,398685
132.82130336761475,398766
132.88371586799622,398854
133.13615727424622,398911
133.19750785827637,399167
133.638019323349,399372
133.731831073761,399887
134.59671998023987,400529
137.45904564857483,400650
137.63252782821655,400945
137.93099761009216,401216
137.93099761009216,401330
137.9623305797577,401548
137.99450397491455,401855
138.23169088363647,401862
138.27728295326233,401954
138.7174437046051,402027
138.97286796569824,402062
139.66142296791077,402150
139.92806935310364,402228
140.3523769378662,402285
140.37400579452515,402455
140.58904910087585,402601
143.52992868423462,402617
144.14293265342712,402781
146.47393560409546,402929
146.6292848587036,403051
146.67854619026184,403403
146.78692841529846,403572
147.35470366477966,403671
147.93625593185425,403867
148.2689926624298,403900
148.2825310230255,404735
148.81715655326843,404787
149.14682173728943,405069
149.1941294670105,405939
149.31980657577515,406336
150.5000774860382,406357
150.9740469455719,406543
150.98606514930725,406740
151.33500695228577,406749
151.66678595542908,407054
153.2573094367981,407124
153.38283967971802,407382
153.80836153030396,408130
153.8708815574646,408164
155.48950242996216,408367
160.74127745628357,408746
162.72414803504944,409160
163.57509303092957,409181
164.5833113193512,409399
164.95903277397156,409742
164.99028325080872,409745
165.11612129211426,410103
165.68368077278137,410424
166.69151973724365,410711
166.78581166267395,410917
166.8991482257843,410947
180.27389931678772,411285
185.13732814788818,411420
185.15297317504883,411695
188.44186186790466,411891
191.33551144599915,412045
191.5868489742279,412120
192.61061096191406,412192
192.95616102218628,412241
194.76519298553467,412363
198.47222924232483,412480
198.6382658481598,412650
199.96526384353638,412653
204.0636281967163,413195
211.7725965976715,413328
216.94576001167297,413365
217.4156687259674,413773
218.80361437797546,413792
219.28937554359436,414179
220.39238595962524,414182
221.10062050819397,414266
224.71755623817444,414287
228.50653767585754,414319
240.534823179245,414322
247.93436765670776,414521
291.9874846935272,414602
293.0427873134613,414623
