0.0,766
0.015648365020751953,1674
0.015648365020751953,2257
0.015648365020751953,2981
0.015648365020751953,3341
0.015648365020751953,3759
0.015648365020751953,4426
0.015648365020751953,5055
0.015648365020751953,5653
0.015648365020751953,5720
0.015648365020751953,5821
0.015648365020751953,5982
0.015648365020751953,6193
0.031270503997802734,6495
0.031270503997802734,6765
0.031270503997802734,7222
0.031270503997802734,7434
0.031270503997802734,7453
0.031270503997802734,7487
0.031270503997802734,7505
0.0965108871459961,7754
0.1592254638671875,8119
0.1592254638671875,8570
0.17528176307678223,9147
