0.0,22299
0.0,23077
0.0,23786
0.004008293151855469,24168
0.004008293151855469,24485
0.004008293151855469,25042
0.004008293151855469,25993
0.004008293151855469,26255
0.004008293151855469,26837
0.004008293151855469,27339
0.004008293151855469,27740
0.013013839721679688,28809
0.013013839721679688,29018
0.013013839721679688,29638
0.013013839721679688,30058
0.013013839721679688,30604
0.030225753784179688,30700
0.04473257064819336,30861
0.04473257064819336,30999
0.1251201629638672,31142
0.1251201629638672,31289
0.1251201629638672,31394
0.13962388038635254,31495
0.1552596092224121,31601
0.1552596092224121,31705
0.23414850234985352,31726
0.23414850234985352,31842
0.23414850234985352,32095
0.24977350234985352,32205
0.35953569412231445,32304
0.5042300224304199,32322
0.5167338848114014,32473
0.5636160373687744,32496
0.5636160373687744,32603
0.6108782291412354,32674
0.6108782291412354,32777
0.6108782291412354,32975
0.6265089511871338,33094
0.6421346664428711,33212
0.6421346664428711,33375
0.6421346664428711,33482
0.6745235919952393,33589
0.7045354843139648,33685
0.7362477779388428,33697
0.7362477779388428,33813
0.7362477779388428,33930
0.7362477779388428,34125
0.7518918514251709,34200
0.7675166130065918,34242
0.7675166130065918,34393
0.7831408977508545,34500
0.8148026466369629,34605
0.9900224208831787,34705
1.019408941268921,34739
1.019408941268921,34872
1.053175449371338,34890
1.0666825771331787,34995
1.1467792987823486,35103
1.176898717880249,35190
1.1925230026245117,35303
1.239830732345581,35402
1.2554636001586914,35494
1.2867131233215332,35495
1.3337786197662354,35587
1.3337786197662354,35651
1.3494038581848145,35783
1.3513131141662598,35893
1.3653185367584229,35956
1.380950927734375,36075
1.396575689315796,36180
1.396575689315796,36295
1.4443471431732178,36383
1.4803321361541748,36499
1.6803452968597412,36602
1.7118895053863525,36639
1.7141575813293457,36788
1.7276690006256104,36905
1.776137113571167,36982
1.8094632625579834,37088
1.8303213119506836,37192
1.8535397052764893,37202
1.9162700176239014,37295
2.0265233516693115,37424
2.0265233516693115,37604
2.0577731132507324,37684
2.0733981132507324,37804
2.1832082271575928,37888
2.1832082271575928,37892
2.2309932708740234,38003
2.2778875827789307,38082
2.307029962539673,38091
2.325253963470459,38158
2.3408987522125244,38240
2.3408987522125244,38384
2.3721485137939453,38503
2.3877737522125244,38604
2.4819538593292236,38698
2.497579336166382,38741
2.5136163234710693,38782
2.5605106353759766,38801
2.6871190071105957,38825
2.707155227661133,38967
2.707155227661133,39074
2.719738721847534,39204
2.748901128768921,39234
2.764526128768921,39335
2.764526128768921,39482
2.7818217277526855,39620
2.7818217277526855,39782
2.8118762969970703,39867
2.8118762969970703,39973
2.8447182178497314,39975
2.847813844680786,40096
2.8901004791259766,40198
2.921762228012085,40199
2.9686567783355713,40201
3.0315968990325928,40291
3.0784912109375,40294
3.0941162109375,40395
3.0941162109375,40400
3.1101534366607666,40401
3.1101534366607666,40543
3.1257972717285156,40688
3.1257972717285156,40881
3.1414222717285156,40996
3.235605001449585,41002
3.2512292861938477,41037
3.266854763031006,41188
3.345411777496338,41291
3.376661777496338,41366
3.392286777496338,41401
3.4239494800567627,41405
3.455219268798828,41495
3.455219268798828,41655
3.470844268798828,41763
3.486469268798828,41777
3.50209379196167,41894
3.5337748527526855,41998
3.6592066287994385,41999
3.7378647327423096,42095
3.7847394943237305,42175
3.816406488418579,42192
3.8633008003234863,42195
4.114577293395996,42369
4.114577293395996,42479
4.130221366882324,42584
4.145846366882324,42673
4.145846366882324,42804
4.161471366882324,42848
4.177096605300903,42993
4.192721605300903,43094
4.192721605300903,43293
4.192721605300903,43403
4.213069677352905,43504
4.2240891456604,43764
4.2240891456604,43878
4.2553582191467285,43902
4.270983695983887,43999
4.309751987457275,44015
4.319955348968506,44105
4.381561756134033,44194
4.44976806640625,44296
4.4607861042022705,44398
4.557178735733032,44403
4.709920883178711,44456
4.744800329208374,44582
4.935831069946289,44660
5.110392808914185,44696
5.123910665512085,44804
5.988567590713501,44840
6.005806922912598,45004
6.0123255252838135,45100
6.223806142807007,45173
6.241405248641968,45182
6.241405248641968,45299
6.257556438446045,45405
6.337228059768677,45494
6.4304726123809814,45559
6.465559959411621,45584
6.490523338317871,45602
6.522186040878296,45702
6.522186040878296,45753
6.553455829620361,45805
6.60082483291626,45891
6.60082483291626,46001
6.695415258407593,46069
6.994453191757202,46078
7.026115417480469,46194
7.0417609214782715,46195
7.293628692626953,46205
7.387932300567627,46399
7.41407585144043,46401
7.4195942878723145,46497
8.422154188156128,46587
8.470110177993774,46653
8.470110177993774,46762
8.470110177993774,46876
8.533355474472046,46888
8.581478595733643,46905
8.910647869110107,47076
8.957915782928467,47171
8.989165544509888,47301
10.045654296875,47366
10.124144315719604,47379
10.124144315719604,47495
10.375026941299438,47507
10.375026941299438,47621
10.375026941299438,47770
10.45358419418335,47863
10.54776668548584,47973
10.989166259765625,47994
11.026544570922852,47998
11.052608013153076,48097
11.181103229522705,48190
11.353618621826172,48305
11.387803316116333,48327
11.573638916015625,48393
11.60490894317627,48557
11.620534181594849,48639
11.636572360992432,48765
11.714717388153076,48804
11.746399164199829,48876
12.202699661254883,48896
12.676744222640991,48946
12.676744222640991,49056
12.731374263763428,49198
12.740379571914673,49258
13.434133768081665,49305
14.723488092422485,49373
14.739543437957764,49489
14.755569219589233,49566
14.803694486618042,49591
14.818199872970581,49602
15.26794958114624,49659
15.283980369567871,49768
15.283980369567871,49883
15.31482481956482,49900
15.363681316375732,49991
15.395356178283691,50094
15.458015441894531,50193
15.458015441894531,50294
15.552570343017578,50305
16.331284999847412,50313
16.331284999847412,50465
16.347322940826416,50475
16.362967491149902,50604
16.378592252731323,50605
18.370736360549927,50659
18.387098789215088,50767
18.387098789215088,50904
18.767510414123535,50992
18.81664514541626,51079
18.833457469940186,51199
18.87965202331543,51244
18.89527654647827,51402
23.263609170913696,51468
23.263609170913696,51569
23.324594259262085,51590
23.363903999328613,51705
23.530589818954468,51805
23.54621458053589,51845
23.626169681549072,51903
25.11601185798645,52001
30.869977235794067,52078
30.918476343154907,52150
30.933672189712524,52287
31.124696254730225,52330
31.140341758728027,52472
31.17217516899109,52557
31.191657066345215,52702
31.361555099487305,52784
31.377179622650146,52887
31.39322328567505,52890
31.39322328567505,53004
36.32734227180481,53005
39.63128733634949,53046
39.64691233634949,53198
50.71499013900757,53203
50.74663472175598,53273
50.74663472175598,53378
50.82489466667175,53380
50.82489466667175,53498
50.85629749298096,53598
50.88755393028259,53687
50.88755393028259,53804
52.29113841056824,53904
55.192222595214844,53985
55.192222595214844,54095
55.31667113304138,54105
55.72956442832947,54191
56.27811145782471,54302
57.097683906555176,54359
57.12892937660217,54497
57.44421076774597,54601
57.44421076774597,54702
57.56193017959595,54802
57.90096139907837,54875
57.916749477386475,54892
57.962886810302734,54893
58.08917188644409,54979
58.12112307548523,55093
58.200934410095215,55188
58.247796058654785,55304
59.054139137268066,55399
60.83721613883972,55492
60.90099477767944,55495
60.94829869270325,55598
61.107149600982666,55703
61.390315771102905,55730
61.407700061798096,55870
61.53152513504028,55884
61.627408027648926,55903
61.772751808166504,55997
61.895601987838745,56105
68.56621551513672,56193
68.58182764053345,56304
68.64471650123596,56318
68.66034197807312,56455
68.6759660243988,56577
68.7075982093811,56586
69.12092781066895,56660
69.1517870426178,56802
