0.0,709
0.0,923
0.0,1331
0.0,2343
0.0,2994
0.0,3560
0.0,4239
0.0,4808
0.0,5582
0.0,6645
0.0,6908
0.0,7717
0.0,8033
0.0,8769
0.0,8877
0.0,9768
0.0,10259
0.0,10571
0.014011383056640625,11200
0.014011383056640625,11527
0.014011383056640625,11662
0.014011383056640625,12010
0.014011383056640625,12116
0.014011383056640625,12288
0.014011383056640625,12504
0.02964639663696289,12613
0.045308589935302734,12627
0.045308589935302734,12760
0.045308589935302734,12895
0.060941457748413086,13011
0.07656669616699219,13077
0.07656669616699219,13194
0.07656669616699219,13219
0.14739418029785156,13306
0.14739418029785156,13415
0.14739418029785156,13516
0.16838288307189941,13619
0.18656420707702637,13661
0.18656420707702637,13816
0.20218968391418457,13818
0.22483253479003906,13979
0.22483253479003906,14097
0.23985028266906738,14218
0.24145293235778809,14317
0.24145293235778809,14380
0.24145293235778809,14580
0.24145293235778809,14676
0.24145293235778809,14796
0.2577695846557617,14918
0.25827574729919434,15013
0.28750085830688477,15016
0.3047654628753662,15113
0.31928181648254395,15195
0.31928181648254395,15302
0.33994507789611816,15401
0.33994507789611816,15504
0.35096240043640137,15607
0.38274335861206055,15715
0.38274335861206055,15783
0.39838719367980957,15900
0.41401243209838867,16010
0.44713664054870605,16016
0.4772982597351074,16019
0.4772982597351074,16113
0.5910203456878662,16118
0.6030845642089844,16165
0.6030845642089844,16314
0.6407730579376221,16376
0.6407730579376221,16445
0.6407730579376221,16469
0.6407730579376221,16609
0.6516926288604736,16719
1.235595464706421,16734
1.2421143054962158,16769
1.2421143054962158,16889
1.2516319751739502,16992
1.2516319751739502,17099
1.442060947418213,17110
1.4484145641326904,17118
1.4564330577850342,17214
1.4597861766815186,17269
1.4597861766815186,17410
1.4723031520843506,17495
1.4723031520843506,17586
1.487947702407837,17710
1.5035731792449951,17790
1.5035731792449951,17893
1.5035731792449951,17996
1.5208306312561035,18015
1.5208306312561035,18293
1.5208306312561035,18412
1.645343542098999,18511
1.6609883308410645,18574
1.6609883308410645,18612
1.7234878540039062,18692
1.7234878540039062,18806
1.7391128540039062,18836
1.7391128540039062,19000
1.742288589477539,19049
1.7548060417175293,19108
1.7548060417175293,19125
1.7548060417175293,19346
1.7704508304595947,19487
1.7704508304595947,19610
1.9306855201721191,19613
1.9447245597839355,19699
1.9447245597839355,19782
1.9613802433013916,19815
1.9624545574188232,19909
1.9687881469726562,19966
1.981464147567749,19967
2.011662483215332,20007
2.0421969890594482,20011
2.0421969890594482,20216
2.1034505367279053,20319
2.9399678707122803,20504
2.9679040908813477,20515
2.981255292892456,20599
2.984255313873291,20716
2.993133306503296,20807
2.9975621700286865,20875
3.0019702911376953,20994
3.062549591064453,20997
3.0728843212127686,21115
3.3041398525238037,21174
3.3183937072753906,21311
3.354130983352661,21406
3.4100708961486816,21515
3.4169743061065674,21557
3.419808864593506,21674
3.4235711097717285,21804
3.4309661388397217,21919
15.33121132850647,21998
15.364986419677734,22103
15.364986419677734,22208
15.409871816635132,22284
15.425397157669067,22350
15.425397157669067,22478
15.425397157669067,22614
15.45664668083191,22701
15.45664668083191,22802
18.317137002944946,22814
18.344297170639038,22815
20.090906381607056,22816
20.090906381607056,22896
20.153425931930542,22908
20.247633457183838,22915
20.29404354095459,23017
20.579232692718506,23111
20.657361268997192,23205
22.625231742858887,23217
22.796372175216675,23304
22.812016487121582,23409
22.921944856643677,23516
24.358445167541504,23612
24.371462106704712,23717
24.513049602508545,23718
25.154535055160522,23815
25.229580402374268,23887
25.25135111808777,24016
25.76869010925293,24019
25.990073919296265,24074
26.015859365463257,24190
26.046020984649658,24309
26.558724641799927,24418
