0.0,6105.0
0.0,6717.0
0.0,7215.0
0.008005380630493164,7229.0
0.008005380630493164,7492.0
0.008005380630493164,8354.0
0.008005380630493164,8516.0
0.008005380630493164,8714.0
0.008005380630493164,8931.0
0.008005380630493164,8941.0
0.008005380630493164,9688.0
0.024782419204711914,10219.0
0.024782419204711914,10642.0
0.028153657913208008,10942.0
0.028153657913208008,11364.0
0.03208303451538086,11422.0
0.03208303451538086,11566.0
0.03208303451538086,12175.0
0.039589881896972656,12992.0
0.039589881896972656,13454.0
0.039589881896972656,13861.0
0.039589881896972656,14661.0
0.039589881896972656,15401.0
0.039589881896972656,16103.0
0.039589881896972656,16896.0
0.039589881896972656,17834.0
0.05523419380187988,18527.0
0.05523419380187988,18966.0
0.05523419380187988,19737.0
0.05523419380187988,19778.0
0.06325292587280273,20663.0
0.06325292587280273,21097.0
0.06325292587280273,21307.0
0.06325292587280273,21467.0
0.07127165794372559,21951.0
0.07292866706848145,22709.0
0.07292866706848145,23044.0
0.07292866706848145,23459.0
0.07292866706848145,24018.0
0.07292866706848145,24632.0
0.08694648742675781,24642.0
0.08860278129577637,25375.0
0.09067273139953613,25783.0
0.09067273139953613,26764.0
0.09067273139953613,27253.0
0.09067273139953613,28137.0
0.09067273139953613,28290.0
0.10139656066894531,28759.0
0.10291576385498047,29667.0
0.10291576385498047,30095.0
0.10291576385498047,31032.0
0.10291576385498047,31061.0
0.10291576385498047,31485.0
0.10291576385498047,31496.0
0.1185603141784668,31895.0
0.12023282051086426,32468.0
0.12023282051086426,33324.0
0.12023282051086426,33596.0
0.12023282051086426,33697.0
0.12023282051086426,33862.0
0.12023282051086426,34209.0
0.12023282051086426,34592.0
0.13425040245056152,34767.0
0.13588261604309082,35446.0
0.13588261604309082,35748.0
0.13588261604309082,36333.0
0.13588261604309082,37112.0
0.13588261604309082,37328.0
0.13588261604309082,38096.0
0.13588261604309082,38488.0
0.15155839920043945,39008.0
0.15317320823669434,39303.0
0.15317320823669434,40286.0
0.15317320823669434,41109.0
0.15317320823669434,41912.0
0.15317320823669434,42360.0
0.1631917953491211,42748.0
0.1631917953491211,43605.0
0.16731023788452148,43935.0
0.16731023788452148,44710.0
0.16731023788452148,45148.0
0.16731023788452148,46006.0
0.16731023788452148,46680.0
0.16731023788452148,47553.0
0.16731023788452148,47722.0
0.16731023788452148,47918.0
0.18344902992248535,48784.0
0.18344902992248535,49052.0
0.18344902992248535,49542.0
0.18344902992248535,49815.0
0.1996006965637207,49890.0
0.2448592185974121,49891.0
0.4344782829284668,49900.0
0.46727657318115234,49988.0
0.4817945957183838,50035.0
0.49742817878723145,50159.0
0.5776095390319824,50180.0
0.6233952045440674,50246.0
0.6548035144805908,50322.0
0.8773033618927002,50350.0
0.9086945056915283,50377.0
0.9260547161102295,50378.0
1.0548183917999268,50402.0
1.129340648651123,50403.0
1.2865633964538574,50425.0
1.3352866172790527,50471.0
1.3352866172790527,50472.0
1.3906288146972656,50478.0
1.4284653663635254,50514.0
1.4638769626617432,50515.0
1.4790630340576172,50670.0
2.1393954753875732,50834.0
2.143400192260742,50910.0
2.1559865474700928,50911.0
2.4916608333587646,51012.0
2.511660575866699,51030.0
2.523660659790039,51031.0
2.530661106109619,51095.0
2.5499284267425537,51096.0
2.6224966049194336,51097.0
2.631380081176758,51098.0
6.6611549854278564,51131.0
6.694492340087891,51202.0
6.710230350494385,51336.0
8.078791856765747,51350.0
8.078791856765747,51414.0
8.078791856765747,51494.0
8.097683191299438,51561.0
8.110200643539429,51678.0
8.17309284210205,51719.0
8.210741996765137,51771.0
8.226681470870972,51858.0
8.248965740203857,51892.0
9.076440811157227,52098.0
10.116236686706543,52125.0
10.383643865585327,52171.0
10.559218883514404,52172.0
10.625429630279541,52182.0
10.66847276687622,52211.0
10.687827110290527,52249.0
10.78047227859497,52347.0
10.79610276222229,52348.0
10.858644723892212,52365.0
10.874653577804565,52366.0
10.877299070358276,52398.0
10.879349708557129,52535.0
10.890353202819824,52543.0
11.257477521896362,52579.0
11.273619174957275,52747.0
11.522146940231323,52778.0
12.47508454322815,52849.0
12.479588270187378,52863.0
12.479588270187378,52948.0
12.542498111724854,53072.0
13.078219413757324,53108.0
14.493603229522705,53162.0
14.933918237686157,53192.0
14.978160619735718,53290.0
14.981164693832397,53291.0
15.486571550369263,53329.0
15.564860820770264,53344.0
15.596362352371216,53345.0
26.830578565597534,53359.0
26.861833572387695,53385.0
26.877458810806274,53467.0
26.877458810806274,53489.0
26.918599605560303,53530.0
26.934685230255127,53609.0
26.974144458770752,53652.0
28.692716121673584,53661.0
28.70948600769043,53690.0
28.75205898284912,53698.0
28.770920991897583,53772.0
28.84738802909851,53791.0
28.892701864242554,53799.0
28.91333818435669,53841.0
28.960529804229736,53874.0
28.96353006362915,53875.0
29.157875061035156,53923.0
29.34137749671936,53944.0
29.59967565536499,53987.0
30.459735870361328,54085.0
30.475366830825806,54086.0
30.5137038230896,54087.0
30.544254779815674,54196.0
30.54618191719055,54293.0
30.55507779121399,54294.0
31.663764715194702,54392.0
34.12134337425232,54510.0
34.15180778503418,54582.0
34.73311257362366,54629.0
34.75168800354004,54669.0
34.75768828392029,54708.0
34.901747703552246,54778.0
34.969300508499146,54858.0
34.98541736602783,54922.0
35.034834146499634,54923.0
35.481834411621094,54987.0
35.50248456001282,54991.0
35.56301951408386,55085.0
36.78408217430115,55158.0
36.8834331035614,55159.0
37.01265907287598,55184.0
37.059048891067505,55256.0
37.11297416687012,55326.0
37.439019441604614,55403.0
38.18908476829529,55413.0
38.23578095436096,55460.0
38.241785764694214,55489.0
38.29192924499512,55548.0
38.54950976371765,55598.0
41.55668520927429,55619.0
41.64848065376282,55622.0
41.65048050880432,55691.0
41.88641810417175,55732.0
42.17878341674805,55773.0
42.23908066749573,55823.0
42.75303769111633,55845.0
43.22782635688782,55901.0
43.41380047798157,55943.0
43.539470195770264,55976.0
43.605050563812256,55998.0
43.80416393280029,56002.0
43.82729697227478,56110.0
43.85854649543762,56111.0
44.552199840545654,56189.0
45.30552697181702,56306.0
45.45739793777466,56307.0
45.790793657302856,56324.0
45.83246564865112,56405.0
45.997270822525024,56479.0
46.07693815231323,56503.0
46.121739864349365,56519.0
46.137364864349365,56520.0
46.28442192077637,56521.0
46.331695318222046,56522.0
46.42663598060608,56523.0
46.5369348526001,56538.0
46.84204363822937,56617.0
46.90455770492554,56661.0
46.92059540748596,56662.0
46.967580795288086,56769.0
47.0363667011261,56840.0
47.06203031539917,56935.0
47.2072479724884,57001.0
47.332250118255615,57017.0
47.34697246551514,57107.0
47.41153597831726,57153.0
47.50764322280884,57187.0
47.63001537322998,57212.0
48.30830931663513,57260.0
48.52885103225708,57323.0
48.63866877555847,57390.0
48.6715886592865,57428.0
49.9282808303833,57549.0
50.110490560531616,57583.0
50.55082154273987,57633.0
50.56646752357483,57634.0
50.69275617599487,57658.0
50.9013192653656,57671.0
50.93022441864014,57740.0
51.964558839797974,57799.0
52.087626934051514,57855.0
52.39587616920471,57897.0
52.93518829345703,57941.0
53.38780498504639,58009.0
53.623016119003296,58010.0
53.786904096603394,58086.0
53.804327726364136,58231.0
53.815346002578735,58244.0
53.865726947784424,58303.0
53.89703869819641,58342.0
53.89703869819641,58392.0
53.99349117279053,58441.0
54.78741788864136,58525.0
54.81992864608765,58643.0
54.97461938858032,58647.0
55.10011863708496,58671.0
55.73409295082092,58695.0
55.78530192375183,58696.0
55.83310127258301,58755.0
55.97455453872681,58860.0
56.16330146789551,58923.0
56.481375217437744,58944.0
56.61032462120056,59028.0
56.82206869125366,59029.0
56.98668193817139,59030.0
58.61996531486511,59136.0
59.08319544792175,59143.0
59.62139630317688,59165.0
59.68333196640015,59196.0
59.68333196640015,59197.0
59.7307448387146,59223.0
59.746389627456665,59290.0
59.80907344818115,59398.0
60.06226849555969,59454.0
60.0938663482666,59470.0
60.15693998336792,59510.0
60.252392053604126,59605.0
60.29927182197571,59606.0
60.48805570602417,59706.0
60.9353666305542,59793.0
60.99725914001465,59876.0
61.12444067001343,59877.0
61.28540515899658,59924.0
61.72994303703308,59983.0
61.950960874557495,60049.0
61.984280824661255,60072.0
65.87312984466553,60105.0
65.8874659538269,60106.0
66.0103759765625,60256.0
66.09112644195557,60336.0
66.12826871871948,60352.0
66.18418836593628,60364.0
66.21543884277344,60365.0
66.99645233154297,60366.0
67.16992807388306,60397.0
67.21685791015625,60477.0
67.32838535308838,60562.0
67.37517380714417,60575.0
67.42856788635254,60671.0
67.6673276424408,60672.0
68.0186083316803,60690.0
68.02060842514038,60691.0
68.34687876701355,60723.0
68.7839343547821,60783.0
69.10048151016235,60836.0
69.94244408607483,60853.0
70.07042980194092,60943.0
70.34635996818542,60985.0
71.52567744255066,61002.0
71.85365700721741,61046.0
71.97912573814392,61096.0
73.68718194961548,61135.0
73.8783609867096,61159.0
74.05616450309753,61265.0
74.06716847419739,61289.0
74.0827989578247,61290.0
77.39930200576782,61299.0
77.41727542877197,61300.0
77.41727542877197,61424.0
77.72263956069946,61471.0
78.13109707832336,61477.0
80.5932092666626,61624.0
81.12039637565613,61639.0
81.19397521018982,61665.0
81.98848390579224,61708.0
82.06870603561401,61779.0
82.11623120307922,61803.0
82.84909009933472,61837.0
83.04461121559143,61847.0
84.00360107421875,61869.0
84.01922726631165,61875.0
84.08577728271484,61897.0
84.160888671875,62000.0
84.82165145874023,62053.0
85.11840724945068,62054.0
86.76782488822937,62133.0
88.3493025302887,62181.0
88.41081023216248,62216.0
88.47432780265808,62228.0
88.9569103717804,62230.0
89.08934545516968,62283.0
89.14879274368286,62284.0
89.59294271469116,62285.0
89.93603301048279,62302.0
90.43815064430237,62320.0
90.79526972770691,62321.0
91.36190009117126,62325.0
91.38851523399353,62336.0
92.15581679344177,62337.0
92.9043459892273,62398.0
93.23072671890259,62409.0
93.3800311088562,62410.0
94.12169885635376,62411.0
95.68244075775146,62437.0
96.18245148658752,62448.0
97.04798889160156,62511.0
97.1288046836853,62512.0
99.08365488052368,62567.0
99.21813869476318,62568.0
100.04530096054077,62592.0
100.08848404884338,62593.0
101.66831302642822,62609.0
103.32014083862305,62699.0
103.50509881973267,62824.0
104.00018000602722,62825.0
104.67698097229004,62843.0
104.67698097229004,62844.0
106.87293004989624,62899.0
108.33414340019226,62907.0
108.58538627624512,62908.0
