0.0,11812
0.031020164489746094,11919
0.06227540969848633,11993
0.06227540969848633,12110
0.06227540969848633,12119
0.07790136337280273,12145
0.07790136337280273,12264
0.07790136337280273,12387
0.09352564811706543,12496
0.09352564811706543,12601
0.09352564811706543,12716
0.10915112495422363,12803
0.12515997886657715,12917
0.12515997886657715,13017
0.14079070091247559,13167
0.14079070091247559,13268
0.14079070091247559,13329
0.14079070091247559,13518
0.15641427040100098,13546
0.15641427040100098,13688
0.15641427040100098,13808
0.1720414161682129,13814
0.18766450881958008,13818
0.21930599212646484,13890
0.21930599212646484,14008
0.21930599212646484,14014
0.21930599212646484,14039
0.21930599212646484,14165
0.21930599212646484,14286
0.23493695259094238,14357
0.23493695259094238,14508
0.2818117141723633,14567
0.2818117141723633,14607
0.2974388599395752,14703
0.2974388599395752,14939
0.2974388599395752,15091
0.318068265914917,15209
0.318068265914917,15297
0.33062219619750977,15318
0.34512758255004883,15399
0.34512758255004883,15502
0.376387357711792,15516
0.394320011138916,15568
0.4099881649017334,15713
0.4099881649017334,15816
0.41800546646118164,15817
0.44042420387268066,15859
0.44042420387268066,15865
0.44042420387268066,15918
0.48906540870666504,16017
0.5352668762207031,16108
0.6187443733215332,16178
0.6187443733215332,16292
0.6472771167755127,16399
0.6472771167755127,16509
0.6472771167755127,16674
0.662898063659668,16784
0.665438175201416,16790
0.6948869228363037,16816
0.6948869228363037,16868
0.6948869228363037,16973
0.6948869228363037,17108
0.6948869228363037,17217
0.7269384860992432,17304
0.7582070827484131,17441
0.7606627941131592,17563
0.7606627941131592,17692
0.7606627941131592,17770
0.7606627941131592,17894
0.790229320526123,17904
0.8079230785369873,18003
0.8219587802886963,18032
0.8219587802886963,18185
0.8376030921936035,18318
0.947547435760498,18433
0.947547435760498,18502
0.9631729125976562,18504
0.978797435760498,18513
0.9810798168182373,18618
0.9945964813232422,18705
1.0261116027832031,18795
1.041755199432373,18805
1.1392667293548584,18810
1.1535546779632568,18892
1.1787869930267334,18992
1.1787869930267334,18993
1.1837902069091797,18999
1.2012426853179932,19015
1.2130072116851807,19018
1.3094801902770996,19117
1.3254947662353516,19216
1.8457043170928955,19276
1.8592073917388916,19384
1.8748376369476318,19412
1.9077465534210205,19507
2.996382236480713,19587
2.996382236480713,19676
2.996382236480713,19868
2.996382236480713,20015
3.013622760772705,20097
3.022139549255371,20101
3.0276570320129395,20216
3.8344905376434326,20310
3.850754499435425,20386
3.850754499435425,20496
3.850754499435425,20511
3.850754499435425,20584
3.927360773086548,20600
3.927360773086548,20718
3.9430036544799805,20769
3.9430036544799805,20817
3.9763100147247314,20873
3.9763100147247314,20995
3.9763100147247314,21114
4.572502851486206,21181
4.588146924972534,21256
4.588146924972534,21301
4.767524003982544,21307
4.778042554855347,21310
5.187858819961548,21383
5.205537796020508,21394
5.205537796020508,21400
5.205537796020508,21402
5.226072788238525,21408
5.47327995300293,21514
9.070905923843384,21598
9.102174758911133,21655
9.119436025619507,21692
9.119436025619507,21815
9.135526895523071,21884
9.135526895523071,21912
9.149543762207031,22011
9.180850982666016,22094
11.789949178695679,22097
11.789949178695679,22100
11.80557370185852,22215
11.85551142692566,22370
11.85551142692566,22509
11.869028091430664,22510
11.869028091430664,22515
12.217034101486206,22616
13.054935216903687,22619
14.202126026153564,22708
14.247208595275879,22715
14.264904260635376,22810
14.278920412063599,22811
14.328899621963501,22818
14.643514156341553,22897
14.657531023025513,22902
14.657531023025513,23000
15.320480108261108,23019
15.336105346679688,23108
15.414734363555908,23208
15.46203875541687,23218
15.493744134902954,23307
17.436180591583252,23316
17.512887477874756,23413
17.92702603340149,23415
20.092703342437744,23418
21.271981239318848,23509
21.42862057685852,23603
21.45425009727478,23618
21.523224592208862,23710
21.616865158081055,23718
21.648115158081055,23806
21.695379972457886,23808
21.726629734039307,23895
21.742255687713623,23904
21.773895025253296,23906
21.820769548416138,23983
21.836395025253296,24088
21.855026245117188,24092
21.855026245117188,24104
21.868029832839966,24207
21.962172985076904,24219
22.040812015533447,24315
22.16661238670349,24415
22.907808780670166,24504
22.939058542251587,24512
23.304545402526855,24515
23.428137063980103,24609
23.491759538650513,24611
25.19981074333191,24719
25.832564115524292,24819
25.975087642669678,24902
26.035972118377686,25019
26.777070999145508,25117
