0.00003,23911
0.00066,24275
0.00114,24497
0.00162,24530
0.00210,25342
0.00258,26094
0.00306,26276
0.00354,26958
0.00402,27704
0.00450,28380
0.00498,28888
0.00545,29216
0.00594,30215
0.00642,30353
0.00690,30490
0.00738,30829
0.00786,31712
0.00833,31806
0.00881,32646
0.00929,33339
0.00977,34177
0.01024,34726
0.01072,35114
0.01120,35792
0.01169,36361
0.01217,36364
0.01265,36750
0.01313,37417
0.01361,38269
0.01410,38502
0.01457,38945
0.01639,39212
0.01731,40027
0.03612,40676
0.04331,40681
0.15408,41367
0.18007,41536
0.23606,42226
0.34301,42875
0.37029,43429
