0.0,1331.0
0.0,2396.0
0.0,3221.0
0.0,3540.0
0.0,4603.0
0.0,4800.0
0.0,4990.0
0.0,5228.0
0.0,5531.0
0.0,5938.0
0.002527952194213867,6131.0
0.002527952194213867,6260.0
0.002527952194213867,6367.0
0.002527952194213867,6422.0
0.002527952194213867,6532.0
0.03415369987487793,6577.0
0.03415369987487793,6743.0
0.03415369987487793,6799.0
0.04979848861694336,6878.0
0.04979848861694336,6981.0
0.04979848861694336,7090.0
0.04979848861694336,7184.0
0.06542325019836426,7278.0
0.06542325019836426,7359.0
0.06542325019836426,7484.0
0.0810399055480957,7486.0
0.0810399055480957,7534.0
0.0810399055480957,7654.0
0.09254765510559082,7783.0
0.09705305099487305,7831.0
0.09705305099487305,7947.0
0.09705305099487305,8067.0
0.11374187469482422,8186.0
0.11374187469482422,8231.0
0.11374187469482422,8338.0
0.12874865531921387,8490.0
0.16000628471374512,8562.0
0.16000628471374512,8672.0
0.16000628471374512,8781.0
0.16000628471374512,8914.0
0.16000628471374512,9043.0
0.16000628471374512,9053.0
0.16000628471374512,9074.0
0.1912550926208496,9090.0
0.2697744369506836,9165.0
0.2853989601135254,9246.0
0.2853989601135254,9270.0
0.2853989601135254,9379.0
0.3014092445373535,9385.0
0.37954163551330566,9490.0
0.49431872367858887,9574.0
0.49431872367858887,9689.0
0.7253222465515137,9787.0
0.7565724849700928,9886.0
0.7565724849700928,9967.0
0.7721998691558838,10066.0
0.7878239154815674,10175.0
0.7878239154815674,10283.0
0.794837474822998,10302.0
0.794837474822998,10473.0
0.8351061344146729,10479.0
0.8507342338562012,10588.0
0.8507342338562012,10616.0
0.8507342338562012,10764.0
0.8507342338562012,10779.0
0.8507342338562012,10857.0
0.866356372833252,10988.0
1.0546529293060303,11075.0
1.0546529293060303,11178.0
1.1036276817321777,11286.0
1.117638111114502,11332.0
1.117638111114502,11387.0
1.1488981246948242,11490.0
1.1488981246948242,11586.0
2.341841459274292,11587.0
2.373094081878662,11635.0
2.373094081878662,11765.0
2.388734817504883,11774.0
2.3987584114074707,11876.0
2.954058885574341,11982.0
2.9696857929229736,12062.0
2.9696857929229736,12176.0
3.0325818061828613,12284.0
3.0794568061828613,12288.0
3.0950815677642822,12371.0
3.1267247200012207,12380.0
3.1735992431640625,12387.0
3.7861969470977783,12389.0
