0.0,1104
0.0,2166
0.0,2291
0.0,2590
0.0,2862
0.010516881942749023,3142
0.010516881942749023,3308
0.012238740921020508,3400
0.012238740921020508,3516
0.012238740921020508,3567
0.012238740921020508,3692
0.012238740921020508,3802
0.012238740921020508,3911
0.026255369186401367,4016
0.027951955795288086,4024
0.027951955795288086,4214
0.027951955795288086,4299
0.027951955795288086,4408
0.027951955795288086,4415
0.027951955795288086,4443
0.027951955795288086,4586
0.04196906089782715,4714
0.13518095016479492,4794
0.14090466499328613,4908
0.19337725639343262,4917
0.19454288482666016,5007
0.2178804874420166,5104
0.22861099243164062,5114
0.23613882064819336,5154
0.23761439323425293,5156
0.23761439323425293,5207
0.24342608451843262,5288
0.24442791938781738,5294
0.2642230987548828,5306
0.2667427062988281,5387
0.2667427062988281,5396
0.2895534038543701,5400
0.2928352355957031,5502
0.2940394878387451,5558
0.2950468063354492,5562
0.2986869812011719,5708
0.3024008274078369,5803
0.3035149574279785,5906
0.3035149574279785,5907
2.9987354278564453,5912
3.3419086933135986,5999
3.3419086933135986,6009
3.3419086933135986,6013
7.25493860244751,6106
7.286717414855957,6115
7.446314096450806,6214
7.619588375091553,6216
