0.0,707
0.0,732
0.0,929
0.0,1566
0.0,2290
0.0,2954
0.0,3239
0.016109228134155273,3337
0.016109228134155273,4128
0.016109228134155273,4318
0.016109228134155273,5109
0.016109228134155273,5323
0.016109228134155273,5478
0.016109228134155273,5719
0.016109228134155273,6406
0.016109228134155273,6501
0.016109228134155273,6913
0.016109228134155273,7637
0.016109228134155273,8568
0.016109228134155273,8651
0.03126883506774902,8731
0.03126883506774902,8995
0.1656782627105713,9031
0.23618268966674805,9340
0.28315043449401855,9651
0.28315043449401855,9830
0.6126406192779541,9916
0.6282660961151123,10261
0.6282660961151123,10417
0.6438910961151123,10869
0.6438910961151123,11110
1.7917091846466064,11227
