0.0,3021.0
0.0,3799.0
0.0,4508.0
0.0,4890.0
0.0,5207.0
0.0,5764.0
0.0,6715.0
0.0,6977.0
0.0,7559.0
0.0,8061.0
0.014017581939697266,8462.0
0.01566290855407715,9531.0
0.01566290855407715,9740.0
0.01768183708190918,10360.0
0.01768183708190918,10780.0
0.01768183708190918,11476.0
0.01768183708190918,12022.0
0.01768183708190918,12289.0
0.01768183708190918,12974.0
0.01768183708190918,13162.0
0.01768183708190918,13616.0
0.01768183708190918,14413.0
0.01768183708190918,14627.0
0.01768183708190918,15087.0
0.01768183708190918,16073.0
0.029699325561523438,17124.0
0.03134799003601074,17833.0
0.03134799003601074,18864.0
0.03134799003601074,19337.0
0.03134799003601074,19521.0
0.03134799003601074,19784.0
0.03134799003601074,20010.0
0.03134799003601074,20950.0
0.03134799003601074,22024.0
0.03134799003601074,22278.0
0.03134799003601074,22926.0
0.03134799003601074,23512.0
0.03134799003601074,24544.0
0.03134799003601074,25325.0
0.03134799003601074,26261.0
0.045365333557128906,27342.0
0.045365333557128906,28118.0
0.045365333557128906,29069.0
0.045365333557128906,29361.0
0.045365333557128906,29480.0
0.045365333557128906,29784.0
0.045365333557128906,29858.0
0.045365333557128906,29980.0
0.06101059913635254,30090.0
0.07663583755493164,30198.0
0.13982820510864258,30302.0
0.1715705394744873,30334.0
0.1715705394744873,30440.0
0.18722128868103027,30523.0
0.18722128868103027,30633.0
0.18722128868103027,30780.0
0.20284461975097656,30883.0
0.21888518333435059,30998.0
0.25916004180908203,31082.0
0.25916004180908203,31104.0
0.25916004180908203,31220.0
0.27478504180908203,31497.0
0.33771610260009766,31505.0
0.5100231170654297,31630.0
0.5185446739196777,31781.0
0.5891005992889404,31902.0
0.6207995414733887,31973.0
0.6364431381225586,32068.0
0.6559183597564697,32175.0
0.6709866523742676,32300.0
0.6999824047088623,32357.0
0.7186377048492432,32493.0
0.731642484664917,32699.0
0.7785377502441406,32732.0
0.7785377502441406,32929.0
0.7785377502441406,33160.0
0.7941627502441406,33227.0
0.8097796440124512,33334.0
0.8097796440124512,33448.0
0.818789005279541,33582.0
0.8258054256439209,33696.0
0.8258054256439209,33801.0
0.8258054256439209,33992.0
0.872800350189209,34096.0
0.951000452041626,34104.0
1.0136685371398926,34280.0
1.0186772346496582,34371.0
1.029684066772461,34502.0
1.139465570449829,34597.0
1.1914808750152588,34599.0
1.1914808750152588,34788.0
1.2024974822998047,34904.0
1.251490831375122,35004.0
1.281158208847046,35096.0
1.281158208847046,35202.0
1.3441424369812012,35214.0
1.3441424369812012,35386.0
1.3597877025604248,35395.0
1.408435583114624,35500.0
1.4543113708496094,35588.0
1.485581398010254,35704.0
1.501206398010254,35873.0
1.516831636428833,35952.0
1.5328664779663086,35968.0
1.5328664779663086,36083.0
1.5954818725585938,36093.0
1.6111063957214355,36197.0
1.6271452903747559,36205.0
1.6740281581878662,36287.0
1.689652681350708,36303.0
1.7052769660949707,36305.0
1.7746367454528809,36397.0
1.8314268589019775,36501.0
1.867020606994629,36551.0
1.867020606994629,36687.0
1.867020606994629,36802.0
1.9414198398590088,36886.0
1.9493300914764404,36987.0
1.9493300914764404,37042.0
1.9589712619781494,37061.0
1.9589712619781494,37184.0
2.0049638748168945,37298.0
2.13075852394104,37386.0
2.1654369831085205,37492.0
2.193601608276367,37599.0
2.2092268466949463,37698.0
2.243157148361206,37792.0
2.5712528228759766,37802.0
2.635986804962158,37904.0
2.8065857887268066,37992.0
2.8380064964294434,38096.0
2.869255542755127,38199.0
2.869255542755127,38300.0
2.9005041122436523,38315.0
2.9005041122436523,38431.0
2.9005041122436523,38533.0
2.9005041122436523,38664.0
3.057551860809326,38701.0
3.1044437885284424,38798.0
3.3585758209228516,38805.0
3.4030189514160156,38899.0
3.4696600437164307,38989.0
3.4978079795837402,38994.0
3.560716390609741,39000.0
3.595906972885132,39067.0
3.609727144241333,39072.0
3.687688112258911,39117.0
3.7033188343048096,39222.0
3.7033188343048096,39385.0
4.048035383224487,39496.0
4.079272270202637,39601.0
4.173459053039551,39736.0
4.173459053039551,39853.0
4.191666603088379,39995.0
4.205201148986816,40103.0
4.336212396621704,40164.0
4.3512303829193115,40285.0
4.3512303829193115,40404.0
4.398126602172852,40492.0
4.4301934242248535,40599.0
4.490174055099487,40684.0
4.55160927772522,40702.0
4.56723165512085,40742.0
4.56723165512085,40847.0
4.582855939865112,40960.0
4.582855939865112,41069.0
4.582855939865112,41179.0
4.630115509033203,41191.0
4.645750522613525,41304.0
5.1331751346588135,41404.0
5.355191230773926,41503.0
5.355191230773926,41605.0
5.424802541732788,41693.0
5.47938084602356,41699.0
5.589844703674316,41884.0
5.919133424758911,41902.0
6.076417922973633,42004.0
6.107667684555054,42005.0
6.798107385635376,42105.0
6.8610312938690186,42196.0
6.955212116241455,42207.0
6.970837116241455,42491.0
6.986462831497192,42596.0
7.0339415073394775,42698.0
7.192033290863037,42699.0
7.207658052444458,42805.0
7.240300893783569,42828.0
7.240300893783569,42981.0
7.282258749008179,43100.0
7.349267482757568,43181.0
7.366519212722778,43266.0
7.366519212722778,43421.0
7.381025552749634,43468.0
7.381025552749634,43586.0
7.5843095779418945,43668.0
7.586316347122192,43773.0
7.594160795211792,43774.0
7.594160795211792,43889.0
7.627047061920166,43945.0
7.636705636978149,44002.0
7.760175704956055,44090.0
7.7758002281188965,44204.0
8.359896421432495,44266.0
8.374074220657349,44387.0
8.407327890396118,44487.0
8.414184331893921,44605.0
8.453338384628296,44694.0
8.486339330673218,44804.0
10.263198852539062,44805.0
10.655177116394043,44876.0
10.748809099197388,44897.0
10.79568338394165,45003.0
10.905446529388428,45097.0
10.937082052230835,45177.0
10.937082052230835,45296.0
11.033974647521973,45300.0
11.414269924163818,45303.0
11.905958652496338,45405.0
12.221023321151733,45501.0
12.299561023712158,45592.0
12.394136667251587,45594.0
12.474323272705078,45697.0
12.600863456726074,45698.0
13.110649585723877,45705.0
13.206616401672363,45802.0
13.22251296043396,45903.0
14.208362340927124,45904.0
14.994153022766113,45996.0
15.04121994972229,46002.0
15.04121994972229,46121.0
15.047627925872803,46228.0
15.068581104278564,46344.0
15.089363813400269,46505.0
15.121286392211914,46604.0
15.439367055892944,46692.0
15.455474615097046,46801.0
15.852800607681274,46900.0
15.852800607681274,47004.0
16.263959169387817,47005.0
17.11483359336853,47076.0
17.14608359336853,47082.0
19.28771209716797,47101.0
19.679632902145386,47182.0
19.710883855819702,47184.0
19.79395079612732,47190.0
19.883978366851807,47303.0
19.946476459503174,47377.0
19.978179931640625,47405.0
21.750675201416016,47453.0
21.75119972229004,47602.0
21.862237453460693,47679.0
21.87667727470398,47794.0
21.892489194869995,47900.0
22.00224018096924,47903.0
22.3322536945343,47986.0
22.3478786945343,48091.0
22.426679611206055,48100.0
22.50525665283203,48204.0
22.67805290222168,48284.0
22.709322929382324,48290.0
22.740572452545166,48295.0
22.868590116500854,48403.0
23.24650502204895,48499.0
23.450593948364258,48600.0
23.49790048599243,48700.0
23.84550380706787,48704.0
