0.0,707
0.0,732
0.0,929
0.0,1566
0.0,2290
0.0,2954
0.0,3239
0.0,3337
0.0,4128
0.01564645767211914,4318
0.01564645767211914,5109
0.01564645767211914,5323
0.01564645767211914,5478
0.01564645767211914,5719
0.01564645767211914,6406
0.01564645767211914,6501
0.01564645767211914,6913
0.01564645767211914,7637
0.01564645767211914,8568
0.01564645767211914,8651
0.01564645767211914,8731
0.035289764404296875,8995
0.15707802772521973,9031
0.25121092796325684,9340
0.29809117317199707,9651
0.29809117317199707,9830
0.6463978290557861,9916
0.6463978290557861,10261
0.6620581150054932,10417
0.6620581150054932,10869
0.6620581150054932,11110
1.8379855155944824,11227
