0.0,2955
0.0,3586
0.0,4063
0.0,5042
0.0,5640
0.0,6499
0.0,6907
0.0,7804
0.0,7906
0.0,8363
0.0,9107
0.0,9898
0.0,10809
0.0,11091
0.015644073486328125,11286
0.015644073486328125,11495
0.03328704833984375,11574
0.03328704833984375,12462
0.03328704833984375,12507
0.03328704833984375,12913
0.11073923110961914,13023
0.11073923110961914,13747
0.11073923110961914,13873
0.11073923110961914,13922
0.12638378143310547,14205
0.12638378143310547,14458
0.1282484531402588,15124
0.13028478622436523,15361
0.13028478622436523,15400
0.13028478622436523,16354
0.13028478622436523,16759
0.13028478622436523,17254
0.13028478622436523,17796
0.13028478622436523,18466
0.13028478622436523,18882
0.23802924156188965,19213
0.23802924156188965,19430
0.26979780197143555,19629
0.26979780197143555,20364
0.26979780197143555,21318
1.1909832954406738,21329
1.205000638961792,21515
1.206636905670166,21750
1.206636905670166,22513
1.206636905670166,22585
1.206636905670166,22780
1.2223103046417236,23224
1.2223103046417236,23988
2.0800960063934326,24025
2.0800960063934326,24422
2.0800960063934326,24964
2.707702159881592,25465
2.723694086074829,25532
2.771641492843628,25687
2.771641492843628,26290
3.2896549701690674,26365
3.3146355152130127,26905
3.3146355152130127,26959
3.330263614654541,27040
3.3648338317871094,27502
3.3648338317871094,27604
3.423900604248047,27650
4.171396970748901,27676
4.424612760543823,27725
4.48982048034668,27795
4.502503871917725,28115
4.533772230148315,28151
4.537791013717651,28253
4.805411338806152,28419
