0.0,283
0.0,1280
0.0,1584
0.0,1601
0.0,2398
0.0,2706
0.0,3285
0.0,3378
0.0,4099
0.0,5064
0.0,5998
0.0,6830
0.0,7253
0.0,7323
0.0,7939
0.0,8565
0.0,8682
0.0,9208
0.0,9578
0.0,10281
0.015648603439331055,10531
0.03126931190490723,10738
0.03126931190490723,11288
0.03126931190490723,12127
0.03126931190490723,13038
0.03126931190490723,13272
0.046894073486328125,13826
0.046894073486328125,14574
0.046894073486328125,15298
0.06698942184448242,15497
0.06698942184448242,15813
0.06829023361206055,16744
0.06998991966247559,16955
0.07117176055908203,17173
0.10280823707580566,17897
0.118438720703125,18586
0.118438720703125,19475
0.1340627670288086,19540
0.1340627670288086,20025
0.1340627670288086,20080
0.1340627670288086,20177
0.1496882438659668,20997
0.1496882438659668,21561
0.1496882438659668,21990
0.1653127670288086,22041
0.1809375286102295,22501
0.1809375286102295,22552
0.1809375286102295,22981
0.19856834411621094,23772
0.19856834411621094,24372
0.212571382522583,24926
0.22820115089416504,25308
0.22820115089416504,26255
0.22820115089416504,26772
0.22820115089416504,26913
0.24382591247558594,27545
0.24382591247558594,27915
0.24382591247558594,28666
0.24382591247558594,29524
0.27507638931274414,29796
0.27507638931274414,30655
0.30670881271362305,30969
0.32285165786743164,31820
0.32285165786743164,32385
0.32285165786743164,33034
0.33835482597351074,34032
0.3696095943450928,34542
0.3696095943450928,34790
0.4481232166290283,35061
0.4481232166290283,35080
0.4793727397918701,35392
0.4793727397918701,35845
0.49900364875793457,36603
0.5110070705413818,36931
0.5110070705413818,37643
0.5110070705413818,38089
0.5266368389129639,38643
0.5266368389129639,39293
0.5422627925872803,39567
0.5422627925872803,39788
0.5422627925872803,40499
0.5422627925872803,41281
0.5422627925872803,42166
0.5422627925872803,42390
0.5422627925872803,42622
0.5422627925872803,42632
0.573516845703125,42684
0.573516845703125,42902
0.5992147922515869,43708
0.6052184104919434,44071
0.6364743709564209,44309
0.6364743709564209,44369
0.6677234172821045,44712
0.6677234172821045,45222
0.7618751525878906,45523
0.7618751525878906,46077
0.7618751525878906,46389
0.8716375827789307,46572
0.8872661590576172,46908
0.903273344039917,47293
0.9505505561828613,47447
0.9505505561828613,47662
0.9505505561828613,48584
0.9661755561828613,48904
0.9818000793457031,49571
0.9818000793457031,50301
1.1075751781463623,51075
1.1700820922851562,51307
1.1857049465179443,52165
1.1857049465179443,52956
1.3583564758300781,53228
1.3583564758300781,53967
1.3583564758300781,54769
1.3583564758300781,55658
1.3739814758300781,56414
1.389606237411499,56578
1.389606237411499,56826
1.389606237411499,57120
1.4212441444396973,57354
1.4212441444396973,57871
1.4368700981140137,58336
1.4524943828582764,58896
1.5313889980316162,59638
1.5470139980316162,60310
1.578263282775879,60432
1.6098973751068115,60599
1.6098973751068115,61242
1.6098973751068115,61855
2.0926342010498047,61965
2.206782341003418,61986
2.206782341003418,62228
2.222412347793579,63019
2.2849133014678955,63277
2.2849133014678955,63860
2.300536870956421,64113
2.302044153213501,64141
2.302044153213501,64601
2.302044153213501,65195
2.316547393798828,65557
2.316547393798828,66175
2.3790531158447266,66801
2.3790531158447266,67732
2.4021832942962646,67791
2.4021832942962646,68237
2.426316022872925,68294
2.4888157844543457,68677
2.5048253536224365,69037
2.5360796451568604,69748
2.5360796451568604,69847
2.5517055988311768,70586
2.5829548835754395,70627
2.5829548835754395,71104
2.6025846004486084,71239
2.6145877838134766,71552
2.6145877838134766,72106
2.6145877838134766,72668
2.8034884929656982,73385
2.8034884929656982,73522
2.8034884929656982,73999
4.732895374298096,74183
4.732895374298096,74441
4.732895374298096,75006
4.811403036117554,75176
4.811403036117554,75582
4.827032566070557,75886
5.214123249053955,76464
5.735472917556763,76567
5.7510974407196045,77005
5.829900026321411,77270
5.829900026321411,77407
5.84554386138916,77466
5.84554386138916,77494
5.84554386138916,78040
5.87679386138916,78103
5.892419338226318,78669
5.91023325920105,79355
5.91023325920105,79969
6.018467426300049,80348
6.051512718200684,80509
6.056298494338989,81162
6.191992521286011,81199
6.191992521286011,81751
6.21065616607666,82029
6.256627559661865,82442
6.256627559661865,83154
6.256627559661865,83814
6.274684190750122,84120
6.274684190750122,84822
6.318119525909424,85042
6.318119525909424,85324
6.3497045040130615,85583
6.3669867515563965,85748
6.430563449859619,85990
6.430563449859619,86208
6.444580554962158,86919
8.995760202407837,87149
9.043066263198853,87348
9.074686288833618,87649
9.090330362319946,87864
9.090330362319946,88254
9.672157526016235,88492
9.703407049179077,89054
9.781493902206421,89230
9.81888747215271,89535
9.828906297683716,89654
9.844554662704468,89736
9.907123565673828,89905
10.722366094589233,89944
10.722366094589233,90169
10.734882831573486,90390
11.723865032196045,90431
11.807077169418335,90546
12.139143705368042,90795
12.139143705368042,91039
12.139143705368042,91473
12.17041277885437,91564
12.22514820098877,91663
12.23517656326294,91672
12.864708423614502,91967
12.973424196243286,92055
13.227371454238892,92370
13.287782192230225,92473
13.287782192230225,92767
14.104901552200317,92854
14.34072494506836,92977
14.403244018554688,93066
14.434903860092163,93820
14.45054841041565,94337
14.672605276107788,94433
14.686424255371094,94501
14.781121492385864,94505
14.81239104270935,94952
16.284200429916382,94965
16.38202452659607,95202
16.677332401275635,95557
16.724273443222046,95716
16.83487820625305,95859
17.259516716003418,95868
17.417736768722534,96266
17.436392545700073,96368
17.480677366256714,96742
18.487547397613525,96991
18.487547397613525,97007
18.691490650177002,97131
18.693107843399048,97389
18.785930156707764,97547
19.00525951385498,97749
19.020885705947876,97763
19.04003071784973,97996
19.688952207565308,98429
19.71146821975708,98538
19.71146821975708,98894
19.77441644668579,99013
19.77441644668579,99582
19.836916208267212,99782
20.057807683944702,99903
22.034743785858154,100042
22.04865860939026,100324
22.417545080184937,100512
22.73281216621399,100566
25.765632390975952,100719
28.675391674041748,100734
