0.0,1242.0
0.0,2121.0
0.0,2524.0
0.0,2700.0
0.0,3294.0
0.0,4216.0
0.0,4860.0
0.0,5059.0
0.0,5304.0
0.0,5421.0
0.0,5426.0
0.0,5427.0
0.0,5507.0
0.0,5552.0
0.0156402587890625,5553.0
0.0156402587890625,5584.0
0.0485384464263916,5618.0
0.0625452995300293,5636.0
0.07817769050598145,5658.0
0.07996988296508789,5695.0
0.09397602081298828,5750.0
0.09397602081298828,5768.0
0.09397602081298828,5917.0
0.10960865020751953,5984.0
0.10960865020751953,6055.0
0.10960865020751953,6138.0
0.8525307178497314,6173.0
0.8779962062835693,6206.0
0.8779962062835693,6230.0
0.8852527141571045,6321.0
0.8852527141571045,6339.0
0.9659204483032227,6352.0
1.0266876220703125,6372.0
1.0266876220703125,6373.0
1.041959285736084,6475.0
1.041959285736084,6521.0
1.041959285736084,6574.0
1.041959285736084,6576.0
1.041959285736084,6703.0
1.06607985496521,6742.0
1.06607985496521,6811.0
1.0706112384796143,6820.0
2.5702152252197266,6825.0
2.5792336463928223,6865.0
2.5955214500427246,6981.0
2.61090087890625,7003.0
2.6243879795074463,7004.0
2.6702194213867188,7011.0
2.6742286682128906,7057.0
4.6549293994903564,7059.0
4.676561117172241,7077.0
4.845177888870239,7169.0
4.862815856933594,7209.0
5.177465200424194,7248.0
5.271617650985718,7290.0
