0.0019304752349853516,54795
0.0042612552642822266,55087
0.00476527214050293,55756
0.00476527214050293,56737
0.010088205337524414,57054
0.011695623397827148,57639
0.011695623397827148,57916
0.018789291381835938,58246
0.0337064266204834,58406
0.04816889762878418,58512
0.11742377281188965,58614
0.1390230655670166,58718
0.2810237407684326,58759
0.2935330867767334,58987
0.2935330867767334,59104
0.40351343154907227,59207
0.40351343154907227,59337
0.40351343154907227,59473
0.41913819313049316,59580
0.4626736640930176,59701
0.5301692485809326,59809
0.546180009841919,59912
0.7197704315185547,60019
1.0027046203613281,60205
1.0183300971984863,60308
1.065600872039795,60409
1.065600872039795,60510
1.0968513488769531,60611
1.191577434539795,60718
1.2701077461242676,60783
1.2701077461242676,60907
1.379878044128418,61012
1.379878044128418,61118
1.4156992435455322,61219
1.463350772857666,61371
1.511733055114746,61490
1.511733055114746,61614
1.589522123336792,61715
1.8741662502288818,61894
1.8903350830078125,61916
2.014820098876953,61941
2.032222270965576,62062
2.032222270965576,62259
2.0462589263916016,62395
2.0635886192321777,62507
2.1298980712890625,62599
2.169780731201172,62601
2.2280797958374023,62705
2.2420971393585205,62814
2.3836474418640137,62857
2.4010367393493652,62999
2.4421730041503906,63118
2.5423693656921387,63219
2.765739679336548,63313
2.782642126083374,63319
3.1430835723876953,63418
3.282478094100952,63510
3.298102617263794,63513
3.3293776512145996,63619
3.6277923583984375,63728
3.643920660018921,63879
3.6594231128692627,64018
3.6750524044036865,64047
3.6906776428222656,64093
3.7063021659851074,64198
3.75356125831604,64299
3.7691900730133057,64404
3.784815788269043,64519
3.895705461502075,64527
3.895705461502075,64658
3.9102120399475098,64807
3.9102120399475098,64918
4.415745258331299,64967
4.463445425033569,65108
4.524912595748901,65210
4.524912595748901,65313
4.587923526763916,65319
4.603549003601074,65482
4.682108163833618,65601
4.714190244674683,65705
4.79207968711853,65784
4.807704448699951,65907
4.854962110519409,65967
4.93309211730957,66111
5.027706623077393,66212
5.247812986373901,66319
5.5163867473602295,66389
5.547734260559082,66499
5.61082911491394,66506
5.678515911102295,66604
5.678515911102295,66732
5.678515911102295,66869
5.721279144287109,66910
5.799452304840088,66985
5.831207275390625,67155
5.847186326980591,67296
5.895650148391724,67457
5.895650148391724,67565
5.909655570983887,67586
5.925288915634155,67707
5.956924676895142,67713
6.0038065910339355,67714
6.177039861679077,67817
6.297675609588623,67889
6.329002618789673,68005
6.3761146068573,68111
6.5285964012146,68313
6.5687994956970215,68401
6.600446939468384,68511
6.624435186386108,68512
6.677975177764893,68595
6.681150913238525,68817
6.820862293243408,68948
6.825648546218872,69070
6.825648546218872,69198
6.854276657104492,69314
6.944662570953369,69318
7.0747997760772705,69406
7.0904436111450195,69489
7.123291015625,69545
7.139410018920898,69668
7.1483399868011475,69804
7.155792951583862,69914
7.268769264221191,69916
7.331201791763306,69959
7.345240116119385,70060
7.360364198684692,70107
7.408256530761719,70212
7.454562425613403,70316
7.611564636230469,70491
7.649205446243286,70616
7.831546068191528,70677
7.849677801132202,70815
7.863181114196777,70917
7.894435882568359,71018
8.269193172454834,71131
8.306790351867676,71303
8.45006251335144,71367
8.468531847000122,71563
8.579659938812256,71707
8.674233675003052,71811
8.765726804733276,72044
8.770322561264038,72211
8.812338829040527,72247
8.83281660079956,72403
8.850513219833374,72513
8.970050573348999,72819
9.229030847549438,72908
9.249349117279053,72913
9.447966814041138,73000
9.773672342300415,73074
9.79437804222107,73106
9.825301170349121,73148
9.841066837310791,73151
9.843562364578247,73259
9.927067756652832,73403
10.037232398986816,73481
10.053244590759277,73623
10.058393955230713,73804
10.089367389678955,73906
10.125171184539795,73911
10.152236700057983,74014
10.152236700057983,74119
10.373517274856567,74191
10.380057573318481,74314
10.498143672943115,74317
10.513162851333618,74418
10.579871892929077,74519
10.679760217666626,74611
10.717916011810303,74617
10.790644884109497,74715
10.918019771575928,74782
10.96666431427002,74911
11.114408016204834,74977
11.124731540679932,75104
11.147430896759033,75263
11.179506540298462,75400
11.215733766555786,75445
11.276216983795166,75503
11.339719295501709,75614
11.372438430786133,75716
11.565285205841064,75740
11.602291107177734,75815
11.798547506332397,75912
11.893278360366821,75919
11.98230791091919,76011
12.220946788787842,76107
12.310887813568115,76215
12.339622259140015,76219
12.698821544647217,76241
12.709995746612549,76387
12.742087602615356,76492
13.009322881698608,76501
13.06395435333252,76516
13.199226379394531,76595
13.224188566207886,76699
13.240647792816162,76804
13.267542123794556,76805
13.757723808288574,76900
13.77549695968628,76971
13.799799680709839,77115
13.854631662368774,77204
14.00031566619873,77317
14.066542863845825,77371
14.074344873428345,77489
14.126498460769653,77592
14.327819347381592,77614
14.41681456565857,77619
14.789238214492798,77717
15.269481420516968,77785
15.289054155349731,77890
15.318293809890747,77901
15.355557441711426,78004
15.43007755279541,78019
15.69632625579834,78185
15.744548082351685,78308
15.776814222335815,78338
15.792286396026611,78440
15.850268363952637,78608
16.09321427345276,78610
16.156728982925415,78719
16.20813012123108,78855
16.25592589378357,79001
16.25793766975403,79117
16.47965979576111,79206
16.57870841026306,79212
16.605040311813354,79318
17.104777812957764,79362
17.11928105354309,79516
17.829947471618652,79518
18.27888321876526,79598
18.450396299362183,79708
18.83578109741211,79780
18.851872444152832,79890
18.855337858200073,80118
19.094706535339355,80146
19.100672960281372,80299
19.286211729049683,80404
19.386348009109497,80514
19.51201891899109,80618
19.643433094024658,80706
19.889671325683594,80808
19.905296325683594,80919
21.452908277511597,81012
21.552714824676514,81214
21.7927405834198,81341
21.7927405834198,81458
21.82413411140442,81715
21.95736598968506,81760
21.961371183395386,81896
22.01558566093445,82009
22.01824402809143,82111
22.032740592956543,82162
22.07329273223877,82318
22.338411569595337,82319
22.41583228111267,82403
22.514971256256104,82449
22.51975679397583,82616
23.57054042816162,82708
23.66680932044983,82718
24.056478261947632,82831
24.083271980285645,82935
24.16378903388977,83006
24.195394277572632,83008
24.294670820236206,83078
24.294670820236206,83199
24.34008765220642,83311
24.35952639579773,83416
24.407559871673584,83466
24.427977085113525,83608
24.42992115020752,83715
24.51916813850403,83776
24.56457233428955,83792
24.734952926635742,83797
24.90799307823181,83811
24.939244031906128,83812
25.206827402114868,83819
25.33110022544861,83897
25.365854263305664,83917
26.384841442108154,83984
26.400465965270996,84107
29.171736478805542,84109
29.188826084136963,84210
29.203343629837036,84297
29.203343629837036,84413
29.2346134185791,84505
29.300265073776245,84614
29.478376150131226,84617
29.523764848709106,84674
29.712936401367188,84694
29.793050527572632,84716
29.872855186462402,84816
29.97040033340454,84899
30.029335260391235,85009
30.143758058547974,85044
30.235443830490112,85174
30.251068830490112,85278
30.270394325256348,85379
30.31399917602539,85508
30.31399917602539,85616
30.408592462539673,85689
30.440966367721558,85797
31.085378646850586,85805
31.16363763809204,85806
31.179674863815308,85913
31.48046636581421,85917
31.52592444419861,85982
31.58900499343872,86082
31.6224148273468,86114
31.99970006942749,86218
32.09517431259155,86293
32.12530064582825,86398
32.756885290145874,86401
32.756885290145874,86502
32.892202854156494,86585
32.907708406448364,86709
32.986233949661255,86800
33.07003092765808,86917
33.09805607795715,86979
33.146055698394775,87007
33.18607974052429,87074
33.22208619117737,87216
33.238083839416504,87276
33.31811165809631,87295
33.382097005844116,87309
33.51835870742798,87415
33.86384344100952,87511
33.991148233413696,87600
33.991148233413696,87714
34.03651213645935,87755
34.067782402038574,87817
34.47873854637146,87870
34.52562117576599,87977
34.54599857330322,87995
34.566959381103516,88085
34.60973405838013,88181
34.68683481216431,88284
34.715471506118774,88385
34.77835750579834,88516
34.88851976394653,88617
34.98305630683899,88664
35.03003239631653,88705
35.20483183860779,88760
35.237102031707764,88896
35.25293016433716,89012
35.84441661834717,89105
36.01444888114929,89206
36.37852621078491,89214
36.64562964439392,89316
37.51301598548889,89414
37.722495794296265,89460
37.769371032714844,89511
37.91562461853027,89618
38.26875185966492,89656
38.31907606124878,89811
38.40795111656189,89843
38.45503377914429,89887
39.239299297332764,89890
39.25073266029358,90007
39.50705409049988,90218
39.81511735916138,90304
39.935346841812134,90371
39.94879221916199,90473
39.97805833816528,90592
40.001397371292114,90712
40.0782516002655,90718
40.214730978012085,90725
40.217901945114136,90979
40.280864000320435,91075
40.39645481109619,91093
40.45788836479187,91219
40.53604197502136,91297
40.53604197502136,91398
40.552754402160645,91501
40.616416931152344,91602
40.616416931152344,91703
40.6465528011322,91742
40.693809032440186,91912
40.849122047424316,92011
41.329612731933594,92024
41.359553813934326,92114
41.70905947685242,92189
41.7523078918457,92233
41.77555227279663,92399
41.9208881855011,92403
41.927897930145264,92517
51.54272985458374,92611
51.77006673812866,92690
51.79612350463867,92814
52.49450945854187,92918
52.69017195701599,92962
52.739741563797,93008
52.88917374610901,93119
53.09215426445007,93216
53.346948862075806,93318
53.51119804382324,93375
53.7975058555603,93392
54.033655643463135,93492
54.09654521942139,93596
54.11217498779297,93704
54.71080160140991,93796
54.77346754074097,93817
54.79159879684448,93819
54.900070905685425,93894
54.93855905532837,93903
55.150445222854614,94016
55.67751169204712,94089
56.214064598083496,94204
56.45285940170288,94317
56.5162718296051,94417
57.16326904296875,94418
57.869985580444336,94508
57.91726326942444,94574
59.224048137664795,94591
59.27131652832031,94616
59.698575258255005,94676
59.698575258255005,94784
59.77800369262695,94788
59.91569399833679,94813
60.57101631164551,94814
63.1581654548645,94911
63.32390546798706,94971
63.353426694869995,95010
66.29815912246704,95103
66.3374092578888,95216
68.26482462882996,95218
68.90522265434265,95263
68.91132736206055,95392
68.92928814888,95514
68.95753407478333,95584
68.97806477546692,95590
69.03704857826233,95697
69.14792585372925,95803
69.16355085372925,95806
69.57508730888367,95818
69.6028504371643,95885
69.63790726661682,95983
69.76492047309875,96088
69.76931476593018,96115
70.0128846168518,96218
77.17691826820374,96297
77.19727039337158,96316
77.66989159584045,96406
77.75737690925598,96463
77.77169442176819,96569
77.84474229812622,96606
79.50984859466553,96708
80.75764083862305,96716
82.14319586753845,96813
85.82155585289001,96815
85.99385190010071,96912
86.0564706325531,97021
86.07209539413452,97137
86.11897206306458,97191
86.16623997688293,97293
86.19752740859985,97399
86.38584852218628,97409
86.45107769966125,97505
86.51202607154846,97518
86.52803921699524,97596
86.5592954158783,97713
89.2518527507782,97716
89.40899133682251,97746
89.40899133682251,97908
89.49795866012573,97939
89.49795866012573,98112
89.54215002059937,98213
89.66733264923096,98291
89.90415024757385,98383
90.12670922279358,98419
90.18767356872559,98500
90.37595796585083,98629
90.40720725059509,98649
90.43884038925171,98782
90.50134491920471,98798
90.51696968078613,98948
90.54860949516296,99099
90.84704494476318,99108
90.99103713035583,99193
91.08305978775024,99302
91.09868717193604,99416
92.0752866268158,99508
92.35852885246277,99514
95.03277945518494,99596
95.06403303146362,99610
95.40895318984985,99678
95.44058632850647,99797
95.66072750091553,99917
95.67635154724121,100018
97.07398676872253,100095
97.08961153030396,100205
97.136873960495,100308
97.27840304374695,100393
97.40378594398499,100506
97.51460075378418,100591
97.53473711013794,100712
106.74755692481995,100714
106.92022824287415,100719
107.2461564540863,100814
107.37588357925415,100913
107.44667553901672,100959
107.45468258857727,101060
107.45468258857727,101175
107.48763751983643,101179
107.49130272865295,101310
107.76818585395813,101317
108.58556151390076,101416
108.58556151390076,101519
109.39374256134033,101544
109.40800905227661,101613
109.58266496658325,101707
109.66128921508789,101809
109.70816850662231,101825
109.75580739974976,101880
109.91554260253906,101991
109.99295353889465,102112
110.07147741317749,102205
110.18073868751526,102288
110.21198844909668,102410
110.22761368751526,102516
110.37022662162781,102579
110.3847382068634,102695
110.60524892807007,102803
110.73064112663269,102908
110.80915904045105,103014
119.44304919242859,103078
119.45936608314514,103204
119.52695107460022,103299
119.59474205970764,103311
119.81091141700745,103317
120.56030821800232,103416
120.61418676376343,103500
120.67751288414001,103618
120.80336093902588,103712
120.91396999359131,103797
121.10213613510132,103801
121.4368085861206,103900
121.48424410820007,104015
122.00448679924011,104080
135.99297976493835,104202
136.02337884902954,104203
141.55653524398804,104307
141.71372771263123,104407
143.17485666275024,104419
143.23775100708008,104513
143.33189296722412,104618
143.75164771080017,104713
145.19669198989868,104816
145.69984364509583,104913
146.78242421150208,105014
146.78822898864746,105117
147.32452702522278,105218
156.4301290512085,105314
156.57286977767944,105317
156.5910758972168,105418
156.9056429862976,105419
157.38090467453003,105514
171.57645726203918,105516
171.94488215446472,105517
175.98683214187622,105617
176.6776602268219,105719
178.63022708892822,105808
178.6611053943634,105814
178.8663628101349,105872
178.89350056648254,105973
178.94076085090637,106097
179.30481553077698,106212
179.7593879699707,106303
179.782968044281,106415
179.99578952789307,106418
181.05194425582886,106506
181.2115728855133,106618
182.0124328136444,106718
186.69173336029053,106816
198.40718412399292,106919
199.112366437912,107017
199.8944330215454,107019
200.6533694267273,107100
200.9421968460083,107111
201.14266800880432,107189
201.17186570167542,107314
201.9580008983612,107405
202.02079105377197,107514
202.3046579360962,107516
203.03001236915588,107518
204.5256164073944,107519
211.36590337753296,107618
214.3957109451294,107712
215.3739197254181,107717
215.3911464214325,107818
215.84871411323547,107910
217.17366242408752,108005
217.42571115493774,108109
217.75501322746277,108219
219.0627155303955,108318
220.7734398841858,108411
221.24229836463928,108515
222.63281798362732,108604
222.75962734222412,108718
225.97864770889282,108815
226.2417721748352,108916
227.9282670021057,108917
228.38451838493347,108970
228.46265077590942,109071
228.49428939819336,109214
230.60036897659302,109315
232.82490921020508,109405
233.49886178970337,109407
233.67801761627197,109517
235.12735152244568,109598
235.14533925056458,109719
237.2232985496521,109806
237.25456357002258,109917
239.61787009239197,109918
248.00806617736816,109919
248.43590903282166,110012
255.05353212356567,110019
259.92505049705505,110119
277.9291763305664,110214
279.58322405815125,110315
281.52074337005615,110416
284.81669425964355,110517
294.36116194725037,110619
