0.0,5515
0.0,6427
0.0,6479
0.013107538223266602,7334
0.013107538223266602,7361
0.013107538223266602,8109
0.027624130249023438,8150
0.027624130249023438,8216
0.027624130249023438,8332
0.027624130249023438,8721
0.027624130249023438,9520
0.027624130249023438,10320
0.027624130249023438,11044
0.027624130249023438,11411
0.027624130249023438,12322
0.043268442153930664,13320
0.043268442153930664,13371
0.043268442153930664,13878
0.06058907508850098,14669
0.06110811233520508,14951
0.07752132415771484,15623
0.07752132415771484,15776
0.07752132415771484,16173
0.07752132415771484,16658
0.07752132415771484,16686
0.07752132415771484,16751
0.07752132415771484,17121
0.09053826332092285,17948
0.09053826332092285,18640
0.10657382011413574,18938
0.10657382011413574,19881
0.12413501739501953,20197
0.12413501739501953,20400
0.13865113258361816,20646
0.13865113258361816,20796
0.1542952060699463,20798
0.1542952060699463,20939
0.1542952060699463,21455
0.17201638221740723,21979
0.17201638221740723,22068
0.17201638221740723,22500
0.1860332489013672,23407
0.1860332489013672,23604
0.2001514434814453,23678
0.2001514434814453,24327
0.20217037200927734,24362
0.20217037200927734,24786
0.20217037200927734,25090
0.25126194953918457,25185
0.25126194953918457,25376
0.2657663822174072,25805
0.26918935775756836,25820
0.26918935775756836,26731
0.26918935775756836,26965
0.26918935775756836,27926
0.26918935775756836,28182
0.26918935775756836,28310
0.3458065986633301,28554
0.3458065986633301,29353
0.3458065986633301,29620
0.3458065986633301,30384
0.35254764556884766,30389
0.35254764556884766,30608
0.35254764556884766,31003
0.35254764556884766,31706
0.4003012180328369,31802
0.4003012180328369,32546
0.5676360130310059,32561
0.5676360130310059,33360
0.5676360130310059,34066
0.9291770458221436,34074
1.000542402267456,34189
1.0122480392456055,34291
1.0334656238555908,34451
1.0334656238555908,34499
1.0334656238555908,34702
1.0334656238555908,34804
1.073359727859497,35010
1.073359727859497,35220
1.086864948272705,35239
1.1028773784637451,35450
1.359447717666626,35869
1.4192326068878174,36449
1.4192326068878174,36731
1.4192326068878174,36734
1.4192326068878174,37219
1.4192326068878174,37247
1.4192326068878174,37866
1.4364690780639648,38028
1.452646255493164,38395
1.452646255493164,38500
1.5471141338348389,38624
1.5622224807739258,38862
1.5622224807739258,39694
1.5783984661102295,40240
1.6010782718658447,40431
1.6080834865570068,40589
1.6080834865570068,41075
1.6253139972686768,41241
1.6253139972686768,41325
2.5757570266723633,41739
2.5757570266723633,42388
2.5757570266723633,42583
2.607410430908203,42717
2.607410430908203,42829
4.306032657623291,43432
4.306032657623291,43627
4.3296661376953125,43991
4.36091685295105,44005
4.36091685295105,44084
4.3921661376953125,44124
4.3921661376953125,44765
4.408174753189087,45085
4.486693382263184,45274
4.70673680305481,45575
4.70673680305481,46224
4.944436311721802,46475
4.944436311721802,46696
4.991814613342285,46836
5.022367715835571,46980
5.022367715835571,47437
5.038012504577637,48185
5.055558681488037,48479
5.055558681488037,48697
6.742725849151611,49291
7.061208486557007,49534
7.124822616577148,49654
7.210003137588501,49816
7.491555213928223,50158
7.64831805229187,50438
7.64831805229187,50559
7.792302370071411,50736
7.911631345748901,50988
7.936535120010376,51102
12.286845207214355,51120
