0.0,4673
0.0,4981
0.0,5893
0.01400613784790039,5901
0.01400613784790039,6039
0.01400613784790039,6604
0.01400613784790039,6886
0.01400613784790039,7757
0.01400613784790039,7964
0.01400613784790039,8408
0.01400613784790039,9149
0.03361368179321289,9219
0.03361368179321289,9310
0.03361368179321289,9575
0.03361368179321289,9942
0.03361368179321289,10853
0.048317909240722656,11760
0.048317909240722656,12381
0.048317909240722656,13083
0.08586668968200684,13092
0.08586668968200684,13928
0.09554386138916016,14719
0.09554386138916016,14914
0.09554386138916016,15167
0.09554386138916016,15172
0.10956072807312012,15382
0.10956072807312012,16304
0.10956072807312012,16968
0.12766385078430176,17084
0.1347215175628662,17203
0.14258527755737305,17592
0.14258527755737305,18590
0.15810275077819824,19309
0.15810275077819824,19527
0.1603546142578125,20297
0.1738719940185547,20376
0.1925499439239502,20428
0.1925499439239502,20958
0.20767569541931152,21228
0.20767569541931152,21591
0.2533748149871826,21675
0.2533748149871826,21896
0.2690000534057617,22511
0.3175778388977051,22892
0.33411335945129395,23022
0.33411335945129395,23115
0.33411335945129395,23403
0.33411335945129395,24291
0.33411335945129395,25090
0.3481307029724121,25926
0.3498044013977051,26426
0.4577155113220215,26746
0.4733407497406006,27085
0.4733407497406006,27855
0.4940648078918457,28323
0.4940648078918457,29106
0.505082368850708,29219
0.5207169055938721,29644
0.5367283821105957,29865
0.5367283821105957,30591
0.5367283821105957,30809
0.583611249923706,30965
0.583611249923706,31053
0.583611249923706,31208
0.5992352962493896,31633
0.5992352962493896,31660
0.5992352962493896,31894
0.8031446933746338,32536
0.8031446933746338,33177
0.8187699317932129,33292
0.8187699317932129,33408
0.8187699317932129,33626
0.991429328918457,33848
0.991429328918457,33974
1.0070545673370361,34169
1.0070545673370361,34242
1.0070545673370361,34416
1.0070545673370361,34648
1.0070545673370361,35198
1.0543203353881836,35312
1.0699446201324463,35546
1.0699446201324463,35727
1.0699446201324463,36679
1.0699446201324463,36845
1.0699446201324463,37284
1.0855717658996582,37505
1.5597684383392334,37994
1.5597684383392334,38189
2.4895167350769043,38379
2.4895167350769043,38387
2.506843090057373,39246
2.506843090057373,39405
2.506843090057373,39476
2.506843090057373,40125
2.5527729988098145,40131
3.317836284637451,40547
3.317836284637451,40574
3.3418543338775635,40756
3.3418543338775635,41171
3.5462563037872314,41281
3.5641932487487793,41407
3.608980417251587,41614
3.608980417251587,42156
3.656363010406494,42685
3.656363010406494,42712
3.656363010406494,42907
3.7033627033233643,43089
3.736435651779175,43548
3.752642869949341,44064
3.752642869949341,44251
3.7687227725982666,44613
3.7871384620666504,45233
4.19374418258667,45244
4.242032527923584,45501
4.242032527923584,45506
4.259861946105957,45619
4.27387809753418,45771
4.289522647857666,45811
4.605967044830322,45906
4.62701153755188,46555
5.224550485610962,47388
5.2570295333862305,47566
5.27054762840271,47627
5.329635381698608,47790
5.428049087524414,47870
5.444089651107788,48186
5.4597344398498535,48627
5.461413383483887,48822
5.461413383483887,49307
5.461413383483887,49398
6.058014631271362,49491
6.058014631271362,49533
6.058014631271362,49765
7.42442774772644,50027
7.913974285125732,50054
8.166625022888184,50421
8.182250738143921,50642
8.229331016540527,50770
9.25617241859436,50808
9.287427186965942,50835
9.33430290222168,50943
9.413406372070312,50954
9.507256031036377,51018
9.729377508163452,51227
9.7615225315094,51318
10.457579612731934,51481
10.488847970962524,51676
10.490474224090576,51804
15.006241083145142,51817
16.98819589614868,51819
