0.0,1049
0.0,2114
0.0,2939
0.0,3258
0.0,4321
0.0,4518
0.0,5588
0.0,5778
0.0,5971
0.0,6078
0.0,6133
0.0,6243
0.016037464141845703,6283
0.016037464141845703,6435
0.016037464141845703,6587
0.04819345474243164,6597
0.04819345474243164,6721
0.04819345474243164,6884
0.06541872024536133,6989
0.06541872024536133,7044
0.07993531227111816,7169
0.07993531227111816,7288
0.07993531227111816,7290
0.11161208152770996,7360
0.11161208152770996,7486
0.1433265209197998,7569
0.1433265209197998,7685
0.1433265209197998,7790
0.1591348648071289,7877
0.1591348648071289,7986
0.33275580406188965,8072
0.33275580406188965,8179
0.33275580406188965,8187
0.38013505935668945,8188
0.4114036560058594,8284
0.42954587936401367,8364
0.42954587936401367,8396
0.42954587936401367,8516
0.44306230545043945,8569
0.44306230545043945,8658
0.4587070941925049,8784
0.4587070941925049,8862
0.4743316173553467,8868
0.4743316173553467,8872
0.4743316173553467,8934
0.4743316173553467,9053
0.4743316173553467,9084
0.5056462287902832,9086
0.5056462287902832,9181
0.5426816940307617,9207
0.5531997680664062,9348
0.5565409660339355,9426
0.5565409660339355,9442
0.5565409660339355,9552
0.5847039222717285,9586
0.5847039222717285,9590
0.5847039222717285,9756
0.5847039222717285,9853
0.6007471084594727,9887
0.6167328357696533,9948
0.6167328357696533,10088
0.6483805179595947,10124
0.8099536895751953,10169
0.8209710121154785,10173
0.8209710121154785,10289
0.8682758808135986,10334
0.8682758808135986,10450
0.8682758808135986,10474
0.8682758808135986,10583
0.8682758808135986,10688
0.9315292835235596,10732
0.9315292835235596,10890
1.0267343521118164,10971
1.0307731628417969,10976
1.0307731628417969,11056
1.0307731628417969,11171
1.041290521621704,11178
1.7994663715362549,11190
2.691823959350586,11273
2.7699880599975586,11384
2.9895517826080322,11456
2.9895517826080322,11559
3.0051841735839844,11687
3.0680735111236572,11689
9.716723203659058,11779
9.716723203659058,11870
9.716723203659058,11978
10.077658891677856,12078
11.745027780532837,12090
14.732481479644775,12187
