0.0,210
0.0,225
0.0,233
0.0,305
0.0,322
0.0,383
0.0,441
0.0,446
0.0,475
0.0,524
0.0,596
0.0,674
0.004004001617431641,704
0.004004001617431641,744
0.004004001617431641,770
0.004004001617431641,824
0.004004001617431641,836
0.02764415740966797,865
0.02764415740966797,878
0.02764415740966797,915
0.05128002166748047,923
0.05128002166748047,939
0.05128002166748047,947
0.05128002166748047,961
0.05128002166748047,964
0.06880307197570801,997
0.08281898498535156,999
0.08281898498535156,1016
0.09846305847167969,1018
