0.0,209.0
0.0,249.0
0.0,339.0
0.0,400.0
0.0,446.0
0.0,521.0
0.0,550.0
0.0005090236663818359,593.0
0.0005090236663818359,608.0
0.0005090236663818359,654.0
0.0005090236663818359,662.0
0.0005090236663818359,680.0
0.0005090236663818359,688.0
0.0005090236663818359,695.0
0.0005090236663818359,713.0
0.0005090236663818359,753.0
0.0005090236663818359,799.0
0.00736546516418457,823.0
0.00736546516418457,863.0
0.007660627365112305,890.0
0.008707046508789062,917.0
0.05629777908325195,988.0
0.08816885948181152,1019.0
0.11408543586730957,1025.0
